[0.061s] Invoking command in '/home/sagittarius/ROS2_CM/ros/ros2_ws/build/hellocm': AMENT_PREFIX_PATH=/home/sagittarius/ROS2_CM/ros/ros2_ws/install/hellocm_msgs:${AMENT_PREFIX_PATH} CMAKE_PREFIX_PATH=/home/sagittarius/ROS2_CM/ros/ros2_ws/install/hellocm_msgs:/opt/ros/ros2 LD_LIBRARY_PATH=/home/sagittarius/ROS2_CM/ros/ros2_ws/install/hellocm_msgs/lib:${LD_LIBRARY_PATH} PYTHONPATH=/home/sagittarius/ROS2_CM/ros/ros2_ws/install/hellocm_msgs/local/lib/python3.10/dist-packages:${PYTHONPATH} /usr/bin/cmake /home/sagittarius/ROS2_CM/ros/ros2_ws/src/hellocm -DCMAKE_INSTALL_PREFIX=/home/sagittarius/ROS2_CM/ros/ros2_ws/install/hellocm
[0.068s] -- Found ament_cmake: 1.3.5 (/opt/ros/humble/share/ament_cmake/cmake)
[0.160s] -- Found rclcpp: 16.0.6 (/opt/ros/humble/share/rclcpp/cmake)
[0.179s] -- Found rosidl_generator_c: 3.1.5 (/opt/ros/humble/share/rosidl_generator_c/cmake)
[0.180s] -- Found rosidl_adapter: 3.1.5 (/opt/ros/humble/share/rosidl_adapter/cmake)
[0.184s] -- Found rosidl_generator_cpp: 3.1.5 (/opt/ros/humble/share/rosidl_generator_cpp/cmake)
[0.191s] -- Using all available rosidl_typesupport_c: rosidl_typesupport_fastrtps_c;rosidl_typesupport_introspection_c
[0.201s] -- Using all available rosidl_typesupport_cpp: rosidl_typesupport_fastrtps_cpp;rosidl_typesupport_introspection_cpp
[0.238s] -- Found rmw_implementation_cmake: 6.1.1 (/opt/ros/humble/share/rmw_implementation_cmake/cmake)
[0.239s] -- Found rmw_fastrtps_cpp: 6.2.4 (/opt/ros/humble/share/rmw_fastrtps_cpp/cmake)
[0.314s] -- Using RMW implementation 'rmw_fastrtps_cpp' as default
[0.417s] -- Found hellocm_msgs: 0.1.0 (/home/sagittarius/ROS2_CM/ros/ros2_ws/install/hellocm_msgs/share/hellocm_msgs/cmake)
[0.460s] -- Found ament_lint_auto: 0.12.8 (/opt/ros/humble/share/ament_lint_auto/cmake)
[0.504s] -- Added test 'copyright' to check source files copyright and LICENSE
[0.504s] -- Added test 'cppcheck' to perform static code analysis on C / C++ code
[0.504s] -- Configured cppcheck include dirs: 
[0.505s] -- Configured cppcheck exclude dirs and/or files: 
[0.505s] -- Added test 'cpplint' to check C / C++ code against the Google style
[0.505s] -- Configured cpplint exclude dirs and/or files: 
[0.505s] -- Added test 'flake8' to check Python code syntax and style conventions
[0.505s] -- Added test 'lint_cmake' to check CMake code style
[0.505s] -- Added test 'pep257' to check Python code against some of the docstring style conventions in PEP 257
[0.506s] -- Added test 'uncrustify' to check C / C++ code style
[0.506s] -- Configured uncrustify additional arguments: 
[0.506s] -- Added test 'xmllint' to check XML markup files
[0.506s] -- Configuring done
[0.512s] -- Generating done
[0.512s] -- Build files have been written to: /home/sagittarius/ROS2_CM/ros/ros2_ws/build/hellocm
[0.518s] Invoked command in '/home/sagittarius/ROS2_CM/ros/ros2_ws/build/hellocm' returned '0': AMENT_PREFIX_PATH=/home/sagittarius/ROS2_CM/ros/ros2_ws/install/hellocm_msgs:${AMENT_PREFIX_PATH} CMAKE_PREFIX_PATH=/home/sagittarius/ROS2_CM/ros/ros2_ws/install/hellocm_msgs:/opt/ros/ros2 LD_LIBRARY_PATH=/home/sagittarius/ROS2_CM/ros/ros2_ws/install/hellocm_msgs/lib:${LD_LIBRARY_PATH} PYTHONPATH=/home/sagittarius/ROS2_CM/ros/ros2_ws/install/hellocm_msgs/local/lib/python3.10/dist-packages:${PYTHONPATH} /usr/bin/cmake /home/sagittarius/ROS2_CM/ros/ros2_ws/src/hellocm -DCMAKE_INSTALL_PREFIX=/home/sagittarius/ROS2_CM/ros/ros2_ws/install/hellocm
[0.519s] Invoking command in '/home/sagittarius/ROS2_CM/ros/ros2_ws/build/hellocm': AMENT_PREFIX_PATH=/home/sagittarius/ROS2_CM/ros/ros2_ws/install/hellocm_msgs:${AMENT_PREFIX_PATH} CMAKE_PREFIX_PATH=/home/sagittarius/ROS2_CM/ros/ros2_ws/install/hellocm_msgs:/opt/ros/ros2 LD_LIBRARY_PATH=/home/sagittarius/ROS2_CM/ros/ros2_ws/install/hellocm_msgs/lib:${LD_LIBRARY_PATH} PYTHONPATH=/home/sagittarius/ROS2_CM/ros/ros2_ws/install/hellocm_msgs/local/lib/python3.10/dist-packages:${PYTHONPATH} /usr/bin/cmake --build /home/sagittarius/ROS2_CM/ros/ros2_ws/build/hellocm -- -j20 -l20
[0.542s] [35m[1mConsolidate compiler generated dependencies of target hellocm[0m
[0.552s] [100%] Built target hellocm
[0.559s] Invoked command in '/home/sagittarius/ROS2_CM/ros/ros2_ws/build/hellocm' returned '0': AMENT_PREFIX_PATH=/home/sagittarius/ROS2_CM/ros/ros2_ws/install/hellocm_msgs:${AMENT_PREFIX_PATH} CMAKE_PREFIX_PATH=/home/sagittarius/ROS2_CM/ros/ros2_ws/install/hellocm_msgs:/opt/ros/ros2 LD_LIBRARY_PATH=/home/sagittarius/ROS2_CM/ros/ros2_ws/install/hellocm_msgs/lib:${LD_LIBRARY_PATH} PYTHONPATH=/home/sagittarius/ROS2_CM/ros/ros2_ws/install/hellocm_msgs/local/lib/python3.10/dist-packages:${PYTHONPATH} /usr/bin/cmake --build /home/sagittarius/ROS2_CM/ros/ros2_ws/build/hellocm -- -j20 -l20
[0.574s] Invoking command in '/home/sagittarius/ROS2_CM/ros/ros2_ws/build/hellocm': AMENT_PREFIX_PATH=/home/sagittarius/ROS2_CM/ros/ros2_ws/install/hellocm_msgs:${AMENT_PREFIX_PATH} CMAKE_PREFIX_PATH=/home/sagittarius/ROS2_CM/ros/ros2_ws/install/hellocm_msgs:/opt/ros/ros2 LD_LIBRARY_PATH=/home/sagittarius/ROS2_CM/ros/ros2_ws/install/hellocm_msgs/lib:${LD_LIBRARY_PATH} PYTHONPATH=/home/sagittarius/ROS2_CM/ros/ros2_ws/install/hellocm_msgs/local/lib/python3.10/dist-packages:${PYTHONPATH} /usr/bin/cmake --install /home/sagittarius/ROS2_CM/ros/ros2_ws/build/hellocm
[0.578s] -- Install configuration: ""
[0.578s] -- Up-to-date: /home/sagittarius/ROS2_CM/ros/ros2_ws/install/hellocm/lib/hellocm/hellocm
[0.578s] -- Up-to-date: /home/sagittarius/ROS2_CM/ros/ros2_ws/install/hellocm/share/hellocm//launch
[0.578s] -- Up-to-date: /home/sagittarius/ROS2_CM/ros/ros2_ws/install/hellocm/share/hellocm//launch/hellocm.launch.xml
[0.578s] -- Up-to-date: /home/sagittarius/ROS2_CM/ros/ros2_ws/install/hellocm/share/hellocm//launch/hellocm.launch.py
[0.578s] -- Up-to-date: /home/sagittarius/ROS2_CM/ros/ros2_ws/install/hellocm/share/ament_index/resource_index/package_run_dependencies/hellocm
[0.578s] -- Installing: /home/sagittarius/ROS2_CM/ros/ros2_ws/install/hellocm/share/ament_index/resource_index/parent_prefix_path/hellocm
[0.578s] -- Up-to-date: /home/sagittarius/ROS2_CM/ros/ros2_ws/install/hellocm/share/hellocm/environment/ament_prefix_path.sh
[0.578s] -- Installing: /home/sagittarius/ROS2_CM/ros/ros2_ws/install/hellocm/share/hellocm/environment/ament_prefix_path.dsv
[0.578s] -- Up-to-date: /home/sagittarius/ROS2_CM/ros/ros2_ws/install/hellocm/share/hellocm/environment/path.sh
[0.578s] -- Installing: /home/sagittarius/ROS2_CM/ros/ros2_ws/install/hellocm/share/hellocm/environment/path.dsv
[0.579s] -- Up-to-date: /home/sagittarius/ROS2_CM/ros/ros2_ws/install/hellocm/share/hellocm/local_setup.bash
[0.579s] -- Up-to-date: /home/sagittarius/ROS2_CM/ros/ros2_ws/install/hellocm/share/hellocm/local_setup.sh
[0.579s] -- Up-to-date: /home/sagittarius/ROS2_CM/ros/ros2_ws/install/hellocm/share/hellocm/local_setup.zsh
[0.579s] -- Installing: /home/sagittarius/ROS2_CM/ros/ros2_ws/install/hellocm/share/hellocm/local_setup.dsv
[0.579s] -- Installing: /home/sagittarius/ROS2_CM/ros/ros2_ws/install/hellocm/share/hellocm/package.dsv
[0.579s] -- Up-to-date: /home/sagittarius/ROS2_CM/ros/ros2_ws/install/hellocm/share/ament_index/resource_index/packages/hellocm
[0.579s] -- Up-to-date: /home/sagittarius/ROS2_CM/ros/ros2_ws/install/hellocm/share/hellocm/cmake/hellocmConfig.cmake
[0.579s] -- Up-to-date: /home/sagittarius/ROS2_CM/ros/ros2_ws/install/hellocm/share/hellocm/cmake/hellocmConfig-version.cmake
[0.579s] -- Up-to-date: /home/sagittarius/ROS2_CM/ros/ros2_ws/install/hellocm/share/hellocm/package.xml
[0.580s] Invoked command in '/home/sagittarius/ROS2_CM/ros/ros2_ws/build/hellocm' returned '0': AMENT_PREFIX_PATH=/home/sagittarius/ROS2_CM/ros/ros2_ws/install/hellocm_msgs:${AMENT_PREFIX_PATH} CMAKE_PREFIX_PATH=/home/sagittarius/ROS2_CM/ros/ros2_ws/install/hellocm_msgs:/opt/ros/ros2 LD_LIBRARY_PATH=/home/sagittarius/ROS2_CM/ros/ros2_ws/install/hellocm_msgs/lib:${LD_LIBRARY_PATH} PYTHONPATH=/home/sagittarius/ROS2_CM/ros/ros2_ws/install/hellocm_msgs/local/lib/python3.10/dist-packages:${PYTHONPATH} /usr/bin/cmake --install /home/sagittarius/ROS2_CM/ros/ros2_ws/build/hellocm
