[0.036s] Invoking command in '/home/sagittarius/ROS2_CM/ros/ros2_ws/build/cmnode_hellocm': AMENT_PREFIX_PATH=/home/sagittarius/ROS2_CM/ros/ros2_ws/install/hellocm_msgs:/home/sagittarius/ROS2_CM/ros/ros2_ws/install/cmrosutils:${AMENT_PREFIX_PATH} CMAKE_PREFIX_PATH=/home/sagittarius/ROS2_CM/ros/ros2_ws/install/hellocm_msgs:/home/sagittarius/ROS2_CM/ros/ros2_ws/install/cmrosutils:/opt/ros/humble:/opt/ros/ros2 LD_LIBRARY_PATH=/home/sagittarius/ROS2_CM/ros/ros2_ws/install/hellocm_msgs/lib:/home/sagittarius/ROS2_CM/ros/ros2_ws/install/cmrosutils/lib:${LD_LIBRARY_PATH} PYTHONPATH=/home/sagittarius/ROS2_CM/ros/ros2_ws/install/hellocm_msgs/local/lib/python3.10/dist-packages:/home/sagittarius/ROS2_CM/ros/ros2_ws/install/cmrosutils/local/lib/python3.10/dist-packages:${PYTHONPATH} /usr/bin/cmake /home/sagittarius/ROS2_CM/ros/ros2_ws/src/cmnode_hellocm -DCARMAKER_VER:STRING=12.0.1 -DCARMAKER_DIR:PATH=/opt/ipg/carmaker/linux64-12.0.1 --no-warn-unused-cli -DCMAKE_INSTALL_PREFIX=/home/sagittarius/ROS2_CM/ros/ros2_ws/install/cmnode_hellocm
[0.040s] Not searching for unused variables given on the command line.
[0.070s] -- The C compiler identification is GNU 11.4.0
[0.105s] -- The CXX compiler identification is GNU 11.4.0
[0.110s] -- Detecting C compiler ABI info
[0.153s] -- Detecting C compiler ABI info - done
[0.158s] -- Check for working C compiler: /usr/bin/cc - skipped
[0.158s] -- Detecting C compile features
[0.158s] -- Detecting C compile features - done
[0.161s] -- Detecting CXX compiler ABI info
[0.211s] -- Detecting CXX compiler ABI info - done
[0.216s] -- Check for working CXX compiler: /usr/bin/c++ - skipped
[0.216s] -- Detecting CXX compile features
[0.216s] -- Detecting CXX compile features - done
[0.218s] -- Found ament_cmake: 1.3.5 (/opt/ros/humble/share/ament_cmake/cmake)
[0.337s] -- Found Python3: /usr/bin/python3.10 (found version "3.10.12") found components: Interpreter 
[0.392s] -- Found rclcpp: 16.0.6 (/opt/ros/humble/share/rclcpp/cmake)
[0.418s] -- Found rosidl_generator_c: 3.1.5 (/opt/ros/humble/share/rosidl_generator_c/cmake)
[0.420s] -- Found rosidl_adapter: 3.1.5 (/opt/ros/humble/share/rosidl_adapter/cmake)
[0.425s] -- Found rosidl_generator_cpp: 3.1.5 (/opt/ros/humble/share/rosidl_generator_cpp/cmake)
[0.434s] -- Using all available rosidl_typesupport_c: rosidl_typesupport_fastrtps_c;rosidl_typesupport_introspection_c
[0.446s] -- Using all available rosidl_typesupport_cpp: rosidl_typesupport_fastrtps_cpp;rosidl_typesupport_introspection_cpp
[0.489s] -- Found rmw_implementation_cmake: 6.1.1 (/opt/ros/humble/share/rmw_implementation_cmake/cmake)
[0.491s] -- Found rmw_fastrtps_cpp: 6.2.4 (/opt/ros/humble/share/rmw_fastrtps_cpp/cmake)
[0.551s] -- Found OpenSSL: /usr/lib/x86_64-linux-gnu/libcrypto.so (found version "3.0.2")  
[0.570s] -- Found FastRTPS: /opt/ros/humble/include  
[0.601s] -- Using RMW implementation 'rmw_fastrtps_cpp' as default
[0.607s] -- Looking for pthread.h
[0.653s] -- Looking for pthread.h - found
[0.653s] -- Performing Test CMAKE_HAVE_LIBC_PTHREAD
[0.701s] -- Performing Test CMAKE_HAVE_LIBC_PTHREAD - Success
[0.701s] -- Found Threads: TRUE  
[0.805s] -- Found cmrosutils: 0.1.0 (/home/sagittarius/ROS2_CM/ros/ros2_ws/install/cmrosutils/share/cmrosutils/cmake)
[0.825s] -- Found hellocm_msgs: 0.1.0 (/home/sagittarius/ROS2_CM/ros/ros2_ws/install/hellocm_msgs/share/hellocm_msgs/cmake)
[0.870s] -- Found ament_lint_auto: 0.12.8 (/opt/ros/humble/share/ament_lint_auto/cmake)
[0.921s] -- Added test 'copyright' to check source files copyright and LICENSE
[0.921s] -- Added test 'cppcheck' to perform static code analysis on C / C++ code
[0.922s] -- Configured cppcheck include dirs: 
[0.922s] -- Configured cppcheck exclude dirs and/or files: 
[0.922s] -- Added test 'cpplint' to check C / C++ code against the Google style
[0.922s] -- Configured cpplint exclude dirs and/or files: 
[0.922s] -- Added test 'lint_cmake' to check CMake code style
[0.923s] -- Added test 'uncrustify' to check C / C++ code style
[0.923s] -- Configured uncrustify additional arguments: 
[0.923s] -- Added test 'xmllint' to check XML markup files
[0.924s] -- Configuring done
[0.930s] -- Generating done
[0.931s] -- Build files have been written to: /home/sagittarius/ROS2_CM/ros/ros2_ws/build/cmnode_hellocm
[0.936s] Invoked command in '/home/sagittarius/ROS2_CM/ros/ros2_ws/build/cmnode_hellocm' returned '0': AMENT_PREFIX_PATH=/home/sagittarius/ROS2_CM/ros/ros2_ws/install/hellocm_msgs:/home/sagittarius/ROS2_CM/ros/ros2_ws/install/cmrosutils:${AMENT_PREFIX_PATH} CMAKE_PREFIX_PATH=/home/sagittarius/ROS2_CM/ros/ros2_ws/install/hellocm_msgs:/home/sagittarius/ROS2_CM/ros/ros2_ws/install/cmrosutils:/opt/ros/humble:/opt/ros/ros2 LD_LIBRARY_PATH=/home/sagittarius/ROS2_CM/ros/ros2_ws/install/hellocm_msgs/lib:/home/sagittarius/ROS2_CM/ros/ros2_ws/install/cmrosutils/lib:${LD_LIBRARY_PATH} PYTHONPATH=/home/sagittarius/ROS2_CM/ros/ros2_ws/install/hellocm_msgs/local/lib/python3.10/dist-packages:/home/sagittarius/ROS2_CM/ros/ros2_ws/install/cmrosutils/local/lib/python3.10/dist-packages:${PYTHONPATH} /usr/bin/cmake /home/sagittarius/ROS2_CM/ros/ros2_ws/src/cmnode_hellocm -DCARMAKER_VER:STRING=12.0.1 -DCARMAKER_DIR:PATH=/opt/ipg/carmaker/linux64-12.0.1 --no-warn-unused-cli -DCMAKE_INSTALL_PREFIX=/home/sagittarius/ROS2_CM/ros/ros2_ws/install/cmnode_hellocm
[0.937s] Invoking command in '/home/sagittarius/ROS2_CM/ros/ros2_ws/build/cmnode_hellocm': AMENT_PREFIX_PATH=/home/sagittarius/ROS2_CM/ros/ros2_ws/install/hellocm_msgs:/home/sagittarius/ROS2_CM/ros/ros2_ws/install/cmrosutils:${AMENT_PREFIX_PATH} CMAKE_PREFIX_PATH=/home/sagittarius/ROS2_CM/ros/ros2_ws/install/hellocm_msgs:/home/sagittarius/ROS2_CM/ros/ros2_ws/install/cmrosutils:/opt/ros/humble:/opt/ros/ros2 LD_LIBRARY_PATH=/home/sagittarius/ROS2_CM/ros/ros2_ws/install/hellocm_msgs/lib:/home/sagittarius/ROS2_CM/ros/ros2_ws/install/cmrosutils/lib:${LD_LIBRARY_PATH} PYTHONPATH=/home/sagittarius/ROS2_CM/ros/ros2_ws/install/hellocm_msgs/local/lib/python3.10/dist-packages:/home/sagittarius/ROS2_CM/ros/ros2_ws/install/cmrosutils/local/lib/python3.10/dist-packages:${PYTHONPATH} /usr/bin/cmake --build /home/sagittarius/ROS2_CM/ros/ros2_ws/build/cmnode_hellocm -- -j20 -l20
[0.944s] gmake[1]: Entering directory '/home/sagittarius/ROS2_CM/ros/ros2_ws/build/cmnode_hellocm'
[0.956s] gmake[2]: Entering directory '/home/sagittarius/ROS2_CM/ros/ros2_ws/build/cmnode_hellocm'
[0.957s] gmake[3]: Entering directory '/home/sagittarius/ROS2_CM/ros/ros2_ws/build/cmnode_hellocm'
[0.963s] gmake[3]: Leaving directory '/home/sagittarius/ROS2_CM/ros/ros2_ws/build/cmnode_hellocm'
[0.964s] gmake[3]: Entering directory '/home/sagittarius/ROS2_CM/ros/ros2_ws/build/cmnode_hellocm'
[0.969s] [ 50%] [32mBuilding CXX object CMakeFiles/cmnode_hellocm.dir/src/cmnode_hellocm.cpp.o[0m
[6.526s] [100%] [32m[1mLinking CXX shared library libcmnode_hellocm.so[0m
[6.808s] gmake[3]: Leaving directory '/home/sagittarius/ROS2_CM/ros/ros2_ws/build/cmnode_hellocm'
[6.813s] [100%] Built target cmnode_hellocm
[6.814s] gmake[2]: Leaving directory '/home/sagittarius/ROS2_CM/ros/ros2_ws/build/cmnode_hellocm'
[6.819s] gmake[1]: Leaving directory '/home/sagittarius/ROS2_CM/ros/ros2_ws/build/cmnode_hellocm'
[6.821s] Invoked command in '/home/sagittarius/ROS2_CM/ros/ros2_ws/build/cmnode_hellocm' returned '0': AMENT_PREFIX_PATH=/home/sagittarius/ROS2_CM/ros/ros2_ws/install/hellocm_msgs:/home/sagittarius/ROS2_CM/ros/ros2_ws/install/cmrosutils:${AMENT_PREFIX_PATH} CMAKE_PREFIX_PATH=/home/sagittarius/ROS2_CM/ros/ros2_ws/install/hellocm_msgs:/home/sagittarius/ROS2_CM/ros/ros2_ws/install/cmrosutils:/opt/ros/humble:/opt/ros/ros2 LD_LIBRARY_PATH=/home/sagittarius/ROS2_CM/ros/ros2_ws/install/hellocm_msgs/lib:/home/sagittarius/ROS2_CM/ros/ros2_ws/install/cmrosutils/lib:${LD_LIBRARY_PATH} PYTHONPATH=/home/sagittarius/ROS2_CM/ros/ros2_ws/install/hellocm_msgs/local/lib/python3.10/dist-packages:/home/sagittarius/ROS2_CM/ros/ros2_ws/install/cmrosutils/local/lib/python3.10/dist-packages:${PYTHONPATH} /usr/bin/cmake --build /home/sagittarius/ROS2_CM/ros/ros2_ws/build/cmnode_hellocm -- -j20 -l20
[6.838s] Invoking command in '/home/sagittarius/ROS2_CM/ros/ros2_ws/build/cmnode_hellocm': AMENT_PREFIX_PATH=/home/sagittarius/ROS2_CM/ros/ros2_ws/install/hellocm_msgs:/home/sagittarius/ROS2_CM/ros/ros2_ws/install/cmrosutils:${AMENT_PREFIX_PATH} CMAKE_PREFIX_PATH=/home/sagittarius/ROS2_CM/ros/ros2_ws/install/hellocm_msgs:/home/sagittarius/ROS2_CM/ros/ros2_ws/install/cmrosutils:/opt/ros/humble:/opt/ros/ros2 LD_LIBRARY_PATH=/home/sagittarius/ROS2_CM/ros/ros2_ws/install/hellocm_msgs/lib:/home/sagittarius/ROS2_CM/ros/ros2_ws/install/cmrosutils/lib:${LD_LIBRARY_PATH} PYTHONPATH=/home/sagittarius/ROS2_CM/ros/ros2_ws/install/hellocm_msgs/local/lib/python3.10/dist-packages:/home/sagittarius/ROS2_CM/ros/ros2_ws/install/cmrosutils/local/lib/python3.10/dist-packages:${PYTHONPATH} /usr/bin/cmake --install /home/sagittarius/ROS2_CM/ros/ros2_ws/build/cmnode_hellocm
[6.842s] -- Install configuration: ""
[6.842s] -- Installing: /home/sagittarius/ROS2_CM/ros/ros2_ws/install/cmnode_hellocm/lib/libcmnode_hellocm.so
[6.849s] -- Set runtime path of "/home/sagittarius/ROS2_CM/ros/ros2_ws/install/cmnode_hellocm/lib/libcmnode_hellocm.so" to ""
[6.849s] -- Installing: /home/sagittarius/ROS2_CM/ros/ros2_ws/install/cmnode_hellocm/share/cmnode_hellocm/environment/library_path.sh
[6.849s] -- Installing: /home/sagittarius/ROS2_CM/ros/ros2_ws/install/cmnode_hellocm/share/cmnode_hellocm/environment/library_path.dsv
[6.849s] -- Installing: /home/sagittarius/ROS2_CM/ros/ros2_ws/install/cmnode_hellocm/share/ament_index/resource_index/package_run_dependencies/cmnode_hellocm
[6.849s] -- Installing: /home/sagittarius/ROS2_CM/ros/ros2_ws/install/cmnode_hellocm/share/ament_index/resource_index/parent_prefix_path/cmnode_hellocm
[6.849s] -- Installing: /home/sagittarius/ROS2_CM/ros/ros2_ws/install/cmnode_hellocm/share/cmnode_hellocm/environment/ament_prefix_path.sh
[6.849s] -- Installing: /home/sagittarius/ROS2_CM/ros/ros2_ws/install/cmnode_hellocm/share/cmnode_hellocm/environment/ament_prefix_path.dsv
[6.849s] -- Installing: /home/sagittarius/ROS2_CM/ros/ros2_ws/install/cmnode_hellocm/share/cmnode_hellocm/environment/path.sh
[6.849s] -- Installing: /home/sagittarius/ROS2_CM/ros/ros2_ws/install/cmnode_hellocm/share/cmnode_hellocm/environment/path.dsv
[6.849s] -- Installing: /home/sagittarius/ROS2_CM/ros/ros2_ws/install/cmnode_hellocm/share/cmnode_hellocm/local_setup.bash
[6.849s] -- Installing: /home/sagittarius/ROS2_CM/ros/ros2_ws/install/cmnode_hellocm/share/cmnode_hellocm/local_setup.sh
[6.849s] -- Installing: /home/sagittarius/ROS2_CM/ros/ros2_ws/install/cmnode_hellocm/share/cmnode_hellocm/local_setup.zsh
[6.850s] -- Installing: /home/sagittarius/ROS2_CM/ros/ros2_ws/install/cmnode_hellocm/share/cmnode_hellocm/local_setup.dsv
[6.850s] -- Installing: /home/sagittarius/ROS2_CM/ros/ros2_ws/install/cmnode_hellocm/share/cmnode_hellocm/package.dsv
[6.850s] -- Installing: /home/sagittarius/ROS2_CM/ros/ros2_ws/install/cmnode_hellocm/share/ament_index/resource_index/packages/cmnode_hellocm
[6.850s] -- Installing: /home/sagittarius/ROS2_CM/ros/ros2_ws/install/cmnode_hellocm/share/cmnode_hellocm/cmake/ament_cmake_export_libraries-extras.cmake
[6.850s] -- Installing: /home/sagittarius/ROS2_CM/ros/ros2_ws/install/cmnode_hellocm/share/cmnode_hellocm/cmake/ament_cmake_export_dependencies-extras.cmake
[6.850s] -- Installing: /home/sagittarius/ROS2_CM/ros/ros2_ws/install/cmnode_hellocm/share/cmnode_hellocm/cmake/cmnode_hellocmConfig.cmake
[6.850s] -- Installing: /home/sagittarius/ROS2_CM/ros/ros2_ws/install/cmnode_hellocm/share/cmnode_hellocm/cmake/cmnode_hellocmConfig-version.cmake
[6.850s] -- Installing: /home/sagittarius/ROS2_CM/ros/ros2_ws/install/cmnode_hellocm/share/cmnode_hellocm/package.xml
[6.852s] Invoked command in '/home/sagittarius/ROS2_CM/ros/ros2_ws/build/cmnode_hellocm' returned '0': AMENT_PREFIX_PATH=/home/sagittarius/ROS2_CM/ros/ros2_ws/install/hellocm_msgs:/home/sagittarius/ROS2_CM/ros/ros2_ws/install/cmrosutils:${AMENT_PREFIX_PATH} CMAKE_PREFIX_PATH=/home/sagittarius/ROS2_CM/ros/ros2_ws/install/hellocm_msgs:/home/sagittarius/ROS2_CM/ros/ros2_ws/install/cmrosutils:/opt/ros/humble:/opt/ros/ros2 LD_LIBRARY_PATH=/home/sagittarius/ROS2_CM/ros/ros2_ws/install/hellocm_msgs/lib:/home/sagittarius/ROS2_CM/ros/ros2_ws/install/cmrosutils/lib:${LD_LIBRARY_PATH} PYTHONPATH=/home/sagittarius/ROS2_CM/ros/ros2_ws/install/hellocm_msgs/local/lib/python3.10/dist-packages:/home/sagittarius/ROS2_CM/ros/ros2_ws/install/cmrosutils/local/lib/python3.10/dist-packages:${PYTHONPATH} /usr/bin/cmake --install /home/sagittarius/ROS2_CM/ros/ros2_ws/build/cmnode_hellocm
