[35m[1mConsolidate compiler generated dependencies of target cmnode_hellocm[0m
[100%] Built target cmnode_hellocm
-- Install configuration: ""
-- Up-to-date: /home/sagittarius/ROS2_CM/ros/ros2_ws/install/cmnode_hellocm/lib/libcmnode_hellocm.so
-- Up-to-date: /home/sagittarius/ROS2_CM/ros/ros2_ws/install/cmnode_hellocm/share/cmnode_hellocm/environment/library_path.sh
-- Up-to-date: /home/sagittarius/ROS2_CM/ros/ros2_ws/install/cmnode_hellocm/share/cmnode_hellocm/environment/library_path.dsv
-- Up-to-date: /home/sagittarius/ROS2_CM/ros/ros2_ws/install/cmnode_hellocm/share/ament_index/resource_index/package_run_dependencies/cmnode_hellocm
-- Up-to-date: /home/sagittarius/ROS2_CM/ros/ros2_ws/install/cmnode_hellocm/share/ament_index/resource_index/parent_prefix_path/cmnode_hellocm
-- Up-to-date: /home/sagittarius/ROS2_CM/ros/ros2_ws/install/cmnode_hellocm/share/cmnode_hellocm/environment/ament_prefix_path.sh
-- Up-to-date: /home/sagittarius/ROS2_CM/ros/ros2_ws/install/cmnode_hellocm/share/cmnode_hellocm/environment/ament_prefix_path.dsv
-- Up-to-date: /home/sagittarius/ROS2_CM/ros/ros2_ws/install/cmnode_hellocm/share/cmnode_hellocm/environment/path.sh
-- Up-to-date: /home/sagittarius/ROS2_CM/ros/ros2_ws/install/cmnode_hellocm/share/cmnode_hellocm/environment/path.dsv
-- Up-to-date: /home/sagittarius/ROS2_CM/ros/ros2_ws/install/cmnode_hellocm/share/cmnode_hellocm/local_setup.bash
-- Up-to-date: /home/sagittarius/ROS2_CM/ros/ros2_ws/install/cmnode_hellocm/share/cmnode_hellocm/local_setup.sh
-- Up-to-date: /home/sagittarius/ROS2_CM/ros/ros2_ws/install/cmnode_hellocm/share/cmnode_hellocm/local_setup.zsh
-- Up-to-date: /home/sagittarius/ROS2_CM/ros/ros2_ws/install/cmnode_hellocm/share/cmnode_hellocm/local_setup.dsv
-- Installing: /home/sagittarius/ROS2_CM/ros/ros2_ws/install/cmnode_hellocm/share/cmnode_hellocm/package.dsv
-- Up-to-date: /home/sagittarius/ROS2_CM/ros/ros2_ws/install/cmnode_hellocm/share/ament_index/resource_index/packages/cmnode_hellocm
-- Up-to-date: /home/sagittarius/ROS2_CM/ros/ros2_ws/install/cmnode_hellocm/share/cmnode_hellocm/cmake/ament_cmake_export_libraries-extras.cmake
-- Up-to-date: /home/sagittarius/ROS2_CM/ros/ros2_ws/install/cmnode_hellocm/share/cmnode_hellocm/cmake/ament_cmake_export_dependencies-extras.cmake
-- Up-to-date: /home/sagittarius/ROS2_CM/ros/ros2_ws/install/cmnode_hellocm/share/cmnode_hellocm/cmake/cmnode_hellocmConfig.cmake
-- Up-to-date: /home/sagittarius/ROS2_CM/ros/ros2_ws/install/cmnode_hellocm/share/cmnode_hellocm/cmake/cmnode_hellocmConfig-version.cmake
-- Up-to-date: /home/sagittarius/ROS2_CM/ros/ros2_ws/install/cmnode_hellocm/share/cmnode_hellocm/package.xml
