[0.063s] Invoking command in '/home/sagittarius/ROS2_CM/ros/ros2_ws/build/cmnode_hellocm': AMENT_PREFIX_PATH=/home/sagittarius/ROS2_CM/ros/ros2_ws/install/hellocm_msgs:/home/sagittarius/ROS2_CM/ros/ros2_ws/install/cmrosutils:${AMENT_PREFIX_PATH} CMAKE_PREFIX_PATH=/home/sagittarius/ROS2_CM/ros/ros2_ws/install/hellocm_msgs:/home/sagittarius/ROS2_CM/ros/ros2_ws/install/cmrosutils:/opt/ros/humble:/opt/ros/ros2 LD_LIBRARY_PATH=/home/sagittarius/ROS2_CM/ros/ros2_ws/install/hellocm_msgs/lib:/home/sagittarius/ROS2_CM/ros/ros2_ws/install/cmrosutils/lib:${LD_LIBRARY_PATH} PYTHONPATH=/home/sagittarius/ROS2_CM/ros/ros2_ws/install/hellocm_msgs/local/lib/python3.10/dist-packages:/home/sagittarius/ROS2_CM/ros/ros2_ws/install/cmrosutils/local/lib/python3.10/dist-packages:${PYTHONPATH} /usr/bin/cmake --build /home/sagittarius/ROS2_CM/ros/ros2_ws/build/cmnode_hellocm -- -j20 -l20
[0.087s] [35m[1mConsolidate compiler generated dependencies of target cmnode_hellocm[0m
[0.097s] [100%] Built target cmnode_hellocm
[0.104s] Invoked command in '/home/sagittarius/ROS2_CM/ros/ros2_ws/build/cmnode_hellocm' returned '0': AMENT_PREFIX_PATH=/home/sagittarius/ROS2_CM/ros/ros2_ws/install/hellocm_msgs:/home/sagittarius/ROS2_CM/ros/ros2_ws/install/cmrosutils:${AMENT_PREFIX_PATH} CMAKE_PREFIX_PATH=/home/sagittarius/ROS2_CM/ros/ros2_ws/install/hellocm_msgs:/home/sagittarius/ROS2_CM/ros/ros2_ws/install/cmrosutils:/opt/ros/humble:/opt/ros/ros2 LD_LIBRARY_PATH=/home/sagittarius/ROS2_CM/ros/ros2_ws/install/hellocm_msgs/lib:/home/sagittarius/ROS2_CM/ros/ros2_ws/install/cmrosutils/lib:${LD_LIBRARY_PATH} PYTHONPATH=/home/sagittarius/ROS2_CM/ros/ros2_ws/install/hellocm_msgs/local/lib/python3.10/dist-packages:/home/sagittarius/ROS2_CM/ros/ros2_ws/install/cmrosutils/local/lib/python3.10/dist-packages:${PYTHONPATH} /usr/bin/cmake --build /home/sagittarius/ROS2_CM/ros/ros2_ws/build/cmnode_hellocm -- -j20 -l20
[0.118s] Invoking command in '/home/sagittarius/ROS2_CM/ros/ros2_ws/build/cmnode_hellocm': AMENT_PREFIX_PATH=/home/sagittarius/ROS2_CM/ros/ros2_ws/install/hellocm_msgs:/home/sagittarius/ROS2_CM/ros/ros2_ws/install/cmrosutils:${AMENT_PREFIX_PATH} CMAKE_PREFIX_PATH=/home/sagittarius/ROS2_CM/ros/ros2_ws/install/hellocm_msgs:/home/sagittarius/ROS2_CM/ros/ros2_ws/install/cmrosutils:/opt/ros/humble:/opt/ros/ros2 LD_LIBRARY_PATH=/home/sagittarius/ROS2_CM/ros/ros2_ws/install/hellocm_msgs/lib:/home/sagittarius/ROS2_CM/ros/ros2_ws/install/cmrosutils/lib:${LD_LIBRARY_PATH} PYTHONPATH=/home/sagittarius/ROS2_CM/ros/ros2_ws/install/hellocm_msgs/local/lib/python3.10/dist-packages:/home/sagittarius/ROS2_CM/ros/ros2_ws/install/cmrosutils/local/lib/python3.10/dist-packages:${PYTHONPATH} /usr/bin/cmake --install /home/sagittarius/ROS2_CM/ros/ros2_ws/build/cmnode_hellocm
[0.124s] -- Install configuration: ""
[0.124s] -- Up-to-date: /home/sagittarius/ROS2_CM/ros/ros2_ws/install/cmnode_hellocm/lib/libcmnode_hellocm.so
[0.124s] -- Up-to-date: /home/sagittarius/ROS2_CM/ros/ros2_ws/install/cmnode_hellocm/share/cmnode_hellocm/environment/library_path.sh
[0.124s] -- Up-to-date: /home/sagittarius/ROS2_CM/ros/ros2_ws/install/cmnode_hellocm/share/cmnode_hellocm/environment/library_path.dsv
[0.124s] -- Up-to-date: /home/sagittarius/ROS2_CM/ros/ros2_ws/install/cmnode_hellocm/share/ament_index/resource_index/package_run_dependencies/cmnode_hellocm
[0.124s] -- Up-to-date: /home/sagittarius/ROS2_CM/ros/ros2_ws/install/cmnode_hellocm/share/ament_index/resource_index/parent_prefix_path/cmnode_hellocm
[0.124s] -- Up-to-date: /home/sagittarius/ROS2_CM/ros/ros2_ws/install/cmnode_hellocm/share/cmnode_hellocm/environment/ament_prefix_path.sh
[0.124s] -- Up-to-date: /home/sagittarius/ROS2_CM/ros/ros2_ws/install/cmnode_hellocm/share/cmnode_hellocm/environment/ament_prefix_path.dsv
[0.124s] -- Up-to-date: /home/sagittarius/ROS2_CM/ros/ros2_ws/install/cmnode_hellocm/share/cmnode_hellocm/environment/path.sh
[0.124s] -- Up-to-date: /home/sagittarius/ROS2_CM/ros/ros2_ws/install/cmnode_hellocm/share/cmnode_hellocm/environment/path.dsv
[0.124s] -- Up-to-date: /home/sagittarius/ROS2_CM/ros/ros2_ws/install/cmnode_hellocm/share/cmnode_hellocm/local_setup.bash
[0.124s] -- Up-to-date: /home/sagittarius/ROS2_CM/ros/ros2_ws/install/cmnode_hellocm/share/cmnode_hellocm/local_setup.sh
[0.124s] -- Up-to-date: /home/sagittarius/ROS2_CM/ros/ros2_ws/install/cmnode_hellocm/share/cmnode_hellocm/local_setup.zsh
[0.124s] -- Up-to-date: /home/sagittarius/ROS2_CM/ros/ros2_ws/install/cmnode_hellocm/share/cmnode_hellocm/local_setup.dsv
[0.124s] -- Installing: /home/sagittarius/ROS2_CM/ros/ros2_ws/install/cmnode_hellocm/share/cmnode_hellocm/package.dsv
[0.124s] -- Up-to-date: /home/sagittarius/ROS2_CM/ros/ros2_ws/install/cmnode_hellocm/share/ament_index/resource_index/packages/cmnode_hellocm
[0.124s] -- Up-to-date: /home/sagittarius/ROS2_CM/ros/ros2_ws/install/cmnode_hellocm/share/cmnode_hellocm/cmake/ament_cmake_export_libraries-extras.cmake
[0.124s] -- Up-to-date: /home/sagittarius/ROS2_CM/ros/ros2_ws/install/cmnode_hellocm/share/cmnode_hellocm/cmake/ament_cmake_export_dependencies-extras.cmake
[0.124s] -- Up-to-date: /home/sagittarius/ROS2_CM/ros/ros2_ws/install/cmnode_hellocm/share/cmnode_hellocm/cmake/cmnode_hellocmConfig.cmake
[0.124s] -- Up-to-date: /home/sagittarius/ROS2_CM/ros/ros2_ws/install/cmnode_hellocm/share/cmnode_hellocm/cmake/cmnode_hellocmConfig-version.cmake
[0.124s] -- Up-to-date: /home/sagittarius/ROS2_CM/ros/ros2_ws/install/cmnode_hellocm/share/cmnode_hellocm/package.xml
[0.126s] Invoked command in '/home/sagittarius/ROS2_CM/ros/ros2_ws/build/cmnode_hellocm' returned '0': AMENT_PREFIX_PATH=/home/sagittarius/ROS2_CM/ros/ros2_ws/install/hellocm_msgs:/home/sagittarius/ROS2_CM/ros/ros2_ws/install/cmrosutils:${AMENT_PREFIX_PATH} CMAKE_PREFIX_PATH=/home/sagittarius/ROS2_CM/ros/ros2_ws/install/hellocm_msgs:/home/sagittarius/ROS2_CM/ros/ros2_ws/install/cmrosutils:/opt/ros/humble:/opt/ros/ros2 LD_LIBRARY_PATH=/home/sagittarius/ROS2_CM/ros/ros2_ws/install/hellocm_msgs/lib:/home/sagittarius/ROS2_CM/ros/ros2_ws/install/cmrosutils/lib:${LD_LIBRARY_PATH} PYTHONPATH=/home/sagittarius/ROS2_CM/ros/ros2_ws/install/hellocm_msgs/local/lib/python3.10/dist-packages:/home/sagittarius/ROS2_CM/ros/ros2_ws/install/cmrosutils/local/lib/python3.10/dist-packages:${PYTHONPATH} /usr/bin/cmake --install /home/sagittarius/ROS2_CM/ros/ros2_ws/build/cmnode_hellocm
