[0.046s] Invoking command in '/home/sagittarius/ROS2_CM/ros/ros2_ws/build/hellocm_msgs': CMAKE_PREFIX_PATH=/opt/ros/ros2 /usr/bin/cmake /home/sagittarius/ROS2_CM/ros/ros2_ws/src/hellocm_msgs -DCMAKE_INSTALL_PREFIX=/home/sagittarius/ROS2_CM/ros/ros2_ws/install/hellocm_msgs
[0.054s] -- Found ament_cmake: 1.3.5 (/opt/ros/humble/share/ament_cmake/cmake)
[0.146s] -- Found rosidl_default_generators: 1.2.0 (/opt/ros/humble/share/rosidl_default_generators/cmake)
[0.147s] -- Using all available rosidl_typesupport_c: rosidl_typesupport_fastrtps_c;rosidl_typesupport_introspection_c
[0.148s] -- Found rosidl_adapter: 3.1.5 (/opt/ros/humble/share/rosidl_adapter/cmake)
[0.168s] -- Using all available rosidl_typesupport_cpp: rosidl_typesupport_fastrtps_cpp;rosidl_typesupport_introspection_cpp
[0.185s] -- Found std_msgs: 4.2.3 (/opt/ros/humble/share/std_msgs/cmake)
[0.395s] -- Found ament_cmake_ros: 0.10.0 (/opt/ros/humble/share/ament_cmake_ros/cmake)
[0.531s] -- Using all available rosidl_typesupport_c: rosidl_typesupport_fastrtps_c;rosidl_typesupport_introspection_c
[0.711s] -- Using all available rosidl_typesupport_cpp: rosidl_typesupport_fastrtps_cpp;rosidl_typesupport_introspection_cpp
[0.727s] -- Found python_cmake_module: 0.10.0 (/opt/ros/humble/share/python_cmake_module/cmake)
[0.741s] -- Using PYTHON_EXECUTABLE: /usr/bin/python3
[0.741s] -- Using PYTHON_INCLUDE_DIRS: /usr/include/python3.10
[0.741s] -- Using PYTHON_LIBRARIES: /usr/lib/x86_64-linux-gnu/libpython3.10.so
[0.757s] -- Found ament_lint_auto: 0.12.8 (/opt/ros/humble/share/ament_lint_auto/cmake)
[0.761s] -- Added test 'copyright' to check source files copyright and LICENSE
[0.762s] -- Added test 'lint_cmake' to check CMake code style
[0.763s] -- Added test 'xmllint' to check XML markup files
[0.763s] -- Configuring done
[0.783s] -- Generating done
[0.784s] -- Build files have been written to: /home/sagittarius/ROS2_CM/ros/ros2_ws/build/hellocm_msgs
[0.790s] Invoked command in '/home/sagittarius/ROS2_CM/ros/ros2_ws/build/hellocm_msgs' returned '0': CMAKE_PREFIX_PATH=/opt/ros/ros2 /usr/bin/cmake /home/sagittarius/ROS2_CM/ros/ros2_ws/src/hellocm_msgs -DCMAKE_INSTALL_PREFIX=/home/sagittarius/ROS2_CM/ros/ros2_ws/install/hellocm_msgs
[0.790s] Invoking command in '/home/sagittarius/ROS2_CM/ros/ros2_ws/build/hellocm_msgs': CMAKE_PREFIX_PATH=/opt/ros/ros2 /usr/bin/cmake --build /home/sagittarius/ROS2_CM/ros/ros2_ws/build/hellocm_msgs -- -j20 -l20
[0.815s] [35m[1mConsolidate compiler generated dependencies of target hellocm_msgs__rosidl_generator_c[0m
[0.819s] [  2%] Built target hellocm_msgs__cpp
[0.822s] [ 12%] Built target hellocm_msgs__rosidl_generator_c
[0.825s] [ 12%] Built target ament_cmake_python_copy_hellocm_msgs
[0.826s] [35m[1mConsolidate compiler generated dependencies of target hellocm_msgs__rosidl_typesupport_fastrtps_cpp[0m
[0.826s] [35m[1mConsolidate compiler generated dependencies of target hellocm_msgs__rosidl_typesupport_introspection_cpp[0m
[0.826s] [35m[1mConsolidate compiler generated dependencies of target hellocm_msgs__rosidl_typesupport_cpp[0m
[0.828s] [35m[1mConsolidate compiler generated dependencies of target hellocm_msgs__rosidl_typesupport_fastrtps_c[0m
[0.829s] [35m[1mConsolidate compiler generated dependencies of target hellocm_msgs__rosidl_typesupport_introspection_c[0m
[0.832s] [35m[1mConsolidate compiler generated dependencies of target hellocm_msgs__rosidl_typesupport_c[0m
[0.834s] [ 34%] Built target hellocm_msgs__rosidl_typesupport_introspection_cpp
[0.834s] [ 34%] Built target hellocm_msgs__rosidl_typesupport_fastrtps_cpp
[0.836s] [ 44%] Built target hellocm_msgs__rosidl_typesupport_cpp
[0.836s] [ 55%] Built target hellocm_msgs__rosidl_typesupport_fastrtps_c
[0.838s] [ 65%] Built target hellocm_msgs__rosidl_typesupport_introspection_c
[0.840s] [ 76%] Built target hellocm_msgs__rosidl_typesupport_c
[0.852s] [ 76%] Built target hellocm_msgs
[0.864s] [ 78%] Built target hellocm_msgs__py
[0.870s] [35m[1mConsolidate compiler generated dependencies of target hellocm_msgs__rosidl_generator_py[0m
[0.879s] [ 87%] Built target hellocm_msgs__rosidl_generator_py
[0.885s] [35m[1mConsolidate compiler generated dependencies of target hellocm_msgs__rosidl_typesupport_introspection_c__pyext[0m
[0.886s] [35m[1mConsolidate compiler generated dependencies of target hellocm_msgs__rosidl_typesupport_fastrtps_c__pyext[0m
[0.889s] [35m[1mConsolidate compiler generated dependencies of target hellocm_msgs__rosidl_typesupport_c__pyext[0m
[0.893s] [ 95%] Built target hellocm_msgs__rosidl_typesupport_introspection_c__pyext
[0.893s] [ 95%] Built target hellocm_msgs__rosidl_typesupport_fastrtps_c__pyext
[0.896s] [100%] Built target hellocm_msgs__rosidl_typesupport_c__pyext
[0.961s] running egg_info
[0.961s] writing hellocm_msgs.egg-info/PKG-INFO
[0.961s] writing dependency_links to hellocm_msgs.egg-info/dependency_links.txt
[0.962s] writing top-level names to hellocm_msgs.egg-info/top_level.txt
[0.963s] reading manifest file 'hellocm_msgs.egg-info/SOURCES.txt'
[0.963s] writing manifest file 'hellocm_msgs.egg-info/SOURCES.txt'
[0.981s] [100%] Built target ament_cmake_python_build_hellocm_msgs_egg
[0.988s] Invoked command in '/home/sagittarius/ROS2_CM/ros/ros2_ws/build/hellocm_msgs' returned '0': CMAKE_PREFIX_PATH=/opt/ros/ros2 /usr/bin/cmake --build /home/sagittarius/ROS2_CM/ros/ros2_ws/build/hellocm_msgs -- -j20 -l20
[1.047s] Invoking command in '/home/sagittarius/ROS2_CM/ros/ros2_ws/build/hellocm_msgs': CMAKE_PREFIX_PATH=/opt/ros/ros2 /usr/bin/cmake --install /home/sagittarius/ROS2_CM/ros/ros2_ws/build/hellocm_msgs
[1.051s] -- Install configuration: ""
[1.051s] -- Up-to-date: /home/sagittarius/ROS2_CM/ros/ros2_ws/install/hellocm_msgs/share/ament_index/resource_index/rosidl_interfaces/hellocm_msgs
[1.052s] -- Up-to-date: /home/sagittarius/ROS2_CM/ros/ros2_ws/install/hellocm_msgs/include/hellocm_msgs/hellocm_msgs
[1.052s] -- Up-to-date: /home/sagittarius/ROS2_CM/ros/ros2_ws/install/hellocm_msgs/include/hellocm_msgs/hellocm_msgs/msg
[1.052s] -- Up-to-date: /home/sagittarius/ROS2_CM/ros/ros2_ws/install/hellocm_msgs/include/hellocm_msgs/hellocm_msgs/msg/rosidl_generator_c__visibility_control.h
[1.052s] -- Up-to-date: /home/sagittarius/ROS2_CM/ros/ros2_ws/install/hellocm_msgs/include/hellocm_msgs/hellocm_msgs/msg/detail
[1.052s] -- Up-to-date: /home/sagittarius/ROS2_CM/ros/ros2_ws/install/hellocm_msgs/include/hellocm_msgs/hellocm_msgs/msg/detail/ext2_cm__type_support.h
[1.052s] -- Up-to-date: /home/sagittarius/ROS2_CM/ros/ros2_ws/install/hellocm_msgs/include/hellocm_msgs/hellocm_msgs/msg/detail/ext2_cm__functions.c
[1.052s] -- Up-to-date: /home/sagittarius/ROS2_CM/ros/ros2_ws/install/hellocm_msgs/include/hellocm_msgs/hellocm_msgs/msg/detail/cm2_ext__type_support.h
[1.052s] -- Up-to-date: /home/sagittarius/ROS2_CM/ros/ros2_ws/install/hellocm_msgs/include/hellocm_msgs/hellocm_msgs/msg/detail/cm2_ext__struct.h
[1.052s] -- Up-to-date: /home/sagittarius/ROS2_CM/ros/ros2_ws/install/hellocm_msgs/include/hellocm_msgs/hellocm_msgs/msg/detail/ext2_cm__struct.h
[1.052s] -- Up-to-date: /home/sagittarius/ROS2_CM/ros/ros2_ws/install/hellocm_msgs/include/hellocm_msgs/hellocm_msgs/msg/detail/ext2_cm__functions.h
[1.053s] -- Up-to-date: /home/sagittarius/ROS2_CM/ros/ros2_ws/install/hellocm_msgs/include/hellocm_msgs/hellocm_msgs/msg/detail/cm2_ext__functions.h
[1.053s] -- Up-to-date: /home/sagittarius/ROS2_CM/ros/ros2_ws/install/hellocm_msgs/include/hellocm_msgs/hellocm_msgs/msg/detail/cm2_ext__functions.c
[1.053s] -- Up-to-date: /home/sagittarius/ROS2_CM/ros/ros2_ws/install/hellocm_msgs/include/hellocm_msgs/hellocm_msgs/msg/ext2_cm.h
[1.053s] -- Up-to-date: /home/sagittarius/ROS2_CM/ros/ros2_ws/install/hellocm_msgs/include/hellocm_msgs/hellocm_msgs/msg/cm2_ext.h
[1.053s] -- Up-to-date: /home/sagittarius/ROS2_CM/ros/ros2_ws/install/hellocm_msgs/include/hellocm_msgs/hellocm_msgs/srv
[1.053s] -- Up-to-date: /home/sagittarius/ROS2_CM/ros/ros2_ws/install/hellocm_msgs/include/hellocm_msgs/hellocm_msgs/srv/detail
[1.053s] -- Up-to-date: /home/sagittarius/ROS2_CM/ros/ros2_ws/install/hellocm_msgs/include/hellocm_msgs/hellocm_msgs/srv/detail/init__struct.h
[1.053s] -- Up-to-date: /home/sagittarius/ROS2_CM/ros/ros2_ws/install/hellocm_msgs/include/hellocm_msgs/hellocm_msgs/srv/detail/init__functions.c
[1.053s] -- Up-to-date: /home/sagittarius/ROS2_CM/ros/ros2_ws/install/hellocm_msgs/include/hellocm_msgs/hellocm_msgs/srv/detail/init__functions.h
[1.054s] -- Up-to-date: /home/sagittarius/ROS2_CM/ros/ros2_ws/install/hellocm_msgs/include/hellocm_msgs/hellocm_msgs/srv/detail/init__type_support.h
[1.054s] -- Up-to-date: /home/sagittarius/ROS2_CM/ros/ros2_ws/install/hellocm_msgs/include/hellocm_msgs/hellocm_msgs/srv/init.h
[1.054s] -- Up-to-date: /home/sagittarius/ROS2_CM/ros/ros2_ws/install/hellocm_msgs/share/hellocm_msgs/environment/library_path.sh
[1.054s] -- Installing: /home/sagittarius/ROS2_CM/ros/ros2_ws/install/hellocm_msgs/share/hellocm_msgs/environment/library_path.dsv
[1.054s] -- Up-to-date: /home/sagittarius/ROS2_CM/ros/ros2_ws/install/hellocm_msgs/lib/libhellocm_msgs__rosidl_generator_c.so
[1.054s] -- Up-to-date: /home/sagittarius/ROS2_CM/ros/ros2_ws/install/hellocm_msgs/include/hellocm_msgs/hellocm_msgs
[1.054s] -- Up-to-date: /home/sagittarius/ROS2_CM/ros/ros2_ws/install/hellocm_msgs/include/hellocm_msgs/hellocm_msgs/msg
[1.054s] -- Up-to-date: /home/sagittarius/ROS2_CM/ros/ros2_ws/install/hellocm_msgs/include/hellocm_msgs/hellocm_msgs/msg/detail
[1.054s] -- Up-to-date: /home/sagittarius/ROS2_CM/ros/ros2_ws/install/hellocm_msgs/include/hellocm_msgs/hellocm_msgs/msg/detail/cm2_ext__rosidl_typesupport_fastrtps_c.h
[1.054s] -- Up-to-date: /home/sagittarius/ROS2_CM/ros/ros2_ws/install/hellocm_msgs/include/hellocm_msgs/hellocm_msgs/msg/detail/ext2_cm__rosidl_typesupport_fastrtps_c.h
[1.054s] -- Up-to-date: /home/sagittarius/ROS2_CM/ros/ros2_ws/install/hellocm_msgs/include/hellocm_msgs/hellocm_msgs/msg/rosidl_typesupport_fastrtps_c__visibility_control.h
[1.054s] -- Up-to-date: /home/sagittarius/ROS2_CM/ros/ros2_ws/install/hellocm_msgs/include/hellocm_msgs/hellocm_msgs/srv
[1.055s] -- Up-to-date: /home/sagittarius/ROS2_CM/ros/ros2_ws/install/hellocm_msgs/include/hellocm_msgs/hellocm_msgs/srv/detail
[1.055s] -- Up-to-date: /home/sagittarius/ROS2_CM/ros/ros2_ws/install/hellocm_msgs/include/hellocm_msgs/hellocm_msgs/srv/detail/init__rosidl_typesupport_fastrtps_c.h
[1.055s] -- Up-to-date: /home/sagittarius/ROS2_CM/ros/ros2_ws/install/hellocm_msgs/lib/libhellocm_msgs__rosidl_typesupport_fastrtps_c.so
[1.055s] -- Up-to-date: /home/sagittarius/ROS2_CM/ros/ros2_ws/install/hellocm_msgs/include/hellocm_msgs/hellocm_msgs
[1.055s] -- Up-to-date: /home/sagittarius/ROS2_CM/ros/ros2_ws/install/hellocm_msgs/include/hellocm_msgs/hellocm_msgs/msg
[1.055s] -- Up-to-date: /home/sagittarius/ROS2_CM/ros/ros2_ws/install/hellocm_msgs/include/hellocm_msgs/hellocm_msgs/msg/detail
[1.055s] -- Up-to-date: /home/sagittarius/ROS2_CM/ros/ros2_ws/install/hellocm_msgs/include/hellocm_msgs/hellocm_msgs/msg/detail/ext2_cm__rosidl_typesupport_introspection_c.h
[1.055s] -- Up-to-date: /home/sagittarius/ROS2_CM/ros/ros2_ws/install/hellocm_msgs/include/hellocm_msgs/hellocm_msgs/msg/detail/cm2_ext__type_support.c
[1.055s] -- Up-to-date: /home/sagittarius/ROS2_CM/ros/ros2_ws/install/hellocm_msgs/include/hellocm_msgs/hellocm_msgs/msg/detail/cm2_ext__rosidl_typesupport_introspection_c.h
[1.055s] -- Up-to-date: /home/sagittarius/ROS2_CM/ros/ros2_ws/install/hellocm_msgs/include/hellocm_msgs/hellocm_msgs/msg/detail/ext2_cm__type_support.c
[1.055s] -- Up-to-date: /home/sagittarius/ROS2_CM/ros/ros2_ws/install/hellocm_msgs/include/hellocm_msgs/hellocm_msgs/msg/rosidl_typesupport_introspection_c__visibility_control.h
[1.055s] -- Up-to-date: /home/sagittarius/ROS2_CM/ros/ros2_ws/install/hellocm_msgs/include/hellocm_msgs/hellocm_msgs/srv
[1.055s] -- Up-to-date: /home/sagittarius/ROS2_CM/ros/ros2_ws/install/hellocm_msgs/include/hellocm_msgs/hellocm_msgs/srv/detail
[1.055s] -- Up-to-date: /home/sagittarius/ROS2_CM/ros/ros2_ws/install/hellocm_msgs/include/hellocm_msgs/hellocm_msgs/srv/detail/init__rosidl_typesupport_introspection_c.h
[1.055s] -- Up-to-date: /home/sagittarius/ROS2_CM/ros/ros2_ws/install/hellocm_msgs/include/hellocm_msgs/hellocm_msgs/srv/detail/init__type_support.c
[1.056s] -- Up-to-date: /home/sagittarius/ROS2_CM/ros/ros2_ws/install/hellocm_msgs/lib/libhellocm_msgs__rosidl_typesupport_introspection_c.so
[1.056s] -- Up-to-date: /home/sagittarius/ROS2_CM/ros/ros2_ws/install/hellocm_msgs/lib/libhellocm_msgs__rosidl_typesupport_c.so
[1.056s] -- Up-to-date: /home/sagittarius/ROS2_CM/ros/ros2_ws/install/hellocm_msgs/include/hellocm_msgs/hellocm_msgs
[1.056s] -- Up-to-date: /home/sagittarius/ROS2_CM/ros/ros2_ws/install/hellocm_msgs/include/hellocm_msgs/hellocm_msgs/msg
[1.056s] -- Up-to-date: /home/sagittarius/ROS2_CM/ros/ros2_ws/install/hellocm_msgs/include/hellocm_msgs/hellocm_msgs/msg/detail
[1.056s] -- Up-to-date: /home/sagittarius/ROS2_CM/ros/ros2_ws/install/hellocm_msgs/include/hellocm_msgs/hellocm_msgs/msg/detail/cm2_ext__struct.hpp
[1.056s] -- Up-to-date: /home/sagittarius/ROS2_CM/ros/ros2_ws/install/hellocm_msgs/include/hellocm_msgs/hellocm_msgs/msg/detail/ext2_cm__traits.hpp
[1.056s] -- Up-to-date: /home/sagittarius/ROS2_CM/ros/ros2_ws/install/hellocm_msgs/include/hellocm_msgs/hellocm_msgs/msg/detail/cm2_ext__traits.hpp
[1.056s] -- Up-to-date: /home/sagittarius/ROS2_CM/ros/ros2_ws/install/hellocm_msgs/include/hellocm_msgs/hellocm_msgs/msg/detail/cm2_ext__builder.hpp
[1.056s] -- Up-to-date: /home/sagittarius/ROS2_CM/ros/ros2_ws/install/hellocm_msgs/include/hellocm_msgs/hellocm_msgs/msg/detail/ext2_cm__struct.hpp
[1.056s] -- Up-to-date: /home/sagittarius/ROS2_CM/ros/ros2_ws/install/hellocm_msgs/include/hellocm_msgs/hellocm_msgs/msg/detail/ext2_cm__builder.hpp
[1.056s] -- Up-to-date: /home/sagittarius/ROS2_CM/ros/ros2_ws/install/hellocm_msgs/include/hellocm_msgs/hellocm_msgs/msg/ext2_cm.hpp
[1.056s] -- Up-to-date: /home/sagittarius/ROS2_CM/ros/ros2_ws/install/hellocm_msgs/include/hellocm_msgs/hellocm_msgs/msg/cm2_ext.hpp
[1.056s] -- Up-to-date: /home/sagittarius/ROS2_CM/ros/ros2_ws/install/hellocm_msgs/include/hellocm_msgs/hellocm_msgs/srv
[1.056s] -- Up-to-date: /home/sagittarius/ROS2_CM/ros/ros2_ws/install/hellocm_msgs/include/hellocm_msgs/hellocm_msgs/srv/detail
[1.056s] -- Up-to-date: /home/sagittarius/ROS2_CM/ros/ros2_ws/install/hellocm_msgs/include/hellocm_msgs/hellocm_msgs/srv/detail/init__struct.hpp
[1.056s] -- Up-to-date: /home/sagittarius/ROS2_CM/ros/ros2_ws/install/hellocm_msgs/include/hellocm_msgs/hellocm_msgs/srv/detail/init__builder.hpp
[1.056s] -- Up-to-date: /home/sagittarius/ROS2_CM/ros/ros2_ws/install/hellocm_msgs/include/hellocm_msgs/hellocm_msgs/srv/detail/init__traits.hpp
[1.056s] -- Up-to-date: /home/sagittarius/ROS2_CM/ros/ros2_ws/install/hellocm_msgs/include/hellocm_msgs/hellocm_msgs/srv/init.hpp
[1.056s] -- Up-to-date: /home/sagittarius/ROS2_CM/ros/ros2_ws/install/hellocm_msgs/include/hellocm_msgs/hellocm_msgs
[1.056s] -- Up-to-date: /home/sagittarius/ROS2_CM/ros/ros2_ws/install/hellocm_msgs/include/hellocm_msgs/hellocm_msgs/msg
[1.056s] -- Up-to-date: /home/sagittarius/ROS2_CM/ros/ros2_ws/install/hellocm_msgs/include/hellocm_msgs/hellocm_msgs/msg/detail
[1.056s] -- Up-to-date: /home/sagittarius/ROS2_CM/ros/ros2_ws/install/hellocm_msgs/include/hellocm_msgs/hellocm_msgs/msg/detail/ext2_cm__rosidl_typesupport_fastrtps_cpp.hpp
[1.056s] -- Up-to-date: /home/sagittarius/ROS2_CM/ros/ros2_ws/install/hellocm_msgs/include/hellocm_msgs/hellocm_msgs/msg/detail/cm2_ext__rosidl_typesupport_fastrtps_cpp.hpp
[1.056s] -- Up-to-date: /home/sagittarius/ROS2_CM/ros/ros2_ws/install/hellocm_msgs/include/hellocm_msgs/hellocm_msgs/msg/detail/dds_fastrtps
[1.056s] -- Up-to-date: /home/sagittarius/ROS2_CM/ros/ros2_ws/install/hellocm_msgs/include/hellocm_msgs/hellocm_msgs/msg/rosidl_typesupport_fastrtps_cpp__visibility_control.h
[1.056s] -- Up-to-date: /home/sagittarius/ROS2_CM/ros/ros2_ws/install/hellocm_msgs/include/hellocm_msgs/hellocm_msgs/srv
[1.056s] -- Up-to-date: /home/sagittarius/ROS2_CM/ros/ros2_ws/install/hellocm_msgs/include/hellocm_msgs/hellocm_msgs/srv/detail
[1.056s] -- Up-to-date: /home/sagittarius/ROS2_CM/ros/ros2_ws/install/hellocm_msgs/include/hellocm_msgs/hellocm_msgs/srv/detail/init__rosidl_typesupport_fastrtps_cpp.hpp
[1.056s] -- Up-to-date: /home/sagittarius/ROS2_CM/ros/ros2_ws/install/hellocm_msgs/include/hellocm_msgs/hellocm_msgs/srv/detail/dds_fastrtps
[1.056s] -- Up-to-date: /home/sagittarius/ROS2_CM/ros/ros2_ws/install/hellocm_msgs/lib/libhellocm_msgs__rosidl_typesupport_fastrtps_cpp.so
[1.056s] -- Up-to-date: /home/sagittarius/ROS2_CM/ros/ros2_ws/install/hellocm_msgs/include/hellocm_msgs/hellocm_msgs
[1.056s] -- Up-to-date: /home/sagittarius/ROS2_CM/ros/ros2_ws/install/hellocm_msgs/include/hellocm_msgs/hellocm_msgs/msg
[1.056s] -- Up-to-date: /home/sagittarius/ROS2_CM/ros/ros2_ws/install/hellocm_msgs/include/hellocm_msgs/hellocm_msgs/msg/detail
[1.056s] -- Up-to-date: /home/sagittarius/ROS2_CM/ros/ros2_ws/install/hellocm_msgs/include/hellocm_msgs/hellocm_msgs/msg/detail/cm2_ext__type_support.cpp
[1.057s] -- Up-to-date: /home/sagittarius/ROS2_CM/ros/ros2_ws/install/hellocm_msgs/include/hellocm_msgs/hellocm_msgs/msg/detail/ext2_cm__rosidl_typesupport_introspection_cpp.hpp
[1.057s] -- Up-to-date: /home/sagittarius/ROS2_CM/ros/ros2_ws/install/hellocm_msgs/include/hellocm_msgs/hellocm_msgs/msg/detail/cm2_ext__rosidl_typesupport_introspection_cpp.hpp
[1.057s] -- Up-to-date: /home/sagittarius/ROS2_CM/ros/ros2_ws/install/hellocm_msgs/include/hellocm_msgs/hellocm_msgs/msg/detail/ext2_cm__type_support.cpp
[1.057s] -- Up-to-date: /home/sagittarius/ROS2_CM/ros/ros2_ws/install/hellocm_msgs/include/hellocm_msgs/hellocm_msgs/srv
[1.057s] -- Up-to-date: /home/sagittarius/ROS2_CM/ros/ros2_ws/install/hellocm_msgs/include/hellocm_msgs/hellocm_msgs/srv/detail
[1.057s] -- Up-to-date: /home/sagittarius/ROS2_CM/ros/ros2_ws/install/hellocm_msgs/include/hellocm_msgs/hellocm_msgs/srv/detail/init__rosidl_typesupport_introspection_cpp.hpp
[1.057s] -- Up-to-date: /home/sagittarius/ROS2_CM/ros/ros2_ws/install/hellocm_msgs/include/hellocm_msgs/hellocm_msgs/srv/detail/init__type_support.cpp
[1.057s] -- Up-to-date: /home/sagittarius/ROS2_CM/ros/ros2_ws/install/hellocm_msgs/lib/libhellocm_msgs__rosidl_typesupport_introspection_cpp.so
[1.057s] -- Up-to-date: /home/sagittarius/ROS2_CM/ros/ros2_ws/install/hellocm_msgs/lib/libhellocm_msgs__rosidl_typesupport_cpp.so
[1.057s] -- Up-to-date: /home/sagittarius/ROS2_CM/ros/ros2_ws/install/hellocm_msgs/share/hellocm_msgs/environment/pythonpath.sh
[1.057s] -- Installing: /home/sagittarius/ROS2_CM/ros/ros2_ws/install/hellocm_msgs/share/hellocm_msgs/environment/pythonpath.dsv
[1.057s] -- Up-to-date: /home/sagittarius/ROS2_CM/ros/ros2_ws/install/hellocm_msgs/local/lib/python3.10/dist-packages/hellocm_msgs-0.1.0-py3.10.egg-info
[1.057s] -- Installing: /home/sagittarius/ROS2_CM/ros/ros2_ws/install/hellocm_msgs/local/lib/python3.10/dist-packages/hellocm_msgs-0.1.0-py3.10.egg-info/top_level.txt
[1.057s] -- Installing: /home/sagittarius/ROS2_CM/ros/ros2_ws/install/hellocm_msgs/local/lib/python3.10/dist-packages/hellocm_msgs-0.1.0-py3.10.egg-info/SOURCES.txt
[1.057s] -- Installing: /home/sagittarius/ROS2_CM/ros/ros2_ws/install/hellocm_msgs/local/lib/python3.10/dist-packages/hellocm_msgs-0.1.0-py3.10.egg-info/dependency_links.txt
[1.057s] -- Installing: /home/sagittarius/ROS2_CM/ros/ros2_ws/install/hellocm_msgs/local/lib/python3.10/dist-packages/hellocm_msgs-0.1.0-py3.10.egg-info/PKG-INFO
[1.057s] -- Up-to-date: /home/sagittarius/ROS2_CM/ros/ros2_ws/install/hellocm_msgs/local/lib/python3.10/dist-packages/hellocm_msgs
[1.057s] -- Up-to-date: /home/sagittarius/ROS2_CM/ros/ros2_ws/install/hellocm_msgs/local/lib/python3.10/dist-packages/hellocm_msgs/hellocm_msgs_s__rosidl_typesupport_introspection_c.cpython-310-x86_64-linux-gnu.so
[1.057s] -- Up-to-date: /home/sagittarius/ROS2_CM/ros/ros2_ws/install/hellocm_msgs/local/lib/python3.10/dist-packages/hellocm_msgs/hellocm_msgs_s__rosidl_typesupport_fastrtps_c.cpython-310-x86_64-linux-gnu.so
[1.057s] -- Up-to-date: /home/sagittarius/ROS2_CM/ros/ros2_ws/install/hellocm_msgs/local/lib/python3.10/dist-packages/hellocm_msgs/libhellocm_msgs__rosidl_generator_py.so
[1.057s] -- Up-to-date: /home/sagittarius/ROS2_CM/ros/ros2_ws/install/hellocm_msgs/local/lib/python3.10/dist-packages/hellocm_msgs/_hellocm_msgs_s.ep.rosidl_typesupport_introspection_c.c
[1.057s] -- Up-to-date: /home/sagittarius/ROS2_CM/ros/ros2_ws/install/hellocm_msgs/local/lib/python3.10/dist-packages/hellocm_msgs/_hellocm_msgs_s.ep.rosidl_typesupport_fastrtps_c.c
[1.057s] -- Up-to-date: /home/sagittarius/ROS2_CM/ros/ros2_ws/install/hellocm_msgs/local/lib/python3.10/dist-packages/hellocm_msgs/msg
[1.057s] -- Up-to-date: /home/sagittarius/ROS2_CM/ros/ros2_ws/install/hellocm_msgs/local/lib/python3.10/dist-packages/hellocm_msgs/msg/_cm2_ext.py
[1.057s] -- Up-to-date: /home/sagittarius/ROS2_CM/ros/ros2_ws/install/hellocm_msgs/local/lib/python3.10/dist-packages/hellocm_msgs/msg/_cm2_ext_s.c
[1.057s] -- Up-to-date: /home/sagittarius/ROS2_CM/ros/ros2_ws/install/hellocm_msgs/local/lib/python3.10/dist-packages/hellocm_msgs/msg/_ext2_cm.py
[1.057s] -- Up-to-date: /home/sagittarius/ROS2_CM/ros/ros2_ws/install/hellocm_msgs/local/lib/python3.10/dist-packages/hellocm_msgs/msg/_ext2_cm_s.c
[1.057s] -- Up-to-date: /home/sagittarius/ROS2_CM/ros/ros2_ws/install/hellocm_msgs/local/lib/python3.10/dist-packages/hellocm_msgs/msg/__init__.py
[1.057s] -- Up-to-date: /home/sagittarius/ROS2_CM/ros/ros2_ws/install/hellocm_msgs/local/lib/python3.10/dist-packages/hellocm_msgs/hellocm_msgs_s__rosidl_typesupport_c.cpython-310-x86_64-linux-gnu.so
[1.057s] -- Up-to-date: /home/sagittarius/ROS2_CM/ros/ros2_ws/install/hellocm_msgs/local/lib/python3.10/dist-packages/hellocm_msgs/srv
[1.057s] -- Up-to-date: /home/sagittarius/ROS2_CM/ros/ros2_ws/install/hellocm_msgs/local/lib/python3.10/dist-packages/hellocm_msgs/srv/_init.py
[1.057s] -- Up-to-date: /home/sagittarius/ROS2_CM/ros/ros2_ws/install/hellocm_msgs/local/lib/python3.10/dist-packages/hellocm_msgs/srv/__init__.py
[1.057s] -- Up-to-date: /home/sagittarius/ROS2_CM/ros/ros2_ws/install/hellocm_msgs/local/lib/python3.10/dist-packages/hellocm_msgs/srv/_init_s.c
[1.057s] -- Installing: /home/sagittarius/ROS2_CM/ros/ros2_ws/install/hellocm_msgs/local/lib/python3.10/dist-packages/hellocm_msgs/__init__.py
[1.057s] -- Up-to-date: /home/sagittarius/ROS2_CM/ros/ros2_ws/install/hellocm_msgs/local/lib/python3.10/dist-packages/hellocm_msgs/_hellocm_msgs_s.ep.rosidl_typesupport_c.c
[1.074s] Listing '/home/sagittarius/ROS2_CM/ros/ros2_ws/install/hellocm_msgs/local/lib/python3.10/dist-packages/hellocm_msgs'...
[1.074s] Compiling '/home/sagittarius/ROS2_CM/ros/ros2_ws/install/hellocm_msgs/local/lib/python3.10/dist-packages/hellocm_msgs/__init__.py'...
[1.074s] Listing '/home/sagittarius/ROS2_CM/ros/ros2_ws/install/hellocm_msgs/local/lib/python3.10/dist-packages/hellocm_msgs/msg'...
[1.074s] Listing '/home/sagittarius/ROS2_CM/ros/ros2_ws/install/hellocm_msgs/local/lib/python3.10/dist-packages/hellocm_msgs/srv'...
[1.077s] -- Up-to-date: /home/sagittarius/ROS2_CM/ros/ros2_ws/install/hellocm_msgs/local/lib/python3.10/dist-packages/hellocm_msgs/hellocm_msgs_s__rosidl_typesupport_fastrtps_c.cpython-310-x86_64-linux-gnu.so
[1.077s] -- Up-to-date: /home/sagittarius/ROS2_CM/ros/ros2_ws/install/hellocm_msgs/local/lib/python3.10/dist-packages/hellocm_msgs/hellocm_msgs_s__rosidl_typesupport_introspection_c.cpython-310-x86_64-linux-gnu.so
[1.077s] -- Up-to-date: /home/sagittarius/ROS2_CM/ros/ros2_ws/install/hellocm_msgs/local/lib/python3.10/dist-packages/hellocm_msgs/hellocm_msgs_s__rosidl_typesupport_c.cpython-310-x86_64-linux-gnu.so
[1.077s] -- Up-to-date: /home/sagittarius/ROS2_CM/ros/ros2_ws/install/hellocm_msgs/lib/libhellocm_msgs__rosidl_generator_py.so
[1.078s] -- Up-to-date: /home/sagittarius/ROS2_CM/ros/ros2_ws/install/hellocm_msgs/share/hellocm_msgs/msg/CM2Ext.idl
[1.078s] -- Up-to-date: /home/sagittarius/ROS2_CM/ros/ros2_ws/install/hellocm_msgs/share/hellocm_msgs/msg/Ext2CM.idl
[1.078s] -- Up-to-date: /home/sagittarius/ROS2_CM/ros/ros2_ws/install/hellocm_msgs/share/hellocm_msgs/srv/Init.idl
[1.078s] -- Up-to-date: /home/sagittarius/ROS2_CM/ros/ros2_ws/install/hellocm_msgs/share/hellocm_msgs/msg/CM2Ext.msg
[1.078s] -- Up-to-date: /home/sagittarius/ROS2_CM/ros/ros2_ws/install/hellocm_msgs/share/hellocm_msgs/msg/Ext2CM.msg
[1.078s] -- Up-to-date: /home/sagittarius/ROS2_CM/ros/ros2_ws/install/hellocm_msgs/share/hellocm_msgs/srv/Init.srv
[1.078s] -- Up-to-date: /home/sagittarius/ROS2_CM/ros/ros2_ws/install/hellocm_msgs/share/hellocm_msgs/srv/Init_Request.msg
[1.078s] -- Up-to-date: /home/sagittarius/ROS2_CM/ros/ros2_ws/install/hellocm_msgs/share/hellocm_msgs/srv/Init_Response.msg
[1.078s] -- Up-to-date: /home/sagittarius/ROS2_CM/ros/ros2_ws/install/hellocm_msgs/share/ament_index/resource_index/package_run_dependencies/hellocm_msgs
[1.078s] -- Installing: /home/sagittarius/ROS2_CM/ros/ros2_ws/install/hellocm_msgs/share/ament_index/resource_index/parent_prefix_path/hellocm_msgs
[1.078s] -- Up-to-date: /home/sagittarius/ROS2_CM/ros/ros2_ws/install/hellocm_msgs/share/hellocm_msgs/environment/ament_prefix_path.sh
[1.078s] -- Installing: /home/sagittarius/ROS2_CM/ros/ros2_ws/install/hellocm_msgs/share/hellocm_msgs/environment/ament_prefix_path.dsv
[1.078s] -- Up-to-date: /home/sagittarius/ROS2_CM/ros/ros2_ws/install/hellocm_msgs/share/hellocm_msgs/environment/path.sh
[1.078s] -- Installing: /home/sagittarius/ROS2_CM/ros/ros2_ws/install/hellocm_msgs/share/hellocm_msgs/environment/path.dsv
[1.078s] -- Up-to-date: /home/sagittarius/ROS2_CM/ros/ros2_ws/install/hellocm_msgs/share/hellocm_msgs/local_setup.bash
[1.078s] -- Up-to-date: /home/sagittarius/ROS2_CM/ros/ros2_ws/install/hellocm_msgs/share/hellocm_msgs/local_setup.sh
[1.078s] -- Up-to-date: /home/sagittarius/ROS2_CM/ros/ros2_ws/install/hellocm_msgs/share/hellocm_msgs/local_setup.zsh
[1.078s] -- Installing: /home/sagittarius/ROS2_CM/ros/ros2_ws/install/hellocm_msgs/share/hellocm_msgs/local_setup.dsv
[1.078s] -- Installing: /home/sagittarius/ROS2_CM/ros/ros2_ws/install/hellocm_msgs/share/hellocm_msgs/package.dsv
[1.078s] -- Up-to-date: /home/sagittarius/ROS2_CM/ros/ros2_ws/install/hellocm_msgs/share/ament_index/resource_index/packages/hellocm_msgs
[1.078s] -- Up-to-date: /home/sagittarius/ROS2_CM/ros/ros2_ws/install/hellocm_msgs/share/hellocm_msgs/cmake/export_hellocm_msgs__rosidl_generator_cExport.cmake
[1.078s] -- Up-to-date: /home/sagittarius/ROS2_CM/ros/ros2_ws/install/hellocm_msgs/share/hellocm_msgs/cmake/export_hellocm_msgs__rosidl_generator_cExport-noconfig.cmake
[1.079s] -- Up-to-date: /home/sagittarius/ROS2_CM/ros/ros2_ws/install/hellocm_msgs/share/hellocm_msgs/cmake/export_hellocm_msgs__rosidl_typesupport_fastrtps_cExport.cmake
[1.079s] -- Up-to-date: /home/sagittarius/ROS2_CM/ros/ros2_ws/install/hellocm_msgs/share/hellocm_msgs/cmake/export_hellocm_msgs__rosidl_typesupport_fastrtps_cExport-noconfig.cmake
[1.079s] -- Up-to-date: /home/sagittarius/ROS2_CM/ros/ros2_ws/install/hellocm_msgs/share/hellocm_msgs/cmake/hellocm_msgs__rosidl_typesupport_introspection_cExport.cmake
[1.079s] -- Up-to-date: /home/sagittarius/ROS2_CM/ros/ros2_ws/install/hellocm_msgs/share/hellocm_msgs/cmake/hellocm_msgs__rosidl_typesupport_introspection_cExport-noconfig.cmake
[1.079s] -- Up-to-date: /home/sagittarius/ROS2_CM/ros/ros2_ws/install/hellocm_msgs/share/hellocm_msgs/cmake/hellocm_msgs__rosidl_typesupport_cExport.cmake
[1.079s] -- Up-to-date: /home/sagittarius/ROS2_CM/ros/ros2_ws/install/hellocm_msgs/share/hellocm_msgs/cmake/hellocm_msgs__rosidl_typesupport_cExport-noconfig.cmake
[1.079s] -- Up-to-date: /home/sagittarius/ROS2_CM/ros/ros2_ws/install/hellocm_msgs/share/hellocm_msgs/cmake/export_hellocm_msgs__rosidl_generator_cppExport.cmake
[1.079s] -- Up-to-date: /home/sagittarius/ROS2_CM/ros/ros2_ws/install/hellocm_msgs/share/hellocm_msgs/cmake/export_hellocm_msgs__rosidl_typesupport_fastrtps_cppExport.cmake
[1.079s] -- Up-to-date: /home/sagittarius/ROS2_CM/ros/ros2_ws/install/hellocm_msgs/share/hellocm_msgs/cmake/export_hellocm_msgs__rosidl_typesupport_fastrtps_cppExport-noconfig.cmake
[1.079s] -- Up-to-date: /home/sagittarius/ROS2_CM/ros/ros2_ws/install/hellocm_msgs/share/hellocm_msgs/cmake/hellocm_msgs__rosidl_typesupport_introspection_cppExport.cmake
[1.079s] -- Up-to-date: /home/sagittarius/ROS2_CM/ros/ros2_ws/install/hellocm_msgs/share/hellocm_msgs/cmake/hellocm_msgs__rosidl_typesupport_introspection_cppExport-noconfig.cmake
[1.079s] -- Up-to-date: /home/sagittarius/ROS2_CM/ros/ros2_ws/install/hellocm_msgs/share/hellocm_msgs/cmake/hellocm_msgs__rosidl_typesupport_cppExport.cmake
[1.079s] -- Up-to-date: /home/sagittarius/ROS2_CM/ros/ros2_ws/install/hellocm_msgs/share/hellocm_msgs/cmake/hellocm_msgs__rosidl_typesupport_cppExport-noconfig.cmake
[1.079s] -- Up-to-date: /home/sagittarius/ROS2_CM/ros/ros2_ws/install/hellocm_msgs/share/hellocm_msgs/cmake/export_hellocm_msgs__rosidl_generator_pyExport.cmake
[1.079s] -- Up-to-date: /home/sagittarius/ROS2_CM/ros/ros2_ws/install/hellocm_msgs/share/hellocm_msgs/cmake/export_hellocm_msgs__rosidl_generator_pyExport-noconfig.cmake
[1.079s] -- Up-to-date: /home/sagittarius/ROS2_CM/ros/ros2_ws/install/hellocm_msgs/share/hellocm_msgs/cmake/rosidl_cmake-extras.cmake
[1.079s] -- Up-to-date: /home/sagittarius/ROS2_CM/ros/ros2_ws/install/hellocm_msgs/share/hellocm_msgs/cmake/ament_cmake_export_dependencies-extras.cmake
[1.079s] -- Up-to-date: /home/sagittarius/ROS2_CM/ros/ros2_ws/install/hellocm_msgs/share/hellocm_msgs/cmake/ament_cmake_export_include_directories-extras.cmake
[1.079s] -- Up-to-date: /home/sagittarius/ROS2_CM/ros/ros2_ws/install/hellocm_msgs/share/hellocm_msgs/cmake/ament_cmake_export_libraries-extras.cmake
[1.079s] -- Up-to-date: /home/sagittarius/ROS2_CM/ros/ros2_ws/install/hellocm_msgs/share/hellocm_msgs/cmake/ament_cmake_export_targets-extras.cmake
[1.079s] -- Up-to-date: /home/sagittarius/ROS2_CM/ros/ros2_ws/install/hellocm_msgs/share/hellocm_msgs/cmake/rosidl_cmake_export_typesupport_targets-extras.cmake
[1.079s] -- Up-to-date: /home/sagittarius/ROS2_CM/ros/ros2_ws/install/hellocm_msgs/share/hellocm_msgs/cmake/rosidl_cmake_export_typesupport_libraries-extras.cmake
[1.079s] -- Up-to-date: /home/sagittarius/ROS2_CM/ros/ros2_ws/install/hellocm_msgs/share/hellocm_msgs/cmake/hellocm_msgsConfig.cmake
[1.079s] -- Up-to-date: /home/sagittarius/ROS2_CM/ros/ros2_ws/install/hellocm_msgs/share/hellocm_msgs/cmake/hellocm_msgsConfig-version.cmake
[1.079s] -- Up-to-date: /home/sagittarius/ROS2_CM/ros/ros2_ws/install/hellocm_msgs/share/hellocm_msgs/package.xml
[1.081s] Invoked command in '/home/sagittarius/ROS2_CM/ros/ros2_ws/build/hellocm_msgs' returned '0': CMAKE_PREFIX_PATH=/opt/ros/ros2 /usr/bin/cmake --install /home/sagittarius/ROS2_CM/ros/ros2_ws/build/hellocm_msgs
