[35m[1mConsolidate compiler generated dependencies of target hellocm_msgs__rosidl_generator_c[0m
[  2%] Built target hellocm_msgs__cpp
[ 12%] Built target hellocm_msgs__rosidl_generator_c
[ 12%] Built target ament_cmake_python_copy_hellocm_msgs
[35m[1mConsolidate compiler generated dependencies of target hellocm_msgs__rosidl_typesupport_cpp[0m
[35m[1mConsolidate compiler generated dependencies of target hellocm_msgs__rosidl_typesupport_introspection_c[0m
[35m[1mConsolidate compiler generated dependencies of target hellocm_msgs__rosidl_typesupport_introspection_cpp[0m
[35m[1mConsolidate compiler generated dependencies of target hellocm_msgs__rosidl_typesupport_fastrtps_c[0m
[35m[1mConsolidate compiler generated dependencies of target hellocm_msgs__rosidl_typesupport_c[0m
[35m[1mConsolidate compiler generated dependencies of target hellocm_msgs__rosidl_typesupport_fastrtps_cpp[0m
[ 23%] Built target hellocm_msgs__rosidl_typesupport_introspection_c
[ 34%] Built target hellocm_msgs__rosidl_typesupport_introspection_cpp
[ 44%] Built target hellocm_msgs__rosidl_typesupport_cpp
[ 55%] Built target hellocm_msgs__rosidl_typesupport_c
[ 65%] Built target hellocm_msgs__rosidl_typesupport_fastrtps_c
[ 76%] Built target hellocm_msgs__rosidl_typesupport_fastrtps_cpp
[ 76%] Built target hellocm_msgs
[ 78%] Built target hellocm_msgs__py
[35m[1mConsolidate compiler generated dependencies of target hellocm_msgs__rosidl_generator_py[0m
[ 87%] Built target hellocm_msgs__rosidl_generator_py
[35m[1mConsolidate compiler generated dependencies of target hellocm_msgs__rosidl_typesupport_fastrtps_c__pyext[0m
[35m[1mConsolidate compiler generated dependencies of target hellocm_msgs__rosidl_typesupport_c__pyext[0m
[35m[1mConsolidate compiler generated dependencies of target hellocm_msgs__rosidl_typesupport_introspection_c__pyext[0m
[ 91%] Built target hellocm_msgs__rosidl_typesupport_fastrtps_c__pyext
[ 95%] Built target hellocm_msgs__rosidl_typesupport_c__pyext
[100%] Built target hellocm_msgs__rosidl_typesupport_introspection_c__pyext
running egg_info
writing hellocm_msgs.egg-info/PKG-INFO
writing dependency_links to hellocm_msgs.egg-info/dependency_links.txt
writing top-level names to hellocm_msgs.egg-info/top_level.txt
reading manifest file 'hellocm_msgs.egg-info/SOURCES.txt'
writing manifest file 'hellocm_msgs.egg-info/SOURCES.txt'
[100%] Built target ament_cmake_python_build_hellocm_msgs_egg
-- Install configuration: ""
-- Up-to-date: /home/sagittarius/ROS2_CM/ros/ros2_ws/install/hellocm_msgs/share/ament_index/resource_index/rosidl_interfaces/hellocm_msgs
-- Up-to-date: /home/sagittarius/ROS2_CM/ros/ros2_ws/install/hellocm_msgs/include/hellocm_msgs/hellocm_msgs
-- Up-to-date: /home/sagittarius/ROS2_CM/ros/ros2_ws/install/hellocm_msgs/include/hellocm_msgs/hellocm_msgs/msg
-- Up-to-date: /home/sagittarius/ROS2_CM/ros/ros2_ws/install/hellocm_msgs/include/hellocm_msgs/hellocm_msgs/msg/rosidl_generator_c__visibility_control.h
-- Up-to-date: /home/sagittarius/ROS2_CM/ros/ros2_ws/install/hellocm_msgs/include/hellocm_msgs/hellocm_msgs/msg/detail
-- Up-to-date: /home/sagittarius/ROS2_CM/ros/ros2_ws/install/hellocm_msgs/include/hellocm_msgs/hellocm_msgs/msg/detail/ext2_cm__type_support.h
-- Up-to-date: /home/sagittarius/ROS2_CM/ros/ros2_ws/install/hellocm_msgs/include/hellocm_msgs/hellocm_msgs/msg/detail/ext2_cm__functions.c
-- Up-to-date: /home/sagittarius/ROS2_CM/ros/ros2_ws/install/hellocm_msgs/include/hellocm_msgs/hellocm_msgs/msg/detail/cm2_ext__type_support.h
-- Up-to-date: /home/sagittarius/ROS2_CM/ros/ros2_ws/install/hellocm_msgs/include/hellocm_msgs/hellocm_msgs/msg/detail/cm2_ext__struct.h
-- Up-to-date: /home/sagittarius/ROS2_CM/ros/ros2_ws/install/hellocm_msgs/include/hellocm_msgs/hellocm_msgs/msg/detail/ext2_cm__struct.h
-- Up-to-date: /home/sagittarius/ROS2_CM/ros/ros2_ws/install/hellocm_msgs/include/hellocm_msgs/hellocm_msgs/msg/detail/ext2_cm__functions.h
-- Up-to-date: /home/sagittarius/ROS2_CM/ros/ros2_ws/install/hellocm_msgs/include/hellocm_msgs/hellocm_msgs/msg/detail/cm2_ext__functions.h
-- Up-to-date: /home/sagittarius/ROS2_CM/ros/ros2_ws/install/hellocm_msgs/include/hellocm_msgs/hellocm_msgs/msg/detail/cm2_ext__functions.c
-- Up-to-date: /home/sagittarius/ROS2_CM/ros/ros2_ws/install/hellocm_msgs/include/hellocm_msgs/hellocm_msgs/msg/ext2_cm.h
-- Up-to-date: /home/sagittarius/ROS2_CM/ros/ros2_ws/install/hellocm_msgs/include/hellocm_msgs/hellocm_msgs/msg/cm2_ext.h
-- Up-to-date: /home/sagittarius/ROS2_CM/ros/ros2_ws/install/hellocm_msgs/include/hellocm_msgs/hellocm_msgs/srv
-- Up-to-date: /home/sagittarius/ROS2_CM/ros/ros2_ws/install/hellocm_msgs/include/hellocm_msgs/hellocm_msgs/srv/detail
-- Up-to-date: /home/sagittarius/ROS2_CM/ros/ros2_ws/install/hellocm_msgs/include/hellocm_msgs/hellocm_msgs/srv/detail/init__struct.h
-- Up-to-date: /home/sagittarius/ROS2_CM/ros/ros2_ws/install/hellocm_msgs/include/hellocm_msgs/hellocm_msgs/srv/detail/init__functions.c
-- Up-to-date: /home/sagittarius/ROS2_CM/ros/ros2_ws/install/hellocm_msgs/include/hellocm_msgs/hellocm_msgs/srv/detail/init__functions.h
-- Up-to-date: /home/sagittarius/ROS2_CM/ros/ros2_ws/install/hellocm_msgs/include/hellocm_msgs/hellocm_msgs/srv/detail/init__type_support.h
-- Up-to-date: /home/sagittarius/ROS2_CM/ros/ros2_ws/install/hellocm_msgs/include/hellocm_msgs/hellocm_msgs/srv/init.h
-- Up-to-date: /home/sagittarius/ROS2_CM/ros/ros2_ws/install/hellocm_msgs/share/hellocm_msgs/environment/library_path.sh
-- Up-to-date: /home/sagittarius/ROS2_CM/ros/ros2_ws/install/hellocm_msgs/share/hellocm_msgs/environment/library_path.dsv
-- Up-to-date: /home/sagittarius/ROS2_CM/ros/ros2_ws/install/hellocm_msgs/lib/libhellocm_msgs__rosidl_generator_c.so
-- Up-to-date: /home/sagittarius/ROS2_CM/ros/ros2_ws/install/hellocm_msgs/include/hellocm_msgs/hellocm_msgs
-- Up-to-date: /home/sagittarius/ROS2_CM/ros/ros2_ws/install/hellocm_msgs/include/hellocm_msgs/hellocm_msgs/msg
-- Up-to-date: /home/sagittarius/ROS2_CM/ros/ros2_ws/install/hellocm_msgs/include/hellocm_msgs/hellocm_msgs/msg/detail
-- Up-to-date: /home/sagittarius/ROS2_CM/ros/ros2_ws/install/hellocm_msgs/include/hellocm_msgs/hellocm_msgs/msg/detail/cm2_ext__rosidl_typesupport_fastrtps_c.h
-- Up-to-date: /home/sagittarius/ROS2_CM/ros/ros2_ws/install/hellocm_msgs/include/hellocm_msgs/hellocm_msgs/msg/detail/ext2_cm__rosidl_typesupport_fastrtps_c.h
-- Up-to-date: /home/sagittarius/ROS2_CM/ros/ros2_ws/install/hellocm_msgs/include/hellocm_msgs/hellocm_msgs/msg/rosidl_typesupport_fastrtps_c__visibility_control.h
-- Up-to-date: /home/sagittarius/ROS2_CM/ros/ros2_ws/install/hellocm_msgs/include/hellocm_msgs/hellocm_msgs/srv
-- Up-to-date: /home/sagittarius/ROS2_CM/ros/ros2_ws/install/hellocm_msgs/include/hellocm_msgs/hellocm_msgs/srv/detail
-- Up-to-date: /home/sagittarius/ROS2_CM/ros/ros2_ws/install/hellocm_msgs/include/hellocm_msgs/hellocm_msgs/srv/detail/init__rosidl_typesupport_fastrtps_c.h
-- Up-to-date: /home/sagittarius/ROS2_CM/ros/ros2_ws/install/hellocm_msgs/lib/libhellocm_msgs__rosidl_typesupport_fastrtps_c.so
-- Up-to-date: /home/sagittarius/ROS2_CM/ros/ros2_ws/install/hellocm_msgs/include/hellocm_msgs/hellocm_msgs
-- Up-to-date: /home/sagittarius/ROS2_CM/ros/ros2_ws/install/hellocm_msgs/include/hellocm_msgs/hellocm_msgs/msg
-- Up-to-date: /home/sagittarius/ROS2_CM/ros/ros2_ws/install/hellocm_msgs/include/hellocm_msgs/hellocm_msgs/msg/detail
-- Up-to-date: /home/sagittarius/ROS2_CM/ros/ros2_ws/install/hellocm_msgs/include/hellocm_msgs/hellocm_msgs/msg/detail/ext2_cm__rosidl_typesupport_introspection_c.h
-- Up-to-date: /home/sagittarius/ROS2_CM/ros/ros2_ws/install/hellocm_msgs/include/hellocm_msgs/hellocm_msgs/msg/detail/cm2_ext__type_support.c
-- Up-to-date: /home/sagittarius/ROS2_CM/ros/ros2_ws/install/hellocm_msgs/include/hellocm_msgs/hellocm_msgs/msg/detail/cm2_ext__rosidl_typesupport_introspection_c.h
-- Up-to-date: /home/sagittarius/ROS2_CM/ros/ros2_ws/install/hellocm_msgs/include/hellocm_msgs/hellocm_msgs/msg/detail/ext2_cm__type_support.c
-- Up-to-date: /home/sagittarius/ROS2_CM/ros/ros2_ws/install/hellocm_msgs/include/hellocm_msgs/hellocm_msgs/msg/rosidl_typesupport_introspection_c__visibility_control.h
-- Up-to-date: /home/sagittarius/ROS2_CM/ros/ros2_ws/install/hellocm_msgs/include/hellocm_msgs/hellocm_msgs/srv
-- Up-to-date: /home/sagittarius/ROS2_CM/ros/ros2_ws/install/hellocm_msgs/include/hellocm_msgs/hellocm_msgs/srv/detail
-- Up-to-date: /home/sagittarius/ROS2_CM/ros/ros2_ws/install/hellocm_msgs/include/hellocm_msgs/hellocm_msgs/srv/detail/init__rosidl_typesupport_introspection_c.h
-- Up-to-date: /home/sagittarius/ROS2_CM/ros/ros2_ws/install/hellocm_msgs/include/hellocm_msgs/hellocm_msgs/srv/detail/init__type_support.c
-- Up-to-date: /home/sagittarius/ROS2_CM/ros/ros2_ws/install/hellocm_msgs/lib/libhellocm_msgs__rosidl_typesupport_introspection_c.so
-- Up-to-date: /home/sagittarius/ROS2_CM/ros/ros2_ws/install/hellocm_msgs/lib/libhellocm_msgs__rosidl_typesupport_c.so
-- Up-to-date: /home/sagittarius/ROS2_CM/ros/ros2_ws/install/hellocm_msgs/include/hellocm_msgs/hellocm_msgs
-- Up-to-date: /home/sagittarius/ROS2_CM/ros/ros2_ws/install/hellocm_msgs/include/hellocm_msgs/hellocm_msgs/msg
-- Up-to-date: /home/sagittarius/ROS2_CM/ros/ros2_ws/install/hellocm_msgs/include/hellocm_msgs/hellocm_msgs/msg/detail
-- Up-to-date: /home/sagittarius/ROS2_CM/ros/ros2_ws/install/hellocm_msgs/include/hellocm_msgs/hellocm_msgs/msg/detail/cm2_ext__struct.hpp
-- Up-to-date: /home/sagittarius/ROS2_CM/ros/ros2_ws/install/hellocm_msgs/include/hellocm_msgs/hellocm_msgs/msg/detail/ext2_cm__traits.hpp
-- Up-to-date: /home/sagittarius/ROS2_CM/ros/ros2_ws/install/hellocm_msgs/include/hellocm_msgs/hellocm_msgs/msg/detail/cm2_ext__traits.hpp
-- Up-to-date: /home/sagittarius/ROS2_CM/ros/ros2_ws/install/hellocm_msgs/include/hellocm_msgs/hellocm_msgs/msg/detail/cm2_ext__builder.hpp
-- Up-to-date: /home/sagittarius/ROS2_CM/ros/ros2_ws/install/hellocm_msgs/include/hellocm_msgs/hellocm_msgs/msg/detail/ext2_cm__struct.hpp
-- Up-to-date: /home/sagittarius/ROS2_CM/ros/ros2_ws/install/hellocm_msgs/include/hellocm_msgs/hellocm_msgs/msg/detail/ext2_cm__builder.hpp
-- Up-to-date: /home/sagittarius/ROS2_CM/ros/ros2_ws/install/hellocm_msgs/include/hellocm_msgs/hellocm_msgs/msg/ext2_cm.hpp
-- Up-to-date: /home/sagittarius/ROS2_CM/ros/ros2_ws/install/hellocm_msgs/include/hellocm_msgs/hellocm_msgs/msg/cm2_ext.hpp
-- Up-to-date: /home/sagittarius/ROS2_CM/ros/ros2_ws/install/hellocm_msgs/include/hellocm_msgs/hellocm_msgs/srv
-- Up-to-date: /home/sagittarius/ROS2_CM/ros/ros2_ws/install/hellocm_msgs/include/hellocm_msgs/hellocm_msgs/srv/detail
-- Up-to-date: /home/sagittarius/ROS2_CM/ros/ros2_ws/install/hellocm_msgs/include/hellocm_msgs/hellocm_msgs/srv/detail/init__struct.hpp
-- Up-to-date: /home/sagittarius/ROS2_CM/ros/ros2_ws/install/hellocm_msgs/include/hellocm_msgs/hellocm_msgs/srv/detail/init__builder.hpp
-- Up-to-date: /home/sagittarius/ROS2_CM/ros/ros2_ws/install/hellocm_msgs/include/hellocm_msgs/hellocm_msgs/srv/detail/init__traits.hpp
-- Up-to-date: /home/sagittarius/ROS2_CM/ros/ros2_ws/install/hellocm_msgs/include/hellocm_msgs/hellocm_msgs/srv/init.hpp
-- Up-to-date: /home/sagittarius/ROS2_CM/ros/ros2_ws/install/hellocm_msgs/include/hellocm_msgs/hellocm_msgs
-- Up-to-date: /home/sagittarius/ROS2_CM/ros/ros2_ws/install/hellocm_msgs/include/hellocm_msgs/hellocm_msgs/msg
-- Up-to-date: /home/sagittarius/ROS2_CM/ros/ros2_ws/install/hellocm_msgs/include/hellocm_msgs/hellocm_msgs/msg/detail
-- Up-to-date: /home/sagittarius/ROS2_CM/ros/ros2_ws/install/hellocm_msgs/include/hellocm_msgs/hellocm_msgs/msg/detail/ext2_cm__rosidl_typesupport_fastrtps_cpp.hpp
-- Up-to-date: /home/sagittarius/ROS2_CM/ros/ros2_ws/install/hellocm_msgs/include/hellocm_msgs/hellocm_msgs/msg/detail/cm2_ext__rosidl_typesupport_fastrtps_cpp.hpp
-- Up-to-date: /home/sagittarius/ROS2_CM/ros/ros2_ws/install/hellocm_msgs/include/hellocm_msgs/hellocm_msgs/msg/detail/dds_fastrtps
-- Up-to-date: /home/sagittarius/ROS2_CM/ros/ros2_ws/install/hellocm_msgs/include/hellocm_msgs/hellocm_msgs/msg/rosidl_typesupport_fastrtps_cpp__visibility_control.h
-- Up-to-date: /home/sagittarius/ROS2_CM/ros/ros2_ws/install/hellocm_msgs/include/hellocm_msgs/hellocm_msgs/srv
-- Up-to-date: /home/sagittarius/ROS2_CM/ros/ros2_ws/install/hellocm_msgs/include/hellocm_msgs/hellocm_msgs/srv/detail
-- Up-to-date: /home/sagittarius/ROS2_CM/ros/ros2_ws/install/hellocm_msgs/include/hellocm_msgs/hellocm_msgs/srv/detail/init__rosidl_typesupport_fastrtps_cpp.hpp
-- Up-to-date: /home/sagittarius/ROS2_CM/ros/ros2_ws/install/hellocm_msgs/include/hellocm_msgs/hellocm_msgs/srv/detail/dds_fastrtps
-- Up-to-date: /home/sagittarius/ROS2_CM/ros/ros2_ws/install/hellocm_msgs/lib/libhellocm_msgs__rosidl_typesupport_fastrtps_cpp.so
-- Up-to-date: /home/sagittarius/ROS2_CM/ros/ros2_ws/install/hellocm_msgs/include/hellocm_msgs/hellocm_msgs
-- Up-to-date: /home/sagittarius/ROS2_CM/ros/ros2_ws/install/hellocm_msgs/include/hellocm_msgs/hellocm_msgs/msg
-- Up-to-date: /home/sagittarius/ROS2_CM/ros/ros2_ws/install/hellocm_msgs/include/hellocm_msgs/hellocm_msgs/msg/detail
-- Up-to-date: /home/sagittarius/ROS2_CM/ros/ros2_ws/install/hellocm_msgs/include/hellocm_msgs/hellocm_msgs/msg/detail/cm2_ext__type_support.cpp
-- Up-to-date: /home/sagittarius/ROS2_CM/ros/ros2_ws/install/hellocm_msgs/include/hellocm_msgs/hellocm_msgs/msg/detail/ext2_cm__rosidl_typesupport_introspection_cpp.hpp
-- Up-to-date: /home/sagittarius/ROS2_CM/ros/ros2_ws/install/hellocm_msgs/include/hellocm_msgs/hellocm_msgs/msg/detail/cm2_ext__rosidl_typesupport_introspection_cpp.hpp
-- Up-to-date: /home/sagittarius/ROS2_CM/ros/ros2_ws/install/hellocm_msgs/include/hellocm_msgs/hellocm_msgs/msg/detail/ext2_cm__type_support.cpp
-- Up-to-date: /home/sagittarius/ROS2_CM/ros/ros2_ws/install/hellocm_msgs/include/hellocm_msgs/hellocm_msgs/srv
-- Up-to-date: /home/sagittarius/ROS2_CM/ros/ros2_ws/install/hellocm_msgs/include/hellocm_msgs/hellocm_msgs/srv/detail
-- Up-to-date: /home/sagittarius/ROS2_CM/ros/ros2_ws/install/hellocm_msgs/include/hellocm_msgs/hellocm_msgs/srv/detail/init__rosidl_typesupport_introspection_cpp.hpp
-- Up-to-date: /home/sagittarius/ROS2_CM/ros/ros2_ws/install/hellocm_msgs/include/hellocm_msgs/hellocm_msgs/srv/detail/init__type_support.cpp
-- Up-to-date: /home/sagittarius/ROS2_CM/ros/ros2_ws/install/hellocm_msgs/lib/libhellocm_msgs__rosidl_typesupport_introspection_cpp.so
-- Up-to-date: /home/sagittarius/ROS2_CM/ros/ros2_ws/install/hellocm_msgs/lib/libhellocm_msgs__rosidl_typesupport_cpp.so
-- Up-to-date: /home/sagittarius/ROS2_CM/ros/ros2_ws/install/hellocm_msgs/share/hellocm_msgs/environment/pythonpath.sh
-- Up-to-date: /home/sagittarius/ROS2_CM/ros/ros2_ws/install/hellocm_msgs/share/hellocm_msgs/environment/pythonpath.dsv
-- Up-to-date: /home/sagittarius/ROS2_CM/ros/ros2_ws/install/hellocm_msgs/local/lib/python3.10/dist-packages/hellocm_msgs-0.1.0-py3.10.egg-info
-- Installing: /home/sagittarius/ROS2_CM/ros/ros2_ws/install/hellocm_msgs/local/lib/python3.10/dist-packages/hellocm_msgs-0.1.0-py3.10.egg-info/top_level.txt
-- Installing: /home/sagittarius/ROS2_CM/ros/ros2_ws/install/hellocm_msgs/local/lib/python3.10/dist-packages/hellocm_msgs-0.1.0-py3.10.egg-info/SOURCES.txt
-- Installing: /home/sagittarius/ROS2_CM/ros/ros2_ws/install/hellocm_msgs/local/lib/python3.10/dist-packages/hellocm_msgs-0.1.0-py3.10.egg-info/dependency_links.txt
-- Installing: /home/sagittarius/ROS2_CM/ros/ros2_ws/install/hellocm_msgs/local/lib/python3.10/dist-packages/hellocm_msgs-0.1.0-py3.10.egg-info/PKG-INFO
-- Up-to-date: /home/sagittarius/ROS2_CM/ros/ros2_ws/install/hellocm_msgs/local/lib/python3.10/dist-packages/hellocm_msgs
-- Up-to-date: /home/sagittarius/ROS2_CM/ros/ros2_ws/install/hellocm_msgs/local/lib/python3.10/dist-packages/hellocm_msgs/hellocm_msgs_s__rosidl_typesupport_introspection_c.cpython-310-x86_64-linux-gnu.so
-- Up-to-date: /home/sagittarius/ROS2_CM/ros/ros2_ws/install/hellocm_msgs/local/lib/python3.10/dist-packages/hellocm_msgs/hellocm_msgs_s__rosidl_typesupport_fastrtps_c.cpython-310-x86_64-linux-gnu.so
-- Up-to-date: /home/sagittarius/ROS2_CM/ros/ros2_ws/install/hellocm_msgs/local/lib/python3.10/dist-packages/hellocm_msgs/libhellocm_msgs__rosidl_generator_py.so
-- Up-to-date: /home/sagittarius/ROS2_CM/ros/ros2_ws/install/hellocm_msgs/local/lib/python3.10/dist-packages/hellocm_msgs/_hellocm_msgs_s.ep.rosidl_typesupport_introspection_c.c
-- Up-to-date: /home/sagittarius/ROS2_CM/ros/ros2_ws/install/hellocm_msgs/local/lib/python3.10/dist-packages/hellocm_msgs/_hellocm_msgs_s.ep.rosidl_typesupport_fastrtps_c.c
-- Up-to-date: /home/sagittarius/ROS2_CM/ros/ros2_ws/install/hellocm_msgs/local/lib/python3.10/dist-packages/hellocm_msgs/msg
-- Up-to-date: /home/sagittarius/ROS2_CM/ros/ros2_ws/install/hellocm_msgs/local/lib/python3.10/dist-packages/hellocm_msgs/msg/_cm2_ext.py
-- Up-to-date: /home/sagittarius/ROS2_CM/ros/ros2_ws/install/hellocm_msgs/local/lib/python3.10/dist-packages/hellocm_msgs/msg/_cm2_ext_s.c
-- Up-to-date: /home/sagittarius/ROS2_CM/ros/ros2_ws/install/hellocm_msgs/local/lib/python3.10/dist-packages/hellocm_msgs/msg/_ext2_cm.py
-- Up-to-date: /home/sagittarius/ROS2_CM/ros/ros2_ws/install/hellocm_msgs/local/lib/python3.10/dist-packages/hellocm_msgs/msg/_ext2_cm_s.c
-- Up-to-date: /home/sagittarius/ROS2_CM/ros/ros2_ws/install/hellocm_msgs/local/lib/python3.10/dist-packages/hellocm_msgs/msg/__init__.py
-- Up-to-date: /home/sagittarius/ROS2_CM/ros/ros2_ws/install/hellocm_msgs/local/lib/python3.10/dist-packages/hellocm_msgs/hellocm_msgs_s__rosidl_typesupport_c.cpython-310-x86_64-linux-gnu.so
-- Up-to-date: /home/sagittarius/ROS2_CM/ros/ros2_ws/install/hellocm_msgs/local/lib/python3.10/dist-packages/hellocm_msgs/srv
-- Up-to-date: /home/sagittarius/ROS2_CM/ros/ros2_ws/install/hellocm_msgs/local/lib/python3.10/dist-packages/hellocm_msgs/srv/_init.py
-- Up-to-date: /home/sagittarius/ROS2_CM/ros/ros2_ws/install/hellocm_msgs/local/lib/python3.10/dist-packages/hellocm_msgs/srv/__init__.py
-- Up-to-date: /home/sagittarius/ROS2_CM/ros/ros2_ws/install/hellocm_msgs/local/lib/python3.10/dist-packages/hellocm_msgs/srv/_init_s.c
-- Up-to-date: /home/sagittarius/ROS2_CM/ros/ros2_ws/install/hellocm_msgs/local/lib/python3.10/dist-packages/hellocm_msgs/__init__.py
-- Up-to-date: /home/sagittarius/ROS2_CM/ros/ros2_ws/install/hellocm_msgs/local/lib/python3.10/dist-packages/hellocm_msgs/_hellocm_msgs_s.ep.rosidl_typesupport_c.c
Listing '/home/sagittarius/ROS2_CM/ros/ros2_ws/install/hellocm_msgs/local/lib/python3.10/dist-packages/hellocm_msgs'...
Listing '/home/sagittarius/ROS2_CM/ros/ros2_ws/install/hellocm_msgs/local/lib/python3.10/dist-packages/hellocm_msgs/msg'...
Listing '/home/sagittarius/ROS2_CM/ros/ros2_ws/install/hellocm_msgs/local/lib/python3.10/dist-packages/hellocm_msgs/srv'...
-- Up-to-date: /home/sagittarius/ROS2_CM/ros/ros2_ws/install/hellocm_msgs/local/lib/python3.10/dist-packages/hellocm_msgs/hellocm_msgs_s__rosidl_typesupport_fastrtps_c.cpython-310-x86_64-linux-gnu.so
-- Up-to-date: /home/sagittarius/ROS2_CM/ros/ros2_ws/install/hellocm_msgs/local/lib/python3.10/dist-packages/hellocm_msgs/hellocm_msgs_s__rosidl_typesupport_introspection_c.cpython-310-x86_64-linux-gnu.so
-- Up-to-date: /home/sagittarius/ROS2_CM/ros/ros2_ws/install/hellocm_msgs/local/lib/python3.10/dist-packages/hellocm_msgs/hellocm_msgs_s__rosidl_typesupport_c.cpython-310-x86_64-linux-gnu.so
-- Up-to-date: /home/sagittarius/ROS2_CM/ros/ros2_ws/install/hellocm_msgs/lib/libhellocm_msgs__rosidl_generator_py.so
-- Up-to-date: /home/sagittarius/ROS2_CM/ros/ros2_ws/install/hellocm_msgs/share/hellocm_msgs/msg/CM2Ext.idl
-- Up-to-date: /home/sagittarius/ROS2_CM/ros/ros2_ws/install/hellocm_msgs/share/hellocm_msgs/msg/Ext2CM.idl
-- Up-to-date: /home/sagittarius/ROS2_CM/ros/ros2_ws/install/hellocm_msgs/share/hellocm_msgs/srv/Init.idl
-- Up-to-date: /home/sagittarius/ROS2_CM/ros/ros2_ws/install/hellocm_msgs/share/hellocm_msgs/msg/CM2Ext.msg
-- Up-to-date: /home/sagittarius/ROS2_CM/ros/ros2_ws/install/hellocm_msgs/share/hellocm_msgs/msg/Ext2CM.msg
-- Up-to-date: /home/sagittarius/ROS2_CM/ros/ros2_ws/install/hellocm_msgs/share/hellocm_msgs/srv/Init.srv
-- Up-to-date: /home/sagittarius/ROS2_CM/ros/ros2_ws/install/hellocm_msgs/share/hellocm_msgs/srv/Init_Request.msg
-- Up-to-date: /home/sagittarius/ROS2_CM/ros/ros2_ws/install/hellocm_msgs/share/hellocm_msgs/srv/Init_Response.msg
-- Up-to-date: /home/sagittarius/ROS2_CM/ros/ros2_ws/install/hellocm_msgs/share/ament_index/resource_index/package_run_dependencies/hellocm_msgs
-- Up-to-date: /home/sagittarius/ROS2_CM/ros/ros2_ws/install/hellocm_msgs/share/ament_index/resource_index/parent_prefix_path/hellocm_msgs
-- Up-to-date: /home/sagittarius/ROS2_CM/ros/ros2_ws/install/hellocm_msgs/share/hellocm_msgs/environment/ament_prefix_path.sh
-- Up-to-date: /home/sagittarius/ROS2_CM/ros/ros2_ws/install/hellocm_msgs/share/hellocm_msgs/environment/ament_prefix_path.dsv
-- Up-to-date: /home/sagittarius/ROS2_CM/ros/ros2_ws/install/hellocm_msgs/share/hellocm_msgs/environment/path.sh
-- Up-to-date: /home/sagittarius/ROS2_CM/ros/ros2_ws/install/hellocm_msgs/share/hellocm_msgs/environment/path.dsv
-- Up-to-date: /home/sagittarius/ROS2_CM/ros/ros2_ws/install/hellocm_msgs/share/hellocm_msgs/local_setup.bash
-- Up-to-date: /home/sagittarius/ROS2_CM/ros/ros2_ws/install/hellocm_msgs/share/hellocm_msgs/local_setup.sh
-- Up-to-date: /home/sagittarius/ROS2_CM/ros/ros2_ws/install/hellocm_msgs/share/hellocm_msgs/local_setup.zsh
-- Up-to-date: /home/sagittarius/ROS2_CM/ros/ros2_ws/install/hellocm_msgs/share/hellocm_msgs/local_setup.dsv
-- Installing: /home/sagittarius/ROS2_CM/ros/ros2_ws/install/hellocm_msgs/share/hellocm_msgs/package.dsv
-- Up-to-date: /home/sagittarius/ROS2_CM/ros/ros2_ws/install/hellocm_msgs/share/ament_index/resource_index/packages/hellocm_msgs
-- Up-to-date: /home/sagittarius/ROS2_CM/ros/ros2_ws/install/hellocm_msgs/share/hellocm_msgs/cmake/export_hellocm_msgs__rosidl_generator_cExport.cmake
-- Up-to-date: /home/sagittarius/ROS2_CM/ros/ros2_ws/install/hellocm_msgs/share/hellocm_msgs/cmake/export_hellocm_msgs__rosidl_generator_cExport-noconfig.cmake
-- Up-to-date: /home/sagittarius/ROS2_CM/ros/ros2_ws/install/hellocm_msgs/share/hellocm_msgs/cmake/export_hellocm_msgs__rosidl_typesupport_fastrtps_cExport.cmake
-- Up-to-date: /home/sagittarius/ROS2_CM/ros/ros2_ws/install/hellocm_msgs/share/hellocm_msgs/cmake/export_hellocm_msgs__rosidl_typesupport_fastrtps_cExport-noconfig.cmake
-- Up-to-date: /home/sagittarius/ROS2_CM/ros/ros2_ws/install/hellocm_msgs/share/hellocm_msgs/cmake/hellocm_msgs__rosidl_typesupport_introspection_cExport.cmake
-- Up-to-date: /home/sagittarius/ROS2_CM/ros/ros2_ws/install/hellocm_msgs/share/hellocm_msgs/cmake/hellocm_msgs__rosidl_typesupport_introspection_cExport-noconfig.cmake
-- Up-to-date: /home/sagittarius/ROS2_CM/ros/ros2_ws/install/hellocm_msgs/share/hellocm_msgs/cmake/hellocm_msgs__rosidl_typesupport_cExport.cmake
-- Up-to-date: /home/sagittarius/ROS2_CM/ros/ros2_ws/install/hellocm_msgs/share/hellocm_msgs/cmake/hellocm_msgs__rosidl_typesupport_cExport-noconfig.cmake
-- Up-to-date: /home/sagittarius/ROS2_CM/ros/ros2_ws/install/hellocm_msgs/share/hellocm_msgs/cmake/export_hellocm_msgs__rosidl_generator_cppExport.cmake
-- Up-to-date: /home/sagittarius/ROS2_CM/ros/ros2_ws/install/hellocm_msgs/share/hellocm_msgs/cmake/export_hellocm_msgs__rosidl_typesupport_fastrtps_cppExport.cmake
-- Up-to-date: /home/sagittarius/ROS2_CM/ros/ros2_ws/install/hellocm_msgs/share/hellocm_msgs/cmake/export_hellocm_msgs__rosidl_typesupport_fastrtps_cppExport-noconfig.cmake
-- Up-to-date: /home/sagittarius/ROS2_CM/ros/ros2_ws/install/hellocm_msgs/share/hellocm_msgs/cmake/hellocm_msgs__rosidl_typesupport_introspection_cppExport.cmake
-- Up-to-date: /home/sagittarius/ROS2_CM/ros/ros2_ws/install/hellocm_msgs/share/hellocm_msgs/cmake/hellocm_msgs__rosidl_typesupport_introspection_cppExport-noconfig.cmake
-- Up-to-date: /home/sagittarius/ROS2_CM/ros/ros2_ws/install/hellocm_msgs/share/hellocm_msgs/cmake/hellocm_msgs__rosidl_typesupport_cppExport.cmake
-- Up-to-date: /home/sagittarius/ROS2_CM/ros/ros2_ws/install/hellocm_msgs/share/hellocm_msgs/cmake/hellocm_msgs__rosidl_typesupport_cppExport-noconfig.cmake
-- Up-to-date: /home/sagittarius/ROS2_CM/ros/ros2_ws/install/hellocm_msgs/share/hellocm_msgs/cmake/export_hellocm_msgs__rosidl_generator_pyExport.cmake
-- Up-to-date: /home/sagittarius/ROS2_CM/ros/ros2_ws/install/hellocm_msgs/share/hellocm_msgs/cmake/export_hellocm_msgs__rosidl_generator_pyExport-noconfig.cmake
-- Up-to-date: /home/sagittarius/ROS2_CM/ros/ros2_ws/install/hellocm_msgs/share/hellocm_msgs/cmake/rosidl_cmake-extras.cmake
-- Up-to-date: /home/sagittarius/ROS2_CM/ros/ros2_ws/install/hellocm_msgs/share/hellocm_msgs/cmake/ament_cmake_export_dependencies-extras.cmake
-- Up-to-date: /home/sagittarius/ROS2_CM/ros/ros2_ws/install/hellocm_msgs/share/hellocm_msgs/cmake/ament_cmake_export_include_directories-extras.cmake
-- Up-to-date: /home/sagittarius/ROS2_CM/ros/ros2_ws/install/hellocm_msgs/share/hellocm_msgs/cmake/ament_cmake_export_libraries-extras.cmake
-- Up-to-date: /home/sagittarius/ROS2_CM/ros/ros2_ws/install/hellocm_msgs/share/hellocm_msgs/cmake/ament_cmake_export_targets-extras.cmake
-- Up-to-date: /home/sagittarius/ROS2_CM/ros/ros2_ws/install/hellocm_msgs/share/hellocm_msgs/cmake/rosidl_cmake_export_typesupport_targets-extras.cmake
-- Up-to-date: /home/sagittarius/ROS2_CM/ros/ros2_ws/install/hellocm_msgs/share/hellocm_msgs/cmake/rosidl_cmake_export_typesupport_libraries-extras.cmake
-- Up-to-date: /home/sagittarius/ROS2_CM/ros/ros2_ws/install/hellocm_msgs/share/hellocm_msgs/cmake/hellocm_msgsConfig.cmake
-- Up-to-date: /home/sagittarius/ROS2_CM/ros/ros2_ws/install/hellocm_msgs/share/hellocm_msgs/cmake/hellocm_msgsConfig-version.cmake
-- Up-to-date: /home/sagittarius/ROS2_CM/ros/ros2_ws/install/hellocm_msgs/share/hellocm_msgs/package.xml
