-- Found ament_cmake: 1.3.5 (/opt/ros/humble/share/ament_cmake/cmake)
-- Found rclcpp: 16.0.6 (/opt/ros/humble/share/rclcpp/cmake)
-- Found rosidl_generator_c: 3.1.5 (/opt/ros/humble/share/rosidl_generator_c/cmake)
-- Found rosidl_adapter: 3.1.5 (/opt/ros/humble/share/rosidl_adapter/cmake)
-- Found rosidl_generator_cpp: 3.1.5 (/opt/ros/humble/share/rosidl_generator_cpp/cmake)
-- Using all available rosidl_typesupport_c: rosidl_typesupport_fastrtps_c;rosidl_typesupport_introspection_c
-- Using all available rosidl_typesupport_cpp: rosidl_typesupport_fastrtps_cpp;rosidl_typesupport_introspection_cpp
-- Found rmw_implementation_cmake: 6.1.1 (/opt/ros/humble/share/rmw_implementation_cmake/cmake)
-- Found rmw_fastrtps_cpp: 6.2.4 (/opt/ros/humble/share/rmw_fastrtps_cpp/cmake)
-- Using RMW implementation 'rmw_fastrtps_cpp' as default
-- Found rosidl_default_generators: 1.2.0 (/opt/ros/humble/share/rosidl_default_generators/cmake)
-- Found ament_cmake_ros: 0.10.0 (/opt/ros/humble/share/ament_cmake_ros/cmake)
-- Using all available rosidl_typesupport_c: rosidl_typesupport_fastrtps_c;rosidl_typesupport_introspection_c
-- Using all available rosidl_typesupport_cpp: rosidl_typesupport_fastrtps_cpp;rosidl_typesupport_introspection_cpp
-- Found python_cmake_module: 0.10.0 (/opt/ros/humble/share/python_cmake_module/cmake)
-- Using PYTHON_EXECUTABLE: /usr/bin/python3
-- Using PYTHON_INCLUDE_DIRS: /usr/include/python3.10
-- Using PYTHON_LIBRARIES: /usr/lib/x86_64-linux-gnu/libpython3.10.so
-- Found ament_lint_auto: 0.12.8 (/opt/ros/humble/share/ament_lint_auto/cmake)
-- Added test 'copyright' to check source files copyright and LICENSE
-- Added test 'cppcheck' to perform static code analysis on C / C++ code
-- Configured cppcheck include dirs: $<BUILD_INTERFACE:/home/sagittarius/ROS2_CM/ros/ros2_ws/src/cmrosutils/include>
-- Configured cppcheck exclude dirs and/or files: 
-- Added test 'cpplint' to check C / C++ code against the Google style
-- Configured cpplint exclude dirs and/or files: 
-- Added test 'lint_cmake' to check CMake code style
-- Added test 'uncrustify' to check C / C++ code style
-- Configured uncrustify additional arguments: 
-- Added test 'xmllint' to check XML markup files
-- Configuring done
-- Generating done
-- Build files have been written to: /home/sagittarius/ROS2_CM/ros/ros2_ws/build/cmrosutils
[35m[1mConsolidate compiler generated dependencies of target cmrosutils__rosidl_generator_c[0m
[  3%] Built target cmrosutils__cpp
[ 12%] Built target cmrosutils__rosidl_generator_c
[35m[1mConsolidate compiler generated dependencies of target cmrosutils__rosidl_typesupport_cpp[0m
[35m[1mConsolidate compiler generated dependencies of target cmrosutils__rosidl_typesupport_fastrtps_cpp[0m
[35m[1mConsolidate compiler generated dependencies of target cmrosutils__rosidl_typesupport_introspection_cpp[0m
[35m[1mConsolidate compiler generated dependencies of target cmrosutils__rosidl_typesupport_fastrtps_c[0m
[ 12%] Built target ament_cmake_python_copy_cmrosutils
[35m[1mConsolidate compiler generated dependencies of target cmrosutils__rosidl_typesupport_c[0m
[35m[1mConsolidate compiler generated dependencies of target cmrosutils__rosidl_typesupport_introspection_c[0m
[ 21%] Built target cmrosutils__rosidl_typesupport_cpp
[ 30%] Built target cmrosutils__rosidl_typesupport_fastrtps_cpp
[ 39%] Built target cmrosutils__rosidl_typesupport_introspection_cpp
[ 48%] Built target cmrosutils__rosidl_typesupport_fastrtps_c
[ 57%] Built target cmrosutils__rosidl_typesupport_c
[ 66%] Built target cmrosutils__rosidl_typesupport_introspection_c
[ 66%] Built target cmrosutils
[35m[1mConsolidate compiler generated dependencies of target cmrosif[0m
[ 69%] Built target cmrosutils__py
[ 75%] Built target cmrosif
[35m[1mConsolidate compiler generated dependencies of target cmrosutils__rosidl_generator_py[0m
[ 81%] Built target cmrosutils__rosidl_generator_py
[35m[1mConsolidate compiler generated dependencies of target cmrosutils__rosidl_typesupport_fastrtps_c__pyext[0m
[35m[1mConsolidate compiler generated dependencies of target cmrosutils__rosidl_typesupport_introspection_c__pyext[0m
[35m[1mConsolidate compiler generated dependencies of target cmrosutils__rosidl_typesupport_c__pyext[0m
[100%] Built target cmrosutils__rosidl_typesupport_c__pyext
[100%] Built target cmrosutils__rosidl_typesupport_fastrtps_c__pyext
[100%] Built target cmrosutils__rosidl_typesupport_introspection_c__pyext
running egg_info
writing cmrosutils.egg-info/PKG-INFO
writing dependency_links to cmrosutils.egg-info/dependency_links.txt
writing top-level names to cmrosutils.egg-info/top_level.txt
reading manifest file 'cmrosutils.egg-info/SOURCES.txt'
writing manifest file 'cmrosutils.egg-info/SOURCES.txt'
[100%] Built target ament_cmake_python_build_cmrosutils_egg
-- Install configuration: ""
-- Up-to-date: /home/sagittarius/ROS2_CM/ros/ros2_ws/install/cmrosutils/share/ament_index/resource_index/rosidl_interfaces/cmrosutils
-- Up-to-date: /home/sagittarius/ROS2_CM/ros/ros2_ws/install/cmrosutils/include/cmrosutils/cmrosutils
-- Up-to-date: /home/sagittarius/ROS2_CM/ros/ros2_ws/install/cmrosutils/include/cmrosutils/cmrosutils/msg
-- Up-to-date: /home/sagittarius/ROS2_CM/ros/ros2_ws/install/cmrosutils/include/cmrosutils/cmrosutils/msg/rosidl_generator_c__visibility_control.h
-- Up-to-date: /home/sagittarius/ROS2_CM/ros/ros2_ws/install/cmrosutils/include/cmrosutils/cmrosutils/srv
-- Up-to-date: /home/sagittarius/ROS2_CM/ros/ros2_ws/install/cmrosutils/include/cmrosutils/cmrosutils/srv/detail
-- Up-to-date: /home/sagittarius/ROS2_CM/ros/ros2_ws/install/cmrosutils/include/cmrosutils/cmrosutils/srv/detail/cm_remote_control__functions.c
-- Up-to-date: /home/sagittarius/ROS2_CM/ros/ros2_ws/install/cmrosutils/include/cmrosutils/cmrosutils/srv/detail/cm_remote_control__struct.h
-- Up-to-date: /home/sagittarius/ROS2_CM/ros/ros2_ws/install/cmrosutils/include/cmrosutils/cmrosutils/srv/detail/cm_remote_control__functions.h
-- Up-to-date: /home/sagittarius/ROS2_CM/ros/ros2_ws/install/cmrosutils/include/cmrosutils/cmrosutils/srv/detail/cm_remote_control__type_support.h
-- Up-to-date: /home/sagittarius/ROS2_CM/ros/ros2_ws/install/cmrosutils/include/cmrosutils/cmrosutils/srv/cm_remote_control.h
-- Up-to-date: /home/sagittarius/ROS2_CM/ros/ros2_ws/install/cmrosutils/share/cmrosutils/environment/library_path.sh
-- Installing: /home/sagittarius/ROS2_CM/ros/ros2_ws/install/cmrosutils/share/cmrosutils/environment/library_path.dsv
-- Up-to-date: /home/sagittarius/ROS2_CM/ros/ros2_ws/install/cmrosutils/lib/libcmrosutils__rosidl_generator_c.so
-- Up-to-date: /home/sagittarius/ROS2_CM/ros/ros2_ws/install/cmrosutils/include/cmrosutils/cmrosutils
-- Up-to-date: /home/sagittarius/ROS2_CM/ros/ros2_ws/install/cmrosutils/include/cmrosutils/cmrosutils/msg
-- Up-to-date: /home/sagittarius/ROS2_CM/ros/ros2_ws/install/cmrosutils/include/cmrosutils/cmrosutils/msg/rosidl_typesupport_fastrtps_c__visibility_control.h
-- Up-to-date: /home/sagittarius/ROS2_CM/ros/ros2_ws/install/cmrosutils/include/cmrosutils/cmrosutils/srv
-- Up-to-date: /home/sagittarius/ROS2_CM/ros/ros2_ws/install/cmrosutils/include/cmrosutils/cmrosutils/srv/detail
-- Up-to-date: /home/sagittarius/ROS2_CM/ros/ros2_ws/install/cmrosutils/include/cmrosutils/cmrosutils/srv/detail/cm_remote_control__rosidl_typesupport_fastrtps_c.h
-- Up-to-date: /home/sagittarius/ROS2_CM/ros/ros2_ws/install/cmrosutils/lib/libcmrosutils__rosidl_typesupport_fastrtps_c.so
-- Up-to-date: /home/sagittarius/ROS2_CM/ros/ros2_ws/install/cmrosutils/include/cmrosutils/cmrosutils
-- Up-to-date: /home/sagittarius/ROS2_CM/ros/ros2_ws/install/cmrosutils/include/cmrosutils/cmrosutils/srv
-- Up-to-date: /home/sagittarius/ROS2_CM/ros/ros2_ws/install/cmrosutils/include/cmrosutils/cmrosutils/srv/detail
-- Up-to-date: /home/sagittarius/ROS2_CM/ros/ros2_ws/install/cmrosutils/include/cmrosutils/cmrosutils/srv/detail/cm_remote_control__struct.hpp
-- Up-to-date: /home/sagittarius/ROS2_CM/ros/ros2_ws/install/cmrosutils/include/cmrosutils/cmrosutils/srv/detail/cm_remote_control__traits.hpp
-- Up-to-date: /home/sagittarius/ROS2_CM/ros/ros2_ws/install/cmrosutils/include/cmrosutils/cmrosutils/srv/detail/cm_remote_control__builder.hpp
-- Up-to-date: /home/sagittarius/ROS2_CM/ros/ros2_ws/install/cmrosutils/include/cmrosutils/cmrosutils/srv/cm_remote_control.hpp
-- Up-to-date: /home/sagittarius/ROS2_CM/ros/ros2_ws/install/cmrosutils/include/cmrosutils/cmrosutils
-- Up-to-date: /home/sagittarius/ROS2_CM/ros/ros2_ws/install/cmrosutils/include/cmrosutils/cmrosutils/msg
-- Up-to-date: /home/sagittarius/ROS2_CM/ros/ros2_ws/install/cmrosutils/include/cmrosutils/cmrosutils/msg/rosidl_typesupport_fastrtps_cpp__visibility_control.h
-- Up-to-date: /home/sagittarius/ROS2_CM/ros/ros2_ws/install/cmrosutils/include/cmrosutils/cmrosutils/srv
-- Up-to-date: /home/sagittarius/ROS2_CM/ros/ros2_ws/install/cmrosutils/include/cmrosutils/cmrosutils/srv/detail
-- Up-to-date: /home/sagittarius/ROS2_CM/ros/ros2_ws/install/cmrosutils/include/cmrosutils/cmrosutils/srv/detail/cm_remote_control__rosidl_typesupport_fastrtps_cpp.hpp
-- Up-to-date: /home/sagittarius/ROS2_CM/ros/ros2_ws/install/cmrosutils/include/cmrosutils/cmrosutils/srv/detail/dds_fastrtps
-- Up-to-date: /home/sagittarius/ROS2_CM/ros/ros2_ws/install/cmrosutils/lib/libcmrosutils__rosidl_typesupport_fastrtps_cpp.so
-- Up-to-date: /home/sagittarius/ROS2_CM/ros/ros2_ws/install/cmrosutils/include/cmrosutils/cmrosutils
-- Up-to-date: /home/sagittarius/ROS2_CM/ros/ros2_ws/install/cmrosutils/include/cmrosutils/cmrosutils/msg
-- Up-to-date: /home/sagittarius/ROS2_CM/ros/ros2_ws/install/cmrosutils/include/cmrosutils/cmrosutils/msg/rosidl_typesupport_introspection_c__visibility_control.h
-- Up-to-date: /home/sagittarius/ROS2_CM/ros/ros2_ws/install/cmrosutils/include/cmrosutils/cmrosutils/srv
-- Up-to-date: /home/sagittarius/ROS2_CM/ros/ros2_ws/install/cmrosutils/include/cmrosutils/cmrosutils/srv/detail
-- Up-to-date: /home/sagittarius/ROS2_CM/ros/ros2_ws/install/cmrosutils/include/cmrosutils/cmrosutils/srv/detail/cm_remote_control__rosidl_typesupport_introspection_c.h
-- Up-to-date: /home/sagittarius/ROS2_CM/ros/ros2_ws/install/cmrosutils/include/cmrosutils/cmrosutils/srv/detail/cm_remote_control__type_support.c
-- Up-to-date: /home/sagittarius/ROS2_CM/ros/ros2_ws/install/cmrosutils/lib/libcmrosutils__rosidl_typesupport_introspection_c.so
-- Up-to-date: /home/sagittarius/ROS2_CM/ros/ros2_ws/install/cmrosutils/lib/libcmrosutils__rosidl_typesupport_c.so
-- Up-to-date: /home/sagittarius/ROS2_CM/ros/ros2_ws/install/cmrosutils/include/cmrosutils/cmrosutils
-- Up-to-date: /home/sagittarius/ROS2_CM/ros/ros2_ws/install/cmrosutils/include/cmrosutils/cmrosutils/srv
-- Up-to-date: /home/sagittarius/ROS2_CM/ros/ros2_ws/install/cmrosutils/include/cmrosutils/cmrosutils/srv/detail
-- Up-to-date: /home/sagittarius/ROS2_CM/ros/ros2_ws/install/cmrosutils/include/cmrosutils/cmrosutils/srv/detail/cm_remote_control__type_support.cpp
-- Up-to-date: /home/sagittarius/ROS2_CM/ros/ros2_ws/install/cmrosutils/include/cmrosutils/cmrosutils/srv/detail/cm_remote_control__rosidl_typesupport_introspection_cpp.hpp
-- Up-to-date: /home/sagittarius/ROS2_CM/ros/ros2_ws/install/cmrosutils/lib/libcmrosutils__rosidl_typesupport_introspection_cpp.so
-- Up-to-date: /home/sagittarius/ROS2_CM/ros/ros2_ws/install/cmrosutils/lib/libcmrosutils__rosidl_typesupport_cpp.so
-- Up-to-date: /home/sagittarius/ROS2_CM/ros/ros2_ws/install/cmrosutils/share/cmrosutils/environment/pythonpath.sh
-- Installing: /home/sagittarius/ROS2_CM/ros/ros2_ws/install/cmrosutils/share/cmrosutils/environment/pythonpath.dsv
-- Up-to-date: /home/sagittarius/ROS2_CM/ros/ros2_ws/install/cmrosutils/local/lib/python3.10/dist-packages/cmrosutils-0.1.0-py3.10.egg-info
-- Installing: /home/sagittarius/ROS2_CM/ros/ros2_ws/install/cmrosutils/local/lib/python3.10/dist-packages/cmrosutils-0.1.0-py3.10.egg-info/top_level.txt
-- Installing: /home/sagittarius/ROS2_CM/ros/ros2_ws/install/cmrosutils/local/lib/python3.10/dist-packages/cmrosutils-0.1.0-py3.10.egg-info/SOURCES.txt
-- Installing: /home/sagittarius/ROS2_CM/ros/ros2_ws/install/cmrosutils/local/lib/python3.10/dist-packages/cmrosutils-0.1.0-py3.10.egg-info/dependency_links.txt
-- Installing: /home/sagittarius/ROS2_CM/ros/ros2_ws/install/cmrosutils/local/lib/python3.10/dist-packages/cmrosutils-0.1.0-py3.10.egg-info/PKG-INFO
-- Up-to-date: /home/sagittarius/ROS2_CM/ros/ros2_ws/install/cmrosutils/local/lib/python3.10/dist-packages/cmrosutils
-- Up-to-date: /home/sagittarius/ROS2_CM/ros/ros2_ws/install/cmrosutils/local/lib/python3.10/dist-packages/cmrosutils/_cmrosutils_s.ep.rosidl_typesupport_c.c
-- Up-to-date: /home/sagittarius/ROS2_CM/ros/ros2_ws/install/cmrosutils/local/lib/python3.10/dist-packages/cmrosutils/_cmrosutils_s.ep.rosidl_typesupport_fastrtps_c.c
-- Up-to-date: /home/sagittarius/ROS2_CM/ros/ros2_ws/install/cmrosutils/local/lib/python3.10/dist-packages/cmrosutils/cmrosutils_s__rosidl_typesupport_c.cpython-310-x86_64-linux-gnu.so
-- Up-to-date: /home/sagittarius/ROS2_CM/ros/ros2_ws/install/cmrosutils/local/lib/python3.10/dist-packages/cmrosutils/libcmrosutils__rosidl_generator_py.so
-- Up-to-date: /home/sagittarius/ROS2_CM/ros/ros2_ws/install/cmrosutils/local/lib/python3.10/dist-packages/cmrosutils/cmrosutils_s__rosidl_typesupport_fastrtps_c.cpython-310-x86_64-linux-gnu.so
-- Up-to-date: /home/sagittarius/ROS2_CM/ros/ros2_ws/install/cmrosutils/local/lib/python3.10/dist-packages/cmrosutils/_cmrosutils_s.ep.rosidl_typesupport_introspection_c.c
-- Up-to-date: /home/sagittarius/ROS2_CM/ros/ros2_ws/install/cmrosutils/local/lib/python3.10/dist-packages/cmrosutils/cmrosutils_s__rosidl_typesupport_introspection_c.cpython-310-x86_64-linux-gnu.so
-- Up-to-date: /home/sagittarius/ROS2_CM/ros/ros2_ws/install/cmrosutils/local/lib/python3.10/dist-packages/cmrosutils/srv
-- Up-to-date: /home/sagittarius/ROS2_CM/ros/ros2_ws/install/cmrosutils/local/lib/python3.10/dist-packages/cmrosutils/srv/_cm_remote_control.py
-- Up-to-date: /home/sagittarius/ROS2_CM/ros/ros2_ws/install/cmrosutils/local/lib/python3.10/dist-packages/cmrosutils/srv/__init__.py
-- Up-to-date: /home/sagittarius/ROS2_CM/ros/ros2_ws/install/cmrosutils/local/lib/python3.10/dist-packages/cmrosutils/srv/_cm_remote_control_s.c
-- Installing: /home/sagittarius/ROS2_CM/ros/ros2_ws/install/cmrosutils/local/lib/python3.10/dist-packages/cmrosutils/__init__.py
Listing '/home/sagittarius/ROS2_CM/ros/ros2_ws/install/cmrosutils/local/lib/python3.10/dist-packages/cmrosutils'...
Compiling '/home/sagittarius/ROS2_CM/ros/ros2_ws/install/cmrosutils/local/lib/python3.10/dist-packages/cmrosutils/__init__.py'...
Listing '/home/sagittarius/ROS2_CM/ros/ros2_ws/install/cmrosutils/local/lib/python3.10/dist-packages/cmrosutils/srv'...
-- Up-to-date: /home/sagittarius/ROS2_CM/ros/ros2_ws/install/cmrosutils/local/lib/python3.10/dist-packages/cmrosutils/cmrosutils_s__rosidl_typesupport_fastrtps_c.cpython-310-x86_64-linux-gnu.so
-- Up-to-date: /home/sagittarius/ROS2_CM/ros/ros2_ws/install/cmrosutils/local/lib/python3.10/dist-packages/cmrosutils/cmrosutils_s__rosidl_typesupport_introspection_c.cpython-310-x86_64-linux-gnu.so
-- Up-to-date: /home/sagittarius/ROS2_CM/ros/ros2_ws/install/cmrosutils/local/lib/python3.10/dist-packages/cmrosutils/cmrosutils_s__rosidl_typesupport_c.cpython-310-x86_64-linux-gnu.so
-- Up-to-date: /home/sagittarius/ROS2_CM/ros/ros2_ws/install/cmrosutils/lib/libcmrosutils__rosidl_generator_py.so
-- Up-to-date: /home/sagittarius/ROS2_CM/ros/ros2_ws/install/cmrosutils/share/cmrosutils/srv/CMRemoteControl.idl
-- Up-to-date: /home/sagittarius/ROS2_CM/ros/ros2_ws/install/cmrosutils/share/cmrosutils/srv/CMRemoteControl.srv
-- Up-to-date: /home/sagittarius/ROS2_CM/ros/ros2_ws/install/cmrosutils/share/cmrosutils/srv/CMRemoteControl_Request.msg
-- Up-to-date: /home/sagittarius/ROS2_CM/ros/ros2_ws/install/cmrosutils/share/cmrosutils/srv/CMRemoteControl_Response.msg
-- Up-to-date: /home/sagittarius/ROS2_CM/ros/ros2_ws/install/cmrosutils/include
-- Up-to-date: /home/sagittarius/ROS2_CM/ros/ros2_ws/install/cmrosutils/include/cmrosutils
-- Up-to-date: /home/sagittarius/ROS2_CM/ros/ros2_ws/install/cmrosutils/include/cmrosutils/cmjob_publisher.hpp
-- Up-to-date: /home/sagittarius/ROS2_CM/ros/ros2_ws/install/cmrosutils/include/cmrosutils/CMJob.h
-- Up-to-date: /home/sagittarius/ROS2_CM/ros/ros2_ws/install/cmrosutils/include/cmrosutils/cmcppif.h
-- Up-to-date: /home/sagittarius/ROS2_CM/ros/ros2_ws/install/cmrosutils/include/cmrosutils/cmrosif.hpp
-- Up-to-date: /home/sagittarius/ROS2_CM/ros/ros2_ws/install/cmrosutils/include/cmrosutils/cmjob_subscriber.hpp
-- Up-to-date: /home/sagittarius/ROS2_CM/ros/ros2_ws/install/cmrosutils/lib/libcmrosif.so
-- Up-to-date: /home/sagittarius/ROS2_CM/ros/ros2_ws/install/cmrosutils/share/ament_index/resource_index/package_run_dependencies/cmrosutils
-- Installing: /home/sagittarius/ROS2_CM/ros/ros2_ws/install/cmrosutils/share/ament_index/resource_index/parent_prefix_path/cmrosutils
-- Up-to-date: /home/sagittarius/ROS2_CM/ros/ros2_ws/install/cmrosutils/share/cmrosutils/environment/ament_prefix_path.sh
-- Installing: /home/sagittarius/ROS2_CM/ros/ros2_ws/install/cmrosutils/share/cmrosutils/environment/ament_prefix_path.dsv
-- Up-to-date: /home/sagittarius/ROS2_CM/ros/ros2_ws/install/cmrosutils/share/cmrosutils/environment/path.sh
-- Installing: /home/sagittarius/ROS2_CM/ros/ros2_ws/install/cmrosutils/share/cmrosutils/environment/path.dsv
-- Up-to-date: /home/sagittarius/ROS2_CM/ros/ros2_ws/install/cmrosutils/share/cmrosutils/local_setup.bash
-- Up-to-date: /home/sagittarius/ROS2_CM/ros/ros2_ws/install/cmrosutils/share/cmrosutils/local_setup.sh
-- Up-to-date: /home/sagittarius/ROS2_CM/ros/ros2_ws/install/cmrosutils/share/cmrosutils/local_setup.zsh
-- Installing: /home/sagittarius/ROS2_CM/ros/ros2_ws/install/cmrosutils/share/cmrosutils/local_setup.dsv
-- Installing: /home/sagittarius/ROS2_CM/ros/ros2_ws/install/cmrosutils/share/cmrosutils/package.dsv
-- Up-to-date: /home/sagittarius/ROS2_CM/ros/ros2_ws/install/cmrosutils/share/ament_index/resource_index/packages/cmrosutils
-- Up-to-date: /home/sagittarius/ROS2_CM/ros/ros2_ws/install/cmrosutils/share/cmrosutils/cmake/export_cmrosutils__rosidl_generator_cExport.cmake
-- Up-to-date: /home/sagittarius/ROS2_CM/ros/ros2_ws/install/cmrosutils/share/cmrosutils/cmake/export_cmrosutils__rosidl_generator_cExport-noconfig.cmake
-- Up-to-date: /home/sagittarius/ROS2_CM/ros/ros2_ws/install/cmrosutils/share/cmrosutils/cmake/export_cmrosutils__rosidl_typesupport_fastrtps_cExport.cmake
-- Up-to-date: /home/sagittarius/ROS2_CM/ros/ros2_ws/install/cmrosutils/share/cmrosutils/cmake/export_cmrosutils__rosidl_typesupport_fastrtps_cExport-noconfig.cmake
-- Up-to-date: /home/sagittarius/ROS2_CM/ros/ros2_ws/install/cmrosutils/share/cmrosutils/cmake/export_cmrosutils__rosidl_generator_cppExport.cmake
-- Up-to-date: /home/sagittarius/ROS2_CM/ros/ros2_ws/install/cmrosutils/share/cmrosutils/cmake/export_cmrosutils__rosidl_typesupport_fastrtps_cppExport.cmake
-- Up-to-date: /home/sagittarius/ROS2_CM/ros/ros2_ws/install/cmrosutils/share/cmrosutils/cmake/export_cmrosutils__rosidl_typesupport_fastrtps_cppExport-noconfig.cmake
-- Up-to-date: /home/sagittarius/ROS2_CM/ros/ros2_ws/install/cmrosutils/share/cmrosutils/cmake/cmrosutils__rosidl_typesupport_introspection_cExport.cmake
-- Up-to-date: /home/sagittarius/ROS2_CM/ros/ros2_ws/install/cmrosutils/share/cmrosutils/cmake/cmrosutils__rosidl_typesupport_introspection_cExport-noconfig.cmake
-- Up-to-date: /home/sagittarius/ROS2_CM/ros/ros2_ws/install/cmrosutils/share/cmrosutils/cmake/cmrosutils__rosidl_typesupport_cExport.cmake
-- Up-to-date: /home/sagittarius/ROS2_CM/ros/ros2_ws/install/cmrosutils/share/cmrosutils/cmake/cmrosutils__rosidl_typesupport_cExport-noconfig.cmake
-- Up-to-date: /home/sagittarius/ROS2_CM/ros/ros2_ws/install/cmrosutils/share/cmrosutils/cmake/cmrosutils__rosidl_typesupport_introspection_cppExport.cmake
-- Up-to-date: /home/sagittarius/ROS2_CM/ros/ros2_ws/install/cmrosutils/share/cmrosutils/cmake/cmrosutils__rosidl_typesupport_introspection_cppExport-noconfig.cmake
-- Up-to-date: /home/sagittarius/ROS2_CM/ros/ros2_ws/install/cmrosutils/share/cmrosutils/cmake/cmrosutils__rosidl_typesupport_cppExport.cmake
-- Up-to-date: /home/sagittarius/ROS2_CM/ros/ros2_ws/install/cmrosutils/share/cmrosutils/cmake/cmrosutils__rosidl_typesupport_cppExport-noconfig.cmake
-- Up-to-date: /home/sagittarius/ROS2_CM/ros/ros2_ws/install/cmrosutils/share/cmrosutils/cmake/export_cmrosutils__rosidl_generator_pyExport.cmake
-- Up-to-date: /home/sagittarius/ROS2_CM/ros/ros2_ws/install/cmrosutils/share/cmrosutils/cmake/export_cmrosutils__rosidl_generator_pyExport-noconfig.cmake
-- Up-to-date: /home/sagittarius/ROS2_CM/ros/ros2_ws/install/cmrosutils/share/cmrosutils/cmake/cmrosifTargetsExport.cmake
-- Up-to-date: /home/sagittarius/ROS2_CM/ros/ros2_ws/install/cmrosutils/share/cmrosutils/cmake/cmrosifTargetsExport-noconfig.cmake
-- Up-to-date: /home/sagittarius/ROS2_CM/ros/ros2_ws/install/cmrosutils/share/cmrosutils/cmake/rosidl_cmake-extras.cmake
-- Up-to-date: /home/sagittarius/ROS2_CM/ros/ros2_ws/install/cmrosutils/share/cmrosutils/cmake/ament_cmake_export_dependencies-extras.cmake
-- Up-to-date: /home/sagittarius/ROS2_CM/ros/ros2_ws/install/cmrosutils/share/cmrosutils/cmake/ament_cmake_export_include_directories-extras.cmake
-- Up-to-date: /home/sagittarius/ROS2_CM/ros/ros2_ws/install/cmrosutils/share/cmrosutils/cmake/ament_cmake_export_libraries-extras.cmake
-- Up-to-date: /home/sagittarius/ROS2_CM/ros/ros2_ws/install/cmrosutils/share/cmrosutils/cmake/ament_cmake_export_targets-extras.cmake
-- Up-to-date: /home/sagittarius/ROS2_CM/ros/ros2_ws/install/cmrosutils/share/cmrosutils/cmake/rosidl_cmake_export_typesupport_targets-extras.cmake
-- Up-to-date: /home/sagittarius/ROS2_CM/ros/ros2_ws/install/cmrosutils/share/cmrosutils/cmake/rosidl_cmake_export_typesupport_libraries-extras.cmake
-- Up-to-date: /home/sagittarius/ROS2_CM/ros/ros2_ws/install/cmrosutils/share/cmrosutils/cmake/cmrosutilsConfig.cmake
-- Up-to-date: /home/sagittarius/ROS2_CM/ros/ros2_ws/install/cmrosutils/share/cmrosutils/cmake/cmrosutilsConfig-version.cmake
-- Up-to-date: /home/sagittarius/ROS2_CM/ros/ros2_ws/install/cmrosutils/share/cmrosutils/package.xml
