[0.025s] Invoking command in '/home/sagittarius/ROS2_CM/ros/ros2_ws/build/cmrosutils': CMAKE_PREFIX_PATH=/opt/ros/ros2 /usr/bin/cmake /home/sagittarius/ROS2_CM/ros/ros2_ws/src/cmrosutils -DCMAKE_INSTALL_PREFIX=/home/sagittarius/ROS2_CM/ros/ros2_ws/install/cmrosutils
[0.032s] -- Found ament_cmake: 1.3.5 (/opt/ros/humble/share/ament_cmake/cmake)
[0.123s] -- Found rclcpp: 16.0.6 (/opt/ros/humble/share/rclcpp/cmake)
[0.142s] -- Found rosidl_generator_c: 3.1.5 (/opt/ros/humble/share/rosidl_generator_c/cmake)
[0.144s] -- Found rosidl_adapter: 3.1.5 (/opt/ros/humble/share/rosidl_adapter/cmake)
[0.147s] -- Found rosidl_generator_cpp: 3.1.5 (/opt/ros/humble/share/rosidl_generator_cpp/cmake)
[0.154s] -- Using all available rosidl_typesupport_c: rosidl_typesupport_fastrtps_c;rosidl_typesupport_introspection_c
[0.164s] -- Using all available rosidl_typesupport_cpp: rosidl_typesupport_fastrtps_cpp;rosidl_typesupport_introspection_cpp
[0.201s] -- Found rmw_implementation_cmake: 6.1.1 (/opt/ros/humble/share/rmw_implementation_cmake/cmake)
[0.202s] -- Found rmw_fastrtps_cpp: 6.2.4 (/opt/ros/humble/share/rmw_fastrtps_cpp/cmake)
[0.276s] -- Using RMW implementation 'rmw_fastrtps_cpp' as default
[0.379s] -- Found rosidl_default_generators: 1.2.0 (/opt/ros/humble/share/rosidl_default_generators/cmake)
[0.538s] -- Found ament_cmake_ros: 0.10.0 (/opt/ros/humble/share/ament_cmake_ros/cmake)
[0.728s] -- Using all available rosidl_typesupport_c: rosidl_typesupport_fastrtps_c;rosidl_typesupport_introspection_c
[0.804s] -- Using all available rosidl_typesupport_cpp: rosidl_typesupport_fastrtps_cpp;rosidl_typesupport_introspection_cpp
[0.820s] -- Found python_cmake_module: 0.10.0 (/opt/ros/humble/share/python_cmake_module/cmake)
[0.835s] -- Using PYTHON_EXECUTABLE: /usr/bin/python3
[0.835s] -- Using PYTHON_INCLUDE_DIRS: /usr/include/python3.10
[0.835s] -- Using PYTHON_LIBRARIES: /usr/lib/x86_64-linux-gnu/libpython3.10.so
[0.844s] [0mCMake Deprecation Warning at /opt/ros/humble/share/rosidl_cmake/cmake/rosidl_target_interfaces.cmake:32 (message):
[0.844s]   Use rosidl_get_typesupport_target() and target_link_libraries() instead of
[0.844s]   rosidl_target_interfaces()
[0.844s] Call Stack (most recent call first):
[0.844s]   CMakeLists.txt:77 (rosidl_target_interfaces)
[0.844s] 
[0.845s] [0m
[0.845s] -- Found ament_lint_auto: 0.12.8 (/opt/ros/humble/share/ament_lint_auto/cmake)
[0.849s] -- Added test 'copyright' to check source files copyright and LICENSE
[0.850s] -- Added test 'cppcheck' to perform static code analysis on C / C++ code
[0.850s] -- Configured cppcheck include dirs: $<BUILD_INTERFACE:/home/sagittarius/ROS2_CM/ros/ros2_ws/src/cmrosutils/include>
[0.850s] -- Configured cppcheck exclude dirs and/or files: 
[0.851s] -- Added test 'cpplint' to check C / C++ code against the Google style
[0.851s] -- Configured cpplint exclude dirs and/or files: 
[0.851s] -- Added test 'lint_cmake' to check CMake code style
[0.852s] -- Added test 'uncrustify' to check C / C++ code style
[0.852s] -- Configured uncrustify additional arguments: 
[0.852s] -- Added test 'xmllint' to check XML markup files
[0.852s] -- Configuring done
[0.872s] -- Generating done
[0.874s] -- Build files have been written to: /home/sagittarius/ROS2_CM/ros/ros2_ws/build/cmrosutils
[0.880s] Invoked command in '/home/sagittarius/ROS2_CM/ros/ros2_ws/build/cmrosutils' returned '0': CMAKE_PREFIX_PATH=/opt/ros/ros2 /usr/bin/cmake /home/sagittarius/ROS2_CM/ros/ros2_ws/src/cmrosutils -DCMAKE_INSTALL_PREFIX=/home/sagittarius/ROS2_CM/ros/ros2_ws/install/cmrosutils
[0.881s] Invoking command in '/home/sagittarius/ROS2_CM/ros/ros2_ws/build/cmrosutils': CMAKE_PREFIX_PATH=/opt/ros/ros2 /usr/bin/cmake --build /home/sagittarius/ROS2_CM/ros/ros2_ws/build/cmrosutils -- -j20 -l20
[0.905s] [35m[1mConsolidate compiler generated dependencies of target cmrosutils__rosidl_generator_c[0m
[0.910s] [  3%] Built target cmrosutils__cpp
[0.912s] [ 12%] Built target cmrosutils__rosidl_generator_c
[0.916s] [35m[1mConsolidate compiler generated dependencies of target cmrosutils__rosidl_typesupport_cpp[0m
[0.916s] [35m[1mConsolidate compiler generated dependencies of target cmrosutils__rosidl_typesupport_fastrtps_cpp[0m
[0.916s] [35m[1mConsolidate compiler generated dependencies of target cmrosutils__rosidl_typesupport_introspection_cpp[0m
[0.918s] [35m[1mConsolidate compiler generated dependencies of target cmrosutils__rosidl_typesupport_fastrtps_c[0m
[0.919s] [ 12%] Built target ament_cmake_python_copy_cmrosutils
[0.921s] [35m[1mConsolidate compiler generated dependencies of target cmrosutils__rosidl_typesupport_c[0m
[0.921s] [35m[1mConsolidate compiler generated dependencies of target cmrosutils__rosidl_typesupport_introspection_c[0m
[0.923s] [ 21%] Built target cmrosutils__rosidl_typesupport_cpp
[0.924s] [ 30%] Built target cmrosutils__rosidl_typesupport_fastrtps_cpp
[0.924s] [ 39%] Built target cmrosutils__rosidl_typesupport_introspection_cpp
[0.925s] [ 48%] Built target cmrosutils__rosidl_typesupport_fastrtps_c
[0.928s] [ 57%] Built target cmrosutils__rosidl_typesupport_c
[0.929s] [ 66%] Built target cmrosutils__rosidl_typesupport_introspection_c
[0.940s] [ 66%] Built target cmrosutils
[0.947s] [35m[1mConsolidate compiler generated dependencies of target cmrosif[0m
[0.953s] [ 69%] Built target cmrosutils__py
[0.959s] [ 75%] Built target cmrosif
[0.960s] [35m[1mConsolidate compiler generated dependencies of target cmrosutils__rosidl_generator_py[0m
[0.969s] [ 81%] Built target cmrosutils__rosidl_generator_py
[0.975s] [35m[1mConsolidate compiler generated dependencies of target cmrosutils__rosidl_typesupport_fastrtps_c__pyext[0m
[0.976s] [35m[1mConsolidate compiler generated dependencies of target cmrosutils__rosidl_typesupport_introspection_c__pyext[0m
[0.976s] [35m[1mConsolidate compiler generated dependencies of target cmrosutils__rosidl_typesupport_c__pyext[0m
[0.984s] [100%] Built target cmrosutils__rosidl_typesupport_c__pyext
[0.984s] [100%] Built target cmrosutils__rosidl_typesupport_fastrtps_c__pyext
[0.984s] [100%] Built target cmrosutils__rosidl_typesupport_introspection_c__pyext
[1.065s] running egg_info
[1.065s] writing cmrosutils.egg-info/PKG-INFO
[1.065s] writing dependency_links to cmrosutils.egg-info/dependency_links.txt
[1.065s] writing top-level names to cmrosutils.egg-info/top_level.txt
[1.067s] reading manifest file 'cmrosutils.egg-info/SOURCES.txt'
[1.067s] writing manifest file 'cmrosutils.egg-info/SOURCES.txt'
[1.084s] [100%] Built target ament_cmake_python_build_cmrosutils_egg
[1.108s] Invoked command in '/home/sagittarius/ROS2_CM/ros/ros2_ws/build/cmrosutils' returned '0': CMAKE_PREFIX_PATH=/opt/ros/ros2 /usr/bin/cmake --build /home/sagittarius/ROS2_CM/ros/ros2_ws/build/cmrosutils -- -j20 -l20
[1.137s] Invoking command in '/home/sagittarius/ROS2_CM/ros/ros2_ws/build/cmrosutils': CMAKE_PREFIX_PATH=/opt/ros/ros2 /usr/bin/cmake --install /home/sagittarius/ROS2_CM/ros/ros2_ws/build/cmrosutils
[1.141s] -- Install configuration: ""
[1.141s] -- Up-to-date: /home/sagittarius/ROS2_CM/ros/ros2_ws/install/cmrosutils/share/ament_index/resource_index/rosidl_interfaces/cmrosutils
[1.141s] -- Up-to-date: /home/sagittarius/ROS2_CM/ros/ros2_ws/install/cmrosutils/include/cmrosutils/cmrosutils
[1.141s] -- Up-to-date: /home/sagittarius/ROS2_CM/ros/ros2_ws/install/cmrosutils/include/cmrosutils/cmrosutils/msg
[1.141s] -- Up-to-date: /home/sagittarius/ROS2_CM/ros/ros2_ws/install/cmrosutils/include/cmrosutils/cmrosutils/msg/rosidl_generator_c__visibility_control.h
[1.141s] -- Up-to-date: /home/sagittarius/ROS2_CM/ros/ros2_ws/install/cmrosutils/include/cmrosutils/cmrosutils/srv
[1.141s] -- Up-to-date: /home/sagittarius/ROS2_CM/ros/ros2_ws/install/cmrosutils/include/cmrosutils/cmrosutils/srv/detail
[1.141s] -- Up-to-date: /home/sagittarius/ROS2_CM/ros/ros2_ws/install/cmrosutils/include/cmrosutils/cmrosutils/srv/detail/cm_remote_control__functions.c
[1.141s] -- Up-to-date: /home/sagittarius/ROS2_CM/ros/ros2_ws/install/cmrosutils/include/cmrosutils/cmrosutils/srv/detail/cm_remote_control__struct.h
[1.141s] -- Up-to-date: /home/sagittarius/ROS2_CM/ros/ros2_ws/install/cmrosutils/include/cmrosutils/cmrosutils/srv/detail/cm_remote_control__functions.h
[1.141s] -- Up-to-date: /home/sagittarius/ROS2_CM/ros/ros2_ws/install/cmrosutils/include/cmrosutils/cmrosutils/srv/detail/cm_remote_control__type_support.h
[1.141s] -- Up-to-date: /home/sagittarius/ROS2_CM/ros/ros2_ws/install/cmrosutils/include/cmrosutils/cmrosutils/srv/cm_remote_control.h
[1.141s] -- Up-to-date: /home/sagittarius/ROS2_CM/ros/ros2_ws/install/cmrosutils/share/cmrosutils/environment/library_path.sh
[1.142s] -- Installing: /home/sagittarius/ROS2_CM/ros/ros2_ws/install/cmrosutils/share/cmrosutils/environment/library_path.dsv
[1.142s] -- Up-to-date: /home/sagittarius/ROS2_CM/ros/ros2_ws/install/cmrosutils/lib/libcmrosutils__rosidl_generator_c.so
[1.142s] -- Up-to-date: /home/sagittarius/ROS2_CM/ros/ros2_ws/install/cmrosutils/include/cmrosutils/cmrosutils
[1.142s] -- Up-to-date: /home/sagittarius/ROS2_CM/ros/ros2_ws/install/cmrosutils/include/cmrosutils/cmrosutils/msg
[1.142s] -- Up-to-date: /home/sagittarius/ROS2_CM/ros/ros2_ws/install/cmrosutils/include/cmrosutils/cmrosutils/msg/rosidl_typesupport_fastrtps_c__visibility_control.h
[1.142s] -- Up-to-date: /home/sagittarius/ROS2_CM/ros/ros2_ws/install/cmrosutils/include/cmrosutils/cmrosutils/srv
[1.142s] -- Up-to-date: /home/sagittarius/ROS2_CM/ros/ros2_ws/install/cmrosutils/include/cmrosutils/cmrosutils/srv/detail
[1.142s] -- Up-to-date: /home/sagittarius/ROS2_CM/ros/ros2_ws/install/cmrosutils/include/cmrosutils/cmrosutils/srv/detail/cm_remote_control__rosidl_typesupport_fastrtps_c.h
[1.142s] -- Up-to-date: /home/sagittarius/ROS2_CM/ros/ros2_ws/install/cmrosutils/lib/libcmrosutils__rosidl_typesupport_fastrtps_c.so
[1.142s] -- Up-to-date: /home/sagittarius/ROS2_CM/ros/ros2_ws/install/cmrosutils/include/cmrosutils/cmrosutils
[1.142s] -- Up-to-date: /home/sagittarius/ROS2_CM/ros/ros2_ws/install/cmrosutils/include/cmrosutils/cmrosutils/srv
[1.143s] -- Up-to-date: /home/sagittarius/ROS2_CM/ros/ros2_ws/install/cmrosutils/include/cmrosutils/cmrosutils/srv/detail
[1.143s] -- Up-to-date: /home/sagittarius/ROS2_CM/ros/ros2_ws/install/cmrosutils/include/cmrosutils/cmrosutils/srv/detail/cm_remote_control__struct.hpp
[1.143s] -- Up-to-date: /home/sagittarius/ROS2_CM/ros/ros2_ws/install/cmrosutils/include/cmrosutils/cmrosutils/srv/detail/cm_remote_control__traits.hpp
[1.143s] -- Up-to-date: /home/sagittarius/ROS2_CM/ros/ros2_ws/install/cmrosutils/include/cmrosutils/cmrosutils/srv/detail/cm_remote_control__builder.hpp
[1.144s] -- Up-to-date: /home/sagittarius/ROS2_CM/ros/ros2_ws/install/cmrosutils/include/cmrosutils/cmrosutils/srv/cm_remote_control.hpp
[1.144s] -- Up-to-date: /home/sagittarius/ROS2_CM/ros/ros2_ws/install/cmrosutils/include/cmrosutils/cmrosutils
[1.144s] -- Up-to-date: /home/sagittarius/ROS2_CM/ros/ros2_ws/install/cmrosutils/include/cmrosutils/cmrosutils/msg
[1.144s] -- Up-to-date: /home/sagittarius/ROS2_CM/ros/ros2_ws/install/cmrosutils/include/cmrosutils/cmrosutils/msg/rosidl_typesupport_fastrtps_cpp__visibility_control.h
[1.144s] -- Up-to-date: /home/sagittarius/ROS2_CM/ros/ros2_ws/install/cmrosutils/include/cmrosutils/cmrosutils/srv
[1.144s] -- Up-to-date: /home/sagittarius/ROS2_CM/ros/ros2_ws/install/cmrosutils/include/cmrosutils/cmrosutils/srv/detail
[1.144s] -- Up-to-date: /home/sagittarius/ROS2_CM/ros/ros2_ws/install/cmrosutils/include/cmrosutils/cmrosutils/srv/detail/cm_remote_control__rosidl_typesupport_fastrtps_cpp.hpp
[1.144s] -- Up-to-date: /home/sagittarius/ROS2_CM/ros/ros2_ws/install/cmrosutils/include/cmrosutils/cmrosutils/srv/detail/dds_fastrtps
[1.145s] -- Up-to-date: /home/sagittarius/ROS2_CM/ros/ros2_ws/install/cmrosutils/lib/libcmrosutils__rosidl_typesupport_fastrtps_cpp.so
[1.145s] -- Up-to-date: /home/sagittarius/ROS2_CM/ros/ros2_ws/install/cmrosutils/include/cmrosutils/cmrosutils
[1.145s] -- Up-to-date: /home/sagittarius/ROS2_CM/ros/ros2_ws/install/cmrosutils/include/cmrosutils/cmrosutils/msg
[1.145s] -- Up-to-date: /home/sagittarius/ROS2_CM/ros/ros2_ws/install/cmrosutils/include/cmrosutils/cmrosutils/msg/rosidl_typesupport_introspection_c__visibility_control.h
[1.145s] -- Up-to-date: /home/sagittarius/ROS2_CM/ros/ros2_ws/install/cmrosutils/include/cmrosutils/cmrosutils/srv
[1.145s] -- Up-to-date: /home/sagittarius/ROS2_CM/ros/ros2_ws/install/cmrosutils/include/cmrosutils/cmrosutils/srv/detail
[1.145s] -- Up-to-date: /home/sagittarius/ROS2_CM/ros/ros2_ws/install/cmrosutils/include/cmrosutils/cmrosutils/srv/detail/cm_remote_control__rosidl_typesupport_introspection_c.h
[1.145s] -- Up-to-date: /home/sagittarius/ROS2_CM/ros/ros2_ws/install/cmrosutils/include/cmrosutils/cmrosutils/srv/detail/cm_remote_control__type_support.c
[1.145s] -- Up-to-date: /home/sagittarius/ROS2_CM/ros/ros2_ws/install/cmrosutils/lib/libcmrosutils__rosidl_typesupport_introspection_c.so
[1.145s] -- Up-to-date: /home/sagittarius/ROS2_CM/ros/ros2_ws/install/cmrosutils/lib/libcmrosutils__rosidl_typesupport_c.so
[1.145s] -- Up-to-date: /home/sagittarius/ROS2_CM/ros/ros2_ws/install/cmrosutils/include/cmrosutils/cmrosutils
[1.145s] -- Up-to-date: /home/sagittarius/ROS2_CM/ros/ros2_ws/install/cmrosutils/include/cmrosutils/cmrosutils/srv
[1.145s] -- Up-to-date: /home/sagittarius/ROS2_CM/ros/ros2_ws/install/cmrosutils/include/cmrosutils/cmrosutils/srv/detail
[1.145s] -- Up-to-date: /home/sagittarius/ROS2_CM/ros/ros2_ws/install/cmrosutils/include/cmrosutils/cmrosutils/srv/detail/cm_remote_control__type_support.cpp
[1.145s] -- Up-to-date: /home/sagittarius/ROS2_CM/ros/ros2_ws/install/cmrosutils/include/cmrosutils/cmrosutils/srv/detail/cm_remote_control__rosidl_typesupport_introspection_cpp.hpp
[1.145s] -- Up-to-date: /home/sagittarius/ROS2_CM/ros/ros2_ws/install/cmrosutils/lib/libcmrosutils__rosidl_typesupport_introspection_cpp.so
[1.145s] -- Up-to-date: /home/sagittarius/ROS2_CM/ros/ros2_ws/install/cmrosutils/lib/libcmrosutils__rosidl_typesupport_cpp.so
[1.145s] -- Up-to-date: /home/sagittarius/ROS2_CM/ros/ros2_ws/install/cmrosutils/share/cmrosutils/environment/pythonpath.sh
[1.145s] -- Installing: /home/sagittarius/ROS2_CM/ros/ros2_ws/install/cmrosutils/share/cmrosutils/environment/pythonpath.dsv
[1.146s] -- Up-to-date: /home/sagittarius/ROS2_CM/ros/ros2_ws/install/cmrosutils/local/lib/python3.10/dist-packages/cmrosutils-0.1.0-py3.10.egg-info
[1.146s] -- Installing: /home/sagittarius/ROS2_CM/ros/ros2_ws/install/cmrosutils/local/lib/python3.10/dist-packages/cmrosutils-0.1.0-py3.10.egg-info/top_level.txt
[1.146s] -- Installing: /home/sagittarius/ROS2_CM/ros/ros2_ws/install/cmrosutils/local/lib/python3.10/dist-packages/cmrosutils-0.1.0-py3.10.egg-info/SOURCES.txt
[1.146s] -- Installing: /home/sagittarius/ROS2_CM/ros/ros2_ws/install/cmrosutils/local/lib/python3.10/dist-packages/cmrosutils-0.1.0-py3.10.egg-info/dependency_links.txt
[1.146s] -- Installing: /home/sagittarius/ROS2_CM/ros/ros2_ws/install/cmrosutils/local/lib/python3.10/dist-packages/cmrosutils-0.1.0-py3.10.egg-info/PKG-INFO
[1.146s] -- Up-to-date: /home/sagittarius/ROS2_CM/ros/ros2_ws/install/cmrosutils/local/lib/python3.10/dist-packages/cmrosutils
[1.146s] -- Up-to-date: /home/sagittarius/ROS2_CM/ros/ros2_ws/install/cmrosutils/local/lib/python3.10/dist-packages/cmrosutils/_cmrosutils_s.ep.rosidl_typesupport_c.c
[1.146s] -- Up-to-date: /home/sagittarius/ROS2_CM/ros/ros2_ws/install/cmrosutils/local/lib/python3.10/dist-packages/cmrosutils/_cmrosutils_s.ep.rosidl_typesupport_fastrtps_c.c
[1.146s] -- Up-to-date: /home/sagittarius/ROS2_CM/ros/ros2_ws/install/cmrosutils/local/lib/python3.10/dist-packages/cmrosutils/cmrosutils_s__rosidl_typesupport_c.cpython-310-x86_64-linux-gnu.so
[1.146s] -- Up-to-date: /home/sagittarius/ROS2_CM/ros/ros2_ws/install/cmrosutils/local/lib/python3.10/dist-packages/cmrosutils/libcmrosutils__rosidl_generator_py.so
[1.146s] -- Up-to-date: /home/sagittarius/ROS2_CM/ros/ros2_ws/install/cmrosutils/local/lib/python3.10/dist-packages/cmrosutils/cmrosutils_s__rosidl_typesupport_fastrtps_c.cpython-310-x86_64-linux-gnu.so
[1.146s] -- Up-to-date: /home/sagittarius/ROS2_CM/ros/ros2_ws/install/cmrosutils/local/lib/python3.10/dist-packages/cmrosutils/_cmrosutils_s.ep.rosidl_typesupport_introspection_c.c
[1.146s] -- Up-to-date: /home/sagittarius/ROS2_CM/ros/ros2_ws/install/cmrosutils/local/lib/python3.10/dist-packages/cmrosutils/cmrosutils_s__rosidl_typesupport_introspection_c.cpython-310-x86_64-linux-gnu.so
[1.146s] -- Up-to-date: /home/sagittarius/ROS2_CM/ros/ros2_ws/install/cmrosutils/local/lib/python3.10/dist-packages/cmrosutils/srv
[1.146s] -- Up-to-date: /home/sagittarius/ROS2_CM/ros/ros2_ws/install/cmrosutils/local/lib/python3.10/dist-packages/cmrosutils/srv/_cm_remote_control.py
[1.146s] -- Up-to-date: /home/sagittarius/ROS2_CM/ros/ros2_ws/install/cmrosutils/local/lib/python3.10/dist-packages/cmrosutils/srv/__init__.py
[1.146s] -- Up-to-date: /home/sagittarius/ROS2_CM/ros/ros2_ws/install/cmrosutils/local/lib/python3.10/dist-packages/cmrosutils/srv/_cm_remote_control_s.c
[1.146s] -- Installing: /home/sagittarius/ROS2_CM/ros/ros2_ws/install/cmrosutils/local/lib/python3.10/dist-packages/cmrosutils/__init__.py
[1.163s] Listing '/home/sagittarius/ROS2_CM/ros/ros2_ws/install/cmrosutils/local/lib/python3.10/dist-packages/cmrosutils'...
[1.163s] Compiling '/home/sagittarius/ROS2_CM/ros/ros2_ws/install/cmrosutils/local/lib/python3.10/dist-packages/cmrosutils/__init__.py'...
[1.163s] Listing '/home/sagittarius/ROS2_CM/ros/ros2_ws/install/cmrosutils/local/lib/python3.10/dist-packages/cmrosutils/srv'...
[1.166s] -- Up-to-date: /home/sagittarius/ROS2_CM/ros/ros2_ws/install/cmrosutils/local/lib/python3.10/dist-packages/cmrosutils/cmrosutils_s__rosidl_typesupport_fastrtps_c.cpython-310-x86_64-linux-gnu.so
[1.166s] -- Up-to-date: /home/sagittarius/ROS2_CM/ros/ros2_ws/install/cmrosutils/local/lib/python3.10/dist-packages/cmrosutils/cmrosutils_s__rosidl_typesupport_introspection_c.cpython-310-x86_64-linux-gnu.so
[1.166s] -- Up-to-date: /home/sagittarius/ROS2_CM/ros/ros2_ws/install/cmrosutils/local/lib/python3.10/dist-packages/cmrosutils/cmrosutils_s__rosidl_typesupport_c.cpython-310-x86_64-linux-gnu.so
[1.167s] -- Up-to-date: /home/sagittarius/ROS2_CM/ros/ros2_ws/install/cmrosutils/lib/libcmrosutils__rosidl_generator_py.so
[1.167s] -- Up-to-date: /home/sagittarius/ROS2_CM/ros/ros2_ws/install/cmrosutils/share/cmrosutils/srv/CMRemoteControl.idl
[1.167s] -- Up-to-date: /home/sagittarius/ROS2_CM/ros/ros2_ws/install/cmrosutils/share/cmrosutils/srv/CMRemoteControl.srv
[1.167s] -- Up-to-date: /home/sagittarius/ROS2_CM/ros/ros2_ws/install/cmrosutils/share/cmrosutils/srv/CMRemoteControl_Request.msg
[1.167s] -- Up-to-date: /home/sagittarius/ROS2_CM/ros/ros2_ws/install/cmrosutils/share/cmrosutils/srv/CMRemoteControl_Response.msg
[1.167s] -- Up-to-date: /home/sagittarius/ROS2_CM/ros/ros2_ws/install/cmrosutils/include
[1.167s] -- Up-to-date: /home/sagittarius/ROS2_CM/ros/ros2_ws/install/cmrosutils/include/cmrosutils
[1.167s] -- Up-to-date: /home/sagittarius/ROS2_CM/ros/ros2_ws/install/cmrosutils/include/cmrosutils/cmjob_publisher.hpp
[1.167s] -- Up-to-date: /home/sagittarius/ROS2_CM/ros/ros2_ws/install/cmrosutils/include/cmrosutils/CMJob.h
[1.167s] -- Up-to-date: /home/sagittarius/ROS2_CM/ros/ros2_ws/install/cmrosutils/include/cmrosutils/cmcppif.h
[1.167s] -- Up-to-date: /home/sagittarius/ROS2_CM/ros/ros2_ws/install/cmrosutils/include/cmrosutils/cmrosif.hpp
[1.168s] -- Up-to-date: /home/sagittarius/ROS2_CM/ros/ros2_ws/install/cmrosutils/include/cmrosutils/cmjob_subscriber.hpp
[1.168s] -- Up-to-date: /home/sagittarius/ROS2_CM/ros/ros2_ws/install/cmrosutils/lib/libcmrosif.so
[1.168s] -- Up-to-date: /home/sagittarius/ROS2_CM/ros/ros2_ws/install/cmrosutils/share/ament_index/resource_index/package_run_dependencies/cmrosutils
[1.168s] -- Installing: /home/sagittarius/ROS2_CM/ros/ros2_ws/install/cmrosutils/share/ament_index/resource_index/parent_prefix_path/cmrosutils
[1.168s] -- Up-to-date: /home/sagittarius/ROS2_CM/ros/ros2_ws/install/cmrosutils/share/cmrosutils/environment/ament_prefix_path.sh
[1.168s] -- Installing: /home/sagittarius/ROS2_CM/ros/ros2_ws/install/cmrosutils/share/cmrosutils/environment/ament_prefix_path.dsv
[1.168s] -- Up-to-date: /home/sagittarius/ROS2_CM/ros/ros2_ws/install/cmrosutils/share/cmrosutils/environment/path.sh
[1.168s] -- Installing: /home/sagittarius/ROS2_CM/ros/ros2_ws/install/cmrosutils/share/cmrosutils/environment/path.dsv
[1.168s] -- Up-to-date: /home/sagittarius/ROS2_CM/ros/ros2_ws/install/cmrosutils/share/cmrosutils/local_setup.bash
[1.168s] -- Up-to-date: /home/sagittarius/ROS2_CM/ros/ros2_ws/install/cmrosutils/share/cmrosutils/local_setup.sh
[1.168s] -- Up-to-date: /home/sagittarius/ROS2_CM/ros/ros2_ws/install/cmrosutils/share/cmrosutils/local_setup.zsh
[1.168s] -- Installing: /home/sagittarius/ROS2_CM/ros/ros2_ws/install/cmrosutils/share/cmrosutils/local_setup.dsv
[1.168s] -- Installing: /home/sagittarius/ROS2_CM/ros/ros2_ws/install/cmrosutils/share/cmrosutils/package.dsv
[1.168s] -- Up-to-date: /home/sagittarius/ROS2_CM/ros/ros2_ws/install/cmrosutils/share/ament_index/resource_index/packages/cmrosutils
[1.168s] -- Up-to-date: /home/sagittarius/ROS2_CM/ros/ros2_ws/install/cmrosutils/share/cmrosutils/cmake/export_cmrosutils__rosidl_generator_cExport.cmake
[1.168s] -- Up-to-date: /home/sagittarius/ROS2_CM/ros/ros2_ws/install/cmrosutils/share/cmrosutils/cmake/export_cmrosutils__rosidl_generator_cExport-noconfig.cmake
[1.168s] -- Up-to-date: /home/sagittarius/ROS2_CM/ros/ros2_ws/install/cmrosutils/share/cmrosutils/cmake/export_cmrosutils__rosidl_typesupport_fastrtps_cExport.cmake
[1.168s] -- Up-to-date: /home/sagittarius/ROS2_CM/ros/ros2_ws/install/cmrosutils/share/cmrosutils/cmake/export_cmrosutils__rosidl_typesupport_fastrtps_cExport-noconfig.cmake
[1.168s] -- Up-to-date: /home/sagittarius/ROS2_CM/ros/ros2_ws/install/cmrosutils/share/cmrosutils/cmake/export_cmrosutils__rosidl_generator_cppExport.cmake
[1.168s] -- Up-to-date: /home/sagittarius/ROS2_CM/ros/ros2_ws/install/cmrosutils/share/cmrosutils/cmake/export_cmrosutils__rosidl_typesupport_fastrtps_cppExport.cmake
[1.168s] -- Up-to-date: /home/sagittarius/ROS2_CM/ros/ros2_ws/install/cmrosutils/share/cmrosutils/cmake/export_cmrosutils__rosidl_typesupport_fastrtps_cppExport-noconfig.cmake
[1.168s] -- Up-to-date: /home/sagittarius/ROS2_CM/ros/ros2_ws/install/cmrosutils/share/cmrosutils/cmake/cmrosutils__rosidl_typesupport_introspection_cExport.cmake
[1.168s] -- Up-to-date: /home/sagittarius/ROS2_CM/ros/ros2_ws/install/cmrosutils/share/cmrosutils/cmake/cmrosutils__rosidl_typesupport_introspection_cExport-noconfig.cmake
[1.168s] -- Up-to-date: /home/sagittarius/ROS2_CM/ros/ros2_ws/install/cmrosutils/share/cmrosutils/cmake/cmrosutils__rosidl_typesupport_cExport.cmake
[1.168s] -- Up-to-date: /home/sagittarius/ROS2_CM/ros/ros2_ws/install/cmrosutils/share/cmrosutils/cmake/cmrosutils__rosidl_typesupport_cExport-noconfig.cmake
[1.169s] -- Up-to-date: /home/sagittarius/ROS2_CM/ros/ros2_ws/install/cmrosutils/share/cmrosutils/cmake/cmrosutils__rosidl_typesupport_introspection_cppExport.cmake
[1.169s] -- Up-to-date: /home/sagittarius/ROS2_CM/ros/ros2_ws/install/cmrosutils/share/cmrosutils/cmake/cmrosutils__rosidl_typesupport_introspection_cppExport-noconfig.cmake
[1.169s] -- Up-to-date: /home/sagittarius/ROS2_CM/ros/ros2_ws/install/cmrosutils/share/cmrosutils/cmake/cmrosutils__rosidl_typesupport_cppExport.cmake
[1.169s] -- Up-to-date: /home/sagittarius/ROS2_CM/ros/ros2_ws/install/cmrosutils/share/cmrosutils/cmake/cmrosutils__rosidl_typesupport_cppExport-noconfig.cmake
[1.169s] -- Up-to-date: /home/sagittarius/ROS2_CM/ros/ros2_ws/install/cmrosutils/share/cmrosutils/cmake/export_cmrosutils__rosidl_generator_pyExport.cmake
[1.169s] -- Up-to-date: /home/sagittarius/ROS2_CM/ros/ros2_ws/install/cmrosutils/share/cmrosutils/cmake/export_cmrosutils__rosidl_generator_pyExport-noconfig.cmake
[1.169s] -- Up-to-date: /home/sagittarius/ROS2_CM/ros/ros2_ws/install/cmrosutils/share/cmrosutils/cmake/cmrosifTargetsExport.cmake
[1.169s] -- Up-to-date: /home/sagittarius/ROS2_CM/ros/ros2_ws/install/cmrosutils/share/cmrosutils/cmake/cmrosifTargetsExport-noconfig.cmake
[1.169s] -- Up-to-date: /home/sagittarius/ROS2_CM/ros/ros2_ws/install/cmrosutils/share/cmrosutils/cmake/rosidl_cmake-extras.cmake
[1.169s] -- Up-to-date: /home/sagittarius/ROS2_CM/ros/ros2_ws/install/cmrosutils/share/cmrosutils/cmake/ament_cmake_export_dependencies-extras.cmake
[1.169s] -- Up-to-date: /home/sagittarius/ROS2_CM/ros/ros2_ws/install/cmrosutils/share/cmrosutils/cmake/ament_cmake_export_include_directories-extras.cmake
[1.169s] -- Up-to-date: /home/sagittarius/ROS2_CM/ros/ros2_ws/install/cmrosutils/share/cmrosutils/cmake/ament_cmake_export_libraries-extras.cmake
[1.169s] -- Up-to-date: /home/sagittarius/ROS2_CM/ros/ros2_ws/install/cmrosutils/share/cmrosutils/cmake/ament_cmake_export_targets-extras.cmake
[1.169s] -- Up-to-date: /home/sagittarius/ROS2_CM/ros/ros2_ws/install/cmrosutils/share/cmrosutils/cmake/rosidl_cmake_export_typesupport_targets-extras.cmake
[1.169s] -- Up-to-date: /home/sagittarius/ROS2_CM/ros/ros2_ws/install/cmrosutils/share/cmrosutils/cmake/rosidl_cmake_export_typesupport_libraries-extras.cmake
[1.169s] -- Up-to-date: /home/sagittarius/ROS2_CM/ros/ros2_ws/install/cmrosutils/share/cmrosutils/cmake/cmrosutilsConfig.cmake
[1.169s] -- Up-to-date: /home/sagittarius/ROS2_CM/ros/ros2_ws/install/cmrosutils/share/cmrosutils/cmake/cmrosutilsConfig-version.cmake
[1.169s] -- Up-to-date: /home/sagittarius/ROS2_CM/ros/ros2_ws/install/cmrosutils/share/cmrosutils/package.xml
[1.212s] Invoked command in '/home/sagittarius/ROS2_CM/ros/ros2_ws/build/cmrosutils' returned '0': CMAKE_PREFIX_PATH=/opt/ros/ros2 /usr/bin/cmake --install /home/sagittarius/ROS2_CM/ros/ros2_ws/build/cmrosutils
