Not searching for unused variables given on the command line.
-- The C compiler identification is GNU 11.4.0
-- The CXX compiler identification is GNU 11.4.0
-- Detecting C compiler ABI info
-- Detecting C compiler ABI info - done
-- Check for working C compiler: /usr/bin/cc - skipped
-- Detecting C compile features
-- Detecting C compile features - done
-- Detecting CXX compiler ABI info
-- Detecting CXX compiler ABI info - done
-- Check for working CXX compiler: /usr/bin/c++ - skipped
-- Detecting CXX compile features
-- Detecting CXX compile features - done
-- Found ament_cmake: 1.3.5 (/opt/ros/humble/share/ament_cmake/cmake)
-- Found Python3: /usr/bin/python3.10 (found version "3.10.12") found components: Interpreter 
-- Found rosidl_default_generators: 1.2.0 (/opt/ros/humble/share/rosidl_default_generators/cmake)
-- Using all available rosidl_typesupport_c: rosidl_typesupport_fastrtps_c;rosidl_typesupport_introspection_c
-- Found rosidl_adapter: 3.1.5 (/opt/ros/humble/share/rosidl_adapter/cmake)
-- Using all available rosidl_typesupport_cpp: rosidl_typesupport_fastrtps_cpp;rosidl_typesupport_introspection_cpp
-- Found std_msgs: 4.2.3 (/opt/ros/humble/share/std_msgs/cmake)
-- Found ament_cmake_ros: 0.10.0 (/opt/ros/humble/share/ament_cmake_ros/cmake)
-- Using all available rosidl_typesupport_c: rosidl_typesupport_fastrtps_c;rosidl_typesupport_introspection_c
-- Using all available rosidl_typesupport_cpp: rosidl_typesupport_fastrtps_cpp;rosidl_typesupport_introspection_cpp
-- Found PythonInterp: /usr/bin/python3 (found suitable version "3.10.12", minimum required is "3.6") 
-- Found python_cmake_module: 0.10.0 (/opt/ros/humble/share/python_cmake_module/cmake)
-- Found PythonLibs: /usr/lib/x86_64-linux-gnu/libpython3.10.so (found suitable version "3.10.12", minimum required is "3.5") 
-- Using PYTHON_EXECUTABLE: /usr/bin/python3
-- Using PYTHON_INCLUDE_DIRS: /usr/include/python3.10
-- Using PYTHON_LIBRARIES: /usr/lib/x86_64-linux-gnu/libpython3.10.so
-- Found PythonExtra: .so  
-- Found ament_lint_auto: 0.12.8 (/opt/ros/humble/share/ament_lint_auto/cmake)
-- Added test 'copyright' to check source files copyright and LICENSE
-- Added test 'lint_cmake' to check CMake code style
-- Added test 'xmllint' to check XML markup files
-- Configuring done
-- Generating done
-- Build files have been written to: /home/sagittarius/ROS2_CM/ros/ros2_ws/build/hellocm_msgs
gmake[1]: Entering directory '/home/sagittarius/ROS2_CM/ros/ros2_ws/build/hellocm_msgs'
gmake[2]: Entering directory '/home/sagittarius/ROS2_CM/ros/ros2_ws/build/hellocm_msgs'
gmake[3]: Entering directory '/home/sagittarius/ROS2_CM/ros/ros2_ws/build/hellocm_msgs'
gmake[3]: Entering directory '/home/sagittarius/ROS2_CM/ros/ros2_ws/build/hellocm_msgs'
gmake[3]: Entering directory '/home/sagittarius/ROS2_CM/ros/ros2_ws/build/hellocm_msgs'
[  2%] [34m[1mGenerating C code for ROS interfaces[0m
gmake[3]: Leaving directory '/home/sagittarius/ROS2_CM/ros/ros2_ws/build/hellocm_msgs'
gmake[3]: Leaving directory '/home/sagittarius/ROS2_CM/ros/ros2_ws/build/hellocm_msgs'
gmake[3]: Entering directory '/home/sagittarius/ROS2_CM/ros/ros2_ws/build/hellocm_msgs'
gmake[3]: Entering directory '/home/sagittarius/ROS2_CM/ros/ros2_ws/build/hellocm_msgs'
[  4%] [34m[1mGenerating C++ code for ROS interfaces[0m
gmake[3]: Leaving directory '/home/sagittarius/ROS2_CM/ros/ros2_ws/build/hellocm_msgs'
[  4%] Built target ament_cmake_python_copy_hellocm_msgs
gmake[3]: Entering directory '/home/sagittarius/ROS2_CM/ros/ros2_ws/build/hellocm_msgs'
gmake[3]: Leaving directory '/home/sagittarius/ROS2_CM/ros/ros2_ws/build/hellocm_msgs'
gmake[3]: Entering directory '/home/sagittarius/ROS2_CM/ros/ros2_ws/build/hellocm_msgs'
running egg_info
creating hellocm_msgs.egg-info
writing hellocm_msgs.egg-info/PKG-INFO
writing dependency_links to hellocm_msgs.egg-info/dependency_links.txt
writing top-level names to hellocm_msgs.egg-info/top_level.txt
writing manifest file 'hellocm_msgs.egg-info/SOURCES.txt'
reading manifest file 'hellocm_msgs.egg-info/SOURCES.txt'
writing manifest file 'hellocm_msgs.egg-info/SOURCES.txt'
gmake[3]: Leaving directory '/home/sagittarius/ROS2_CM/ros/ros2_ws/build/hellocm_msgs'
[  4%] Built target ament_cmake_python_build_hellocm_msgs_egg
gmake[3]: Leaving directory '/home/sagittarius/ROS2_CM/ros/ros2_ws/build/hellocm_msgs'
[  4%] Built target hellocm_msgs__cpp
gmake[3]: Entering directory '/home/sagittarius/ROS2_CM/ros/ros2_ws/build/hellocm_msgs'
gmake[3]: Entering directory '/home/sagittarius/ROS2_CM/ros/ros2_ws/build/hellocm_msgs'
gmake[3]: Entering directory '/home/sagittarius/ROS2_CM/ros/ros2_ws/build/hellocm_msgs'
gmake[3]: Leaving directory '/home/sagittarius/ROS2_CM/ros/ros2_ws/build/hellocm_msgs'
gmake[3]: Entering directory '/home/sagittarius/ROS2_CM/ros/ros2_ws/build/hellocm_msgs'
[  6%] [34m[1mGenerating C++ type support dispatch for ROS interfaces[0m
[  8%] [34m[1mGenerating C++ type support for eProsima Fast-RTPS[0m
[ 10%] [34m[1mGenerating C++ introspection for ROS interfaces[0m
[ 12%] [32mBuilding C object CMakeFiles/hellocm_msgs__rosidl_generator_c.dir/rosidl_generator_c/hellocm_msgs/msg/detail/cm2_ext__functions.c.o[0m
[ 14%] [32mBuilding C object CMakeFiles/hellocm_msgs__rosidl_generator_c.dir/rosidl_generator_c/hellocm_msgs/msg/detail/ext2_cm__functions.c.o[0m
[ 17%] [32mBuilding C object CMakeFiles/hellocm_msgs__rosidl_generator_c.dir/rosidl_generator_c/hellocm_msgs/srv/detail/init__functions.c.o[0m
[ 19%] [32m[1mLinking C shared library libhellocm_msgs__rosidl_generator_c.so[0m
gmake[3]: Leaving directory '/home/sagittarius/ROS2_CM/ros/ros2_ws/build/hellocm_msgs'
[ 19%] Built target hellocm_msgs__rosidl_generator_c
gmake[3]: Entering directory '/home/sagittarius/ROS2_CM/ros/ros2_ws/build/hellocm_msgs'
gmake[3]: Entering directory '/home/sagittarius/ROS2_CM/ros/ros2_ws/build/hellocm_msgs'
gmake[3]: Entering directory '/home/sagittarius/ROS2_CM/ros/ros2_ws/build/hellocm_msgs'
[ 21%] [34m[1mGenerating C type support for eProsima Fast-RTPS[0m
[ 25%] [34m[1mGenerating C type support dispatch for ROS interfaces[0m
[ 25%] [34m[1mGenerating C introspection for ROS interfaces[0m
gmake[3]: Leaving directory '/home/sagittarius/ROS2_CM/ros/ros2_ws/build/hellocm_msgs'
gmake[3]: Entering directory '/home/sagittarius/ROS2_CM/ros/ros2_ws/build/hellocm_msgs'
[ 27%] [32mBuilding CXX object CMakeFiles/hellocm_msgs__rosidl_typesupport_introspection_cpp.dir/rosidl_typesupport_introspection_cpp/hellocm_msgs/msg/detail/cm2_ext__type_support.cpp.o[0m
[ 29%] [32mBuilding CXX object CMakeFiles/hellocm_msgs__rosidl_typesupport_introspection_cpp.dir/rosidl_typesupport_introspection_cpp/hellocm_msgs/msg/detail/ext2_cm__type_support.cpp.o[0m
[ 31%] [32mBuilding CXX object CMakeFiles/hellocm_msgs__rosidl_typesupport_introspection_cpp.dir/rosidl_typesupport_introspection_cpp/hellocm_msgs/srv/detail/init__type_support.cpp.o[0m
gmake[3]: Leaving directory '/home/sagittarius/ROS2_CM/ros/ros2_ws/build/hellocm_msgs'
gmake[3]: Entering directory '/home/sagittarius/ROS2_CM/ros/ros2_ws/build/hellocm_msgs'
[ 36%] [32mBuilding CXX object CMakeFiles/hellocm_msgs__rosidl_typesupport_fastrtps_cpp.dir/rosidl_typesupport_fastrtps_cpp/hellocm_msgs/msg/detail/dds_fastrtps/cm2_ext__type_support.cpp.o[0m
[ 36%] [32mBuilding CXX object CMakeFiles/hellocm_msgs__rosidl_typesupport_fastrtps_cpp.dir/rosidl_typesupport_fastrtps_cpp/hellocm_msgs/msg/detail/dds_fastrtps/ext2_cm__type_support.cpp.o[0m
[ 38%] [32mBuilding CXX object CMakeFiles/hellocm_msgs__rosidl_typesupport_fastrtps_cpp.dir/rosidl_typesupport_fastrtps_cpp/hellocm_msgs/srv/detail/dds_fastrtps/init__type_support.cpp.o[0m
gmake[3]: Leaving directory '/home/sagittarius/ROS2_CM/ros/ros2_ws/build/hellocm_msgs'
gmake[3]: Entering directory '/home/sagittarius/ROS2_CM/ros/ros2_ws/build/hellocm_msgs'
[ 40%] [32mBuilding CXX object CMakeFiles/hellocm_msgs__rosidl_typesupport_c.dir/rosidl_typesupport_c/hellocm_msgs/msg/cm2_ext__type_support.cpp.o[0m
[ 42%] [32mBuilding CXX object CMakeFiles/hellocm_msgs__rosidl_typesupport_c.dir/rosidl_typesupport_c/hellocm_msgs/msg/ext2_cm__type_support.cpp.o[0m
[ 44%] [32mBuilding CXX object CMakeFiles/hellocm_msgs__rosidl_typesupport_c.dir/rosidl_typesupport_c/hellocm_msgs/srv/init__type_support.cpp.o[0m
[ 46%] [32m[1mLinking CXX shared library libhellocm_msgs__rosidl_typesupport_c.so[0m
gmake[3]: Leaving directory '/home/sagittarius/ROS2_CM/ros/ros2_ws/build/hellocm_msgs'
[ 46%] Built target hellocm_msgs__rosidl_typesupport_c
gmake[3]: Leaving directory '/home/sagittarius/ROS2_CM/ros/ros2_ws/build/hellocm_msgs'
gmake[3]: Entering directory '/home/sagittarius/ROS2_CM/ros/ros2_ws/build/hellocm_msgs'
[ 48%] [32mBuilding C object CMakeFiles/hellocm_msgs__rosidl_typesupport_introspection_c.dir/rosidl_typesupport_introspection_c/hellocm_msgs/msg/detail/cm2_ext__type_support.c.o[0m
[ 51%] [32mBuilding C object CMakeFiles/hellocm_msgs__rosidl_typesupport_introspection_c.dir/rosidl_typesupport_introspection_c/hellocm_msgs/srv/detail/init__type_support.c.o[0m
gmake[3]: Leaving directory '/home/sagittarius/ROS2_CM/ros/ros2_ws/build/hellocm_msgs'
gmake[3]: Entering directory '/home/sagittarius/ROS2_CM/ros/ros2_ws/build/hellocm_msgs'
[ 53%] [32mBuilding C object CMakeFiles/hellocm_msgs__rosidl_typesupport_introspection_c.dir/rosidl_typesupport_introspection_c/hellocm_msgs/msg/detail/ext2_cm__type_support.c.o[0m
[ 57%] [32mBuilding CXX object CMakeFiles/hellocm_msgs__rosidl_typesupport_cpp.dir/rosidl_typesupport_cpp/hellocm_msgs/msg/ext2_cm__type_support.cpp.o[0m
[ 59%] [32mBuilding CXX object CMakeFiles/hellocm_msgs__rosidl_typesupport_cpp.dir/rosidl_typesupport_cpp/hellocm_msgs/msg/cm2_ext__type_support.cpp.o[0m
[ 59%] [32mBuilding CXX object CMakeFiles/hellocm_msgs__rosidl_typesupport_cpp.dir/rosidl_typesupport_cpp/hellocm_msgs/srv/init__type_support.cpp.o[0m
[ 61%] [32m[1mLinking C shared library libhellocm_msgs__rosidl_typesupport_introspection_c.so[0m
gmake[3]: Leaving directory '/home/sagittarius/ROS2_CM/ros/ros2_ws/build/hellocm_msgs'
[ 61%] Built target hellocm_msgs__rosidl_typesupport_introspection_c
gmake[3]: Leaving directory '/home/sagittarius/ROS2_CM/ros/ros2_ws/build/hellocm_msgs'
gmake[3]: Entering directory '/home/sagittarius/ROS2_CM/ros/ros2_ws/build/hellocm_msgs'
[ 63%] [32mBuilding CXX object CMakeFiles/hellocm_msgs__rosidl_typesupport_fastrtps_c.dir/rosidl_typesupport_fastrtps_c/hellocm_msgs/msg/detail/ext2_cm__type_support_c.cpp.o[0m
[ 65%] [32mBuilding CXX object CMakeFiles/hellocm_msgs__rosidl_typesupport_fastrtps_c.dir/rosidl_typesupport_fastrtps_c/hellocm_msgs/msg/detail/cm2_ext__type_support_c.cpp.o[0m
[ 68%] [32mBuilding CXX object CMakeFiles/hellocm_msgs__rosidl_typesupport_fastrtps_c.dir/rosidl_typesupport_fastrtps_c/hellocm_msgs/srv/detail/init__type_support_c.cpp.o[0m
[ 70%] [32m[1mLinking CXX shared library libhellocm_msgs__rosidl_typesupport_cpp.so[0m
gmake[3]: Leaving directory '/home/sagittarius/ROS2_CM/ros/ros2_ws/build/hellocm_msgs'
[ 70%] Built target hellocm_msgs__rosidl_typesupport_cpp
[ 72%] [32m[1mLinking CXX shared library libhellocm_msgs__rosidl_typesupport_fastrtps_cpp.so[0m
[ 74%] [32m[1mLinking CXX shared library libhellocm_msgs__rosidl_typesupport_introspection_cpp.so[0m
gmake[3]: Leaving directory '/home/sagittarius/ROS2_CM/ros/ros2_ws/build/hellocm_msgs'
[ 74%] Built target hellocm_msgs__rosidl_typesupport_fastrtps_cpp
gmake[3]: Leaving directory '/home/sagittarius/ROS2_CM/ros/ros2_ws/build/hellocm_msgs'
[ 74%] Built target hellocm_msgs__rosidl_typesupport_introspection_cpp
[ 76%] [32m[1mLinking CXX shared library libhellocm_msgs__rosidl_typesupport_fastrtps_c.so[0m
gmake[3]: Leaving directory '/home/sagittarius/ROS2_CM/ros/ros2_ws/build/hellocm_msgs'
[ 76%] Built target hellocm_msgs__rosidl_typesupport_fastrtps_c
gmake[3]: Entering directory '/home/sagittarius/ROS2_CM/ros/ros2_ws/build/hellocm_msgs'
gmake[3]: Leaving directory '/home/sagittarius/ROS2_CM/ros/ros2_ws/build/hellocm_msgs'
[ 76%] Built target hellocm_msgs
gmake[3]: Entering directory '/home/sagittarius/ROS2_CM/ros/ros2_ws/build/hellocm_msgs'
gmake[3]: Leaving directory '/home/sagittarius/ROS2_CM/ros/ros2_ws/build/hellocm_msgs'
gmake[3]: Entering directory '/home/sagittarius/ROS2_CM/ros/ros2_ws/build/hellocm_msgs'
[ 78%] [34m[1mGenerating Python code for ROS interfaces[0m
gmake[3]: Leaving directory '/home/sagittarius/ROS2_CM/ros/ros2_ws/build/hellocm_msgs'
[ 78%] Built target hellocm_msgs__py
gmake[3]: Entering directory '/home/sagittarius/ROS2_CM/ros/ros2_ws/build/hellocm_msgs'
gmake[3]: Leaving directory '/home/sagittarius/ROS2_CM/ros/ros2_ws/build/hellocm_msgs'
gmake[3]: Entering directory '/home/sagittarius/ROS2_CM/ros/ros2_ws/build/hellocm_msgs'
[ 82%] [32mBuilding C object CMakeFiles/hellocm_msgs__rosidl_generator_py.dir/rosidl_generator_py/hellocm_msgs/msg/_ext2_cm_s.c.o[0m
[ 82%] [32mBuilding C object CMakeFiles/hellocm_msgs__rosidl_generator_py.dir/rosidl_generator_py/hellocm_msgs/msg/_cm2_ext_s.c.o[0m
[ 85%] [32mBuilding C object CMakeFiles/hellocm_msgs__rosidl_generator_py.dir/rosidl_generator_py/hellocm_msgs/srv/_init_s.c.o[0m
[ 87%] [32m[1mLinking C shared library rosidl_generator_py/hellocm_msgs/libhellocm_msgs__rosidl_generator_py.so[0m
gmake[3]: Leaving directory '/home/sagittarius/ROS2_CM/ros/ros2_ws/build/hellocm_msgs'
[ 87%] Built target hellocm_msgs__rosidl_generator_py
gmake[3]: Entering directory '/home/sagittarius/ROS2_CM/ros/ros2_ws/build/hellocm_msgs'
gmake[3]: Entering directory '/home/sagittarius/ROS2_CM/ros/ros2_ws/build/hellocm_msgs'
gmake[3]: Entering directory '/home/sagittarius/ROS2_CM/ros/ros2_ws/build/hellocm_msgs'
gmake[3]: Leaving directory '/home/sagittarius/ROS2_CM/ros/ros2_ws/build/hellocm_msgs'
gmake[3]: Leaving directory '/home/sagittarius/ROS2_CM/ros/ros2_ws/build/hellocm_msgs'
gmake[3]: Leaving directory '/home/sagittarius/ROS2_CM/ros/ros2_ws/build/hellocm_msgs'
gmake[3]: Entering directory '/home/sagittarius/ROS2_CM/ros/ros2_ws/build/hellocm_msgs'
gmake[3]: Entering directory '/home/sagittarius/ROS2_CM/ros/ros2_ws/build/hellocm_msgs'
gmake[3]: Entering directory '/home/sagittarius/ROS2_CM/ros/ros2_ws/build/hellocm_msgs'
[ 93%] [32mBuilding C object CMakeFiles/hellocm_msgs__rosidl_typesupport_c__pyext.dir/rosidl_generator_py/hellocm_msgs/_hellocm_msgs_s.ep.rosidl_typesupport_c.c.o[0m
[ 91%] [32mBuilding C object CMakeFiles/hellocm_msgs__rosidl_typesupport_introspection_c__pyext.dir/rosidl_generator_py/hellocm_msgs/_hellocm_msgs_s.ep.rosidl_typesupport_introspection_c.c.o[0m
[ 93%] [32mBuilding C object CMakeFiles/hellocm_msgs__rosidl_typesupport_fastrtps_c__pyext.dir/rosidl_generator_py/hellocm_msgs/_hellocm_msgs_s.ep.rosidl_typesupport_fastrtps_c.c.o[0m
[100%] [32m[1mLinking C shared library rosidl_generator_py/hellocm_msgs/hellocm_msgs_s__rosidl_typesupport_c.cpython-310-x86_64-linux-gnu.so[0m
[100%] [32m[1mLinking C shared library rosidl_generator_py/hellocm_msgs/hellocm_msgs_s__rosidl_typesupport_fastrtps_c.cpython-310-x86_64-linux-gnu.so[0m
[100%] [32m[1mLinking C shared library rosidl_generator_py/hellocm_msgs/hellocm_msgs_s__rosidl_typesupport_introspection_c.cpython-310-x86_64-linux-gnu.so[0m
gmake[3]: Leaving directory '/home/sagittarius/ROS2_CM/ros/ros2_ws/build/hellocm_msgs'
gmake[3]: Leaving directory '/home/sagittarius/ROS2_CM/ros/ros2_ws/build/hellocm_msgs'
gmake[3]: Leaving directory '/home/sagittarius/ROS2_CM/ros/ros2_ws/build/hellocm_msgs'
[100%] Built target hellocm_msgs__rosidl_typesupport_fastrtps_c__pyext
[100%] Built target hellocm_msgs__rosidl_typesupport_introspection_c__pyext
[100%] Built target hellocm_msgs__rosidl_typesupport_c__pyext
gmake[2]: Leaving directory '/home/sagittarius/ROS2_CM/ros/ros2_ws/build/hellocm_msgs'
gmake[1]: Leaving directory '/home/sagittarius/ROS2_CM/ros/ros2_ws/build/hellocm_msgs'
-- Install configuration: ""
-- Installing: /home/sagittarius/ROS2_CM/ros/ros2_ws/install/hellocm_msgs/share/ament_index/resource_index/rosidl_interfaces/hellocm_msgs
-- Installing: /home/sagittarius/ROS2_CM/ros/ros2_ws/install/hellocm_msgs/include/hellocm_msgs/hellocm_msgs
-- Installing: /home/sagittarius/ROS2_CM/ros/ros2_ws/install/hellocm_msgs/include/hellocm_msgs/hellocm_msgs/msg
-- Installing: /home/sagittarius/ROS2_CM/ros/ros2_ws/install/hellocm_msgs/include/hellocm_msgs/hellocm_msgs/msg/rosidl_generator_c__visibility_control.h
-- Installing: /home/sagittarius/ROS2_CM/ros/ros2_ws/install/hellocm_msgs/include/hellocm_msgs/hellocm_msgs/msg/detail
-- Installing: /home/sagittarius/ROS2_CM/ros/ros2_ws/install/hellocm_msgs/include/hellocm_msgs/hellocm_msgs/msg/detail/ext2_cm__type_support.h
-- Installing: /home/sagittarius/ROS2_CM/ros/ros2_ws/install/hellocm_msgs/include/hellocm_msgs/hellocm_msgs/msg/detail/ext2_cm__functions.c
-- Installing: /home/sagittarius/ROS2_CM/ros/ros2_ws/install/hellocm_msgs/include/hellocm_msgs/hellocm_msgs/msg/detail/cm2_ext__type_support.h
-- Installing: /home/sagittarius/ROS2_CM/ros/ros2_ws/install/hellocm_msgs/include/hellocm_msgs/hellocm_msgs/msg/detail/cm2_ext__struct.h
-- Installing: /home/sagittarius/ROS2_CM/ros/ros2_ws/install/hellocm_msgs/include/hellocm_msgs/hellocm_msgs/msg/detail/ext2_cm__struct.h
-- Installing: /home/sagittarius/ROS2_CM/ros/ros2_ws/install/hellocm_msgs/include/hellocm_msgs/hellocm_msgs/msg/detail/ext2_cm__functions.h
-- Installing: /home/sagittarius/ROS2_CM/ros/ros2_ws/install/hellocm_msgs/include/hellocm_msgs/hellocm_msgs/msg/detail/cm2_ext__functions.h
-- Installing: /home/sagittarius/ROS2_CM/ros/ros2_ws/install/hellocm_msgs/include/hellocm_msgs/hellocm_msgs/msg/detail/cm2_ext__functions.c
-- Installing: /home/sagittarius/ROS2_CM/ros/ros2_ws/install/hellocm_msgs/include/hellocm_msgs/hellocm_msgs/msg/ext2_cm.h
-- Installing: /home/sagittarius/ROS2_CM/ros/ros2_ws/install/hellocm_msgs/include/hellocm_msgs/hellocm_msgs/msg/cm2_ext.h
-- Installing: /home/sagittarius/ROS2_CM/ros/ros2_ws/install/hellocm_msgs/include/hellocm_msgs/hellocm_msgs/srv
-- Installing: /home/sagittarius/ROS2_CM/ros/ros2_ws/install/hellocm_msgs/include/hellocm_msgs/hellocm_msgs/srv/detail
-- Installing: /home/sagittarius/ROS2_CM/ros/ros2_ws/install/hellocm_msgs/include/hellocm_msgs/hellocm_msgs/srv/detail/init__struct.h
-- Installing: /home/sagittarius/ROS2_CM/ros/ros2_ws/install/hellocm_msgs/include/hellocm_msgs/hellocm_msgs/srv/detail/init__functions.c
-- Installing: /home/sagittarius/ROS2_CM/ros/ros2_ws/install/hellocm_msgs/include/hellocm_msgs/hellocm_msgs/srv/detail/init__functions.h
-- Installing: /home/sagittarius/ROS2_CM/ros/ros2_ws/install/hellocm_msgs/include/hellocm_msgs/hellocm_msgs/srv/detail/init__type_support.h
-- Installing: /home/sagittarius/ROS2_CM/ros/ros2_ws/install/hellocm_msgs/include/hellocm_msgs/hellocm_msgs/srv/init.h
-- Installing: /home/sagittarius/ROS2_CM/ros/ros2_ws/install/hellocm_msgs/share/hellocm_msgs/environment/library_path.sh
-- Installing: /home/sagittarius/ROS2_CM/ros/ros2_ws/install/hellocm_msgs/share/hellocm_msgs/environment/library_path.dsv
-- Installing: /home/sagittarius/ROS2_CM/ros/ros2_ws/install/hellocm_msgs/lib/libhellocm_msgs__rosidl_generator_c.so
-- Set runtime path of "/home/sagittarius/ROS2_CM/ros/ros2_ws/install/hellocm_msgs/lib/libhellocm_msgs__rosidl_generator_c.so" to ""
-- Up-to-date: /home/sagittarius/ROS2_CM/ros/ros2_ws/install/hellocm_msgs/include/hellocm_msgs/hellocm_msgs
-- Up-to-date: /home/sagittarius/ROS2_CM/ros/ros2_ws/install/hellocm_msgs/include/hellocm_msgs/hellocm_msgs/msg
-- Up-to-date: /home/sagittarius/ROS2_CM/ros/ros2_ws/install/hellocm_msgs/include/hellocm_msgs/hellocm_msgs/msg/detail
-- Installing: /home/sagittarius/ROS2_CM/ros/ros2_ws/install/hellocm_msgs/include/hellocm_msgs/hellocm_msgs/msg/detail/cm2_ext__rosidl_typesupport_fastrtps_c.h
-- Installing: /home/sagittarius/ROS2_CM/ros/ros2_ws/install/hellocm_msgs/include/hellocm_msgs/hellocm_msgs/msg/detail/ext2_cm__rosidl_typesupport_fastrtps_c.h
-- Installing: /home/sagittarius/ROS2_CM/ros/ros2_ws/install/hellocm_msgs/include/hellocm_msgs/hellocm_msgs/msg/rosidl_typesupport_fastrtps_c__visibility_control.h
-- Up-to-date: /home/sagittarius/ROS2_CM/ros/ros2_ws/install/hellocm_msgs/include/hellocm_msgs/hellocm_msgs/srv
-- Up-to-date: /home/sagittarius/ROS2_CM/ros/ros2_ws/install/hellocm_msgs/include/hellocm_msgs/hellocm_msgs/srv/detail
-- Installing: /home/sagittarius/ROS2_CM/ros/ros2_ws/install/hellocm_msgs/include/hellocm_msgs/hellocm_msgs/srv/detail/init__rosidl_typesupport_fastrtps_c.h
-- Installing: /home/sagittarius/ROS2_CM/ros/ros2_ws/install/hellocm_msgs/lib/libhellocm_msgs__rosidl_typesupport_fastrtps_c.so
-- Set runtime path of "/home/sagittarius/ROS2_CM/ros/ros2_ws/install/hellocm_msgs/lib/libhellocm_msgs__rosidl_typesupport_fastrtps_c.so" to ""
-- Up-to-date: /home/sagittarius/ROS2_CM/ros/ros2_ws/install/hellocm_msgs/include/hellocm_msgs/hellocm_msgs
-- Up-to-date: /home/sagittarius/ROS2_CM/ros/ros2_ws/install/hellocm_msgs/include/hellocm_msgs/hellocm_msgs/msg
-- Up-to-date: /home/sagittarius/ROS2_CM/ros/ros2_ws/install/hellocm_msgs/include/hellocm_msgs/hellocm_msgs/msg/detail
-- Installing: /home/sagittarius/ROS2_CM/ros/ros2_ws/install/hellocm_msgs/include/hellocm_msgs/hellocm_msgs/msg/detail/ext2_cm__rosidl_typesupport_introspection_c.h
-- Installing: /home/sagittarius/ROS2_CM/ros/ros2_ws/install/hellocm_msgs/include/hellocm_msgs/hellocm_msgs/msg/detail/cm2_ext__type_support.c
-- Installing: /home/sagittarius/ROS2_CM/ros/ros2_ws/install/hellocm_msgs/include/hellocm_msgs/hellocm_msgs/msg/detail/cm2_ext__rosidl_typesupport_introspection_c.h
-- Installing: /home/sagittarius/ROS2_CM/ros/ros2_ws/install/hellocm_msgs/include/hellocm_msgs/hellocm_msgs/msg/detail/ext2_cm__type_support.c
-- Installing: /home/sagittarius/ROS2_CM/ros/ros2_ws/install/hellocm_msgs/include/hellocm_msgs/hellocm_msgs/msg/rosidl_typesupport_introspection_c__visibility_control.h
-- Up-to-date: /home/sagittarius/ROS2_CM/ros/ros2_ws/install/hellocm_msgs/include/hellocm_msgs/hellocm_msgs/srv
-- Up-to-date: /home/sagittarius/ROS2_CM/ros/ros2_ws/install/hellocm_msgs/include/hellocm_msgs/hellocm_msgs/srv/detail
-- Installing: /home/sagittarius/ROS2_CM/ros/ros2_ws/install/hellocm_msgs/include/hellocm_msgs/hellocm_msgs/srv/detail/init__rosidl_typesupport_introspection_c.h
-- Installing: /home/sagittarius/ROS2_CM/ros/ros2_ws/install/hellocm_msgs/include/hellocm_msgs/hellocm_msgs/srv/detail/init__type_support.c
-- Installing: /home/sagittarius/ROS2_CM/ros/ros2_ws/install/hellocm_msgs/lib/libhellocm_msgs__rosidl_typesupport_introspection_c.so
-- Set runtime path of "/home/sagittarius/ROS2_CM/ros/ros2_ws/install/hellocm_msgs/lib/libhellocm_msgs__rosidl_typesupport_introspection_c.so" to ""
-- Installing: /home/sagittarius/ROS2_CM/ros/ros2_ws/install/hellocm_msgs/lib/libhellocm_msgs__rosidl_typesupport_c.so
-- Set runtime path of "/home/sagittarius/ROS2_CM/ros/ros2_ws/install/hellocm_msgs/lib/libhellocm_msgs__rosidl_typesupport_c.so" to ""
-- Up-to-date: /home/sagittarius/ROS2_CM/ros/ros2_ws/install/hellocm_msgs/include/hellocm_msgs/hellocm_msgs
-- Up-to-date: /home/sagittarius/ROS2_CM/ros/ros2_ws/install/hellocm_msgs/include/hellocm_msgs/hellocm_msgs/msg
-- Up-to-date: /home/sagittarius/ROS2_CM/ros/ros2_ws/install/hellocm_msgs/include/hellocm_msgs/hellocm_msgs/msg/detail
-- Installing: /home/sagittarius/ROS2_CM/ros/ros2_ws/install/hellocm_msgs/include/hellocm_msgs/hellocm_msgs/msg/detail/cm2_ext__struct.hpp
-- Installing: /home/sagittarius/ROS2_CM/ros/ros2_ws/install/hellocm_msgs/include/hellocm_msgs/hellocm_msgs/msg/detail/ext2_cm__traits.hpp
-- Installing: /home/sagittarius/ROS2_CM/ros/ros2_ws/install/hellocm_msgs/include/hellocm_msgs/hellocm_msgs/msg/detail/cm2_ext__traits.hpp
-- Installing: /home/sagittarius/ROS2_CM/ros/ros2_ws/install/hellocm_msgs/include/hellocm_msgs/hellocm_msgs/msg/detail/cm2_ext__builder.hpp
-- Installing: /home/sagittarius/ROS2_CM/ros/ros2_ws/install/hellocm_msgs/include/hellocm_msgs/hellocm_msgs/msg/detail/ext2_cm__struct.hpp
-- Installing: /home/sagittarius/ROS2_CM/ros/ros2_ws/install/hellocm_msgs/include/hellocm_msgs/hellocm_msgs/msg/detail/ext2_cm__builder.hpp
-- Installing: /home/sagittarius/ROS2_CM/ros/ros2_ws/install/hellocm_msgs/include/hellocm_msgs/hellocm_msgs/msg/ext2_cm.hpp
-- Installing: /home/sagittarius/ROS2_CM/ros/ros2_ws/install/hellocm_msgs/include/hellocm_msgs/hellocm_msgs/msg/cm2_ext.hpp
-- Up-to-date: /home/sagittarius/ROS2_CM/ros/ros2_ws/install/hellocm_msgs/include/hellocm_msgs/hellocm_msgs/srv
-- Up-to-date: /home/sagittarius/ROS2_CM/ros/ros2_ws/install/hellocm_msgs/include/hellocm_msgs/hellocm_msgs/srv/detail
-- Installing: /home/sagittarius/ROS2_CM/ros/ros2_ws/install/hellocm_msgs/include/hellocm_msgs/hellocm_msgs/srv/detail/init__struct.hpp
-- Installing: /home/sagittarius/ROS2_CM/ros/ros2_ws/install/hellocm_msgs/include/hellocm_msgs/hellocm_msgs/srv/detail/init__builder.hpp
-- Installing: /home/sagittarius/ROS2_CM/ros/ros2_ws/install/hellocm_msgs/include/hellocm_msgs/hellocm_msgs/srv/detail/init__traits.hpp
-- Installing: /home/sagittarius/ROS2_CM/ros/ros2_ws/install/hellocm_msgs/include/hellocm_msgs/hellocm_msgs/srv/init.hpp
-- Up-to-date: /home/sagittarius/ROS2_CM/ros/ros2_ws/install/hellocm_msgs/include/hellocm_msgs/hellocm_msgs
-- Up-to-date: /home/sagittarius/ROS2_CM/ros/ros2_ws/install/hellocm_msgs/include/hellocm_msgs/hellocm_msgs/msg
-- Up-to-date: /home/sagittarius/ROS2_CM/ros/ros2_ws/install/hellocm_msgs/include/hellocm_msgs/hellocm_msgs/msg/detail
-- Installing: /home/sagittarius/ROS2_CM/ros/ros2_ws/install/hellocm_msgs/include/hellocm_msgs/hellocm_msgs/msg/detail/ext2_cm__rosidl_typesupport_fastrtps_cpp.hpp
-- Installing: /home/sagittarius/ROS2_CM/ros/ros2_ws/install/hellocm_msgs/include/hellocm_msgs/hellocm_msgs/msg/detail/cm2_ext__rosidl_typesupport_fastrtps_cpp.hpp
-- Installing: /home/sagittarius/ROS2_CM/ros/ros2_ws/install/hellocm_msgs/include/hellocm_msgs/hellocm_msgs/msg/detail/dds_fastrtps
-- Installing: /home/sagittarius/ROS2_CM/ros/ros2_ws/install/hellocm_msgs/include/hellocm_msgs/hellocm_msgs/msg/rosidl_typesupport_fastrtps_cpp__visibility_control.h
-- Up-to-date: /home/sagittarius/ROS2_CM/ros/ros2_ws/install/hellocm_msgs/include/hellocm_msgs/hellocm_msgs/srv
-- Up-to-date: /home/sagittarius/ROS2_CM/ros/ros2_ws/install/hellocm_msgs/include/hellocm_msgs/hellocm_msgs/srv/detail
-- Installing: /home/sagittarius/ROS2_CM/ros/ros2_ws/install/hellocm_msgs/include/hellocm_msgs/hellocm_msgs/srv/detail/init__rosidl_typesupport_fastrtps_cpp.hpp
-- Installing: /home/sagittarius/ROS2_CM/ros/ros2_ws/install/hellocm_msgs/include/hellocm_msgs/hellocm_msgs/srv/detail/dds_fastrtps
-- Installing: /home/sagittarius/ROS2_CM/ros/ros2_ws/install/hellocm_msgs/lib/libhellocm_msgs__rosidl_typesupport_fastrtps_cpp.so
-- Set runtime path of "/home/sagittarius/ROS2_CM/ros/ros2_ws/install/hellocm_msgs/lib/libhellocm_msgs__rosidl_typesupport_fastrtps_cpp.so" to ""
-- Up-to-date: /home/sagittarius/ROS2_CM/ros/ros2_ws/install/hellocm_msgs/include/hellocm_msgs/hellocm_msgs
-- Up-to-date: /home/sagittarius/ROS2_CM/ros/ros2_ws/install/hellocm_msgs/include/hellocm_msgs/hellocm_msgs/msg
-- Up-to-date: /home/sagittarius/ROS2_CM/ros/ros2_ws/install/hellocm_msgs/include/hellocm_msgs/hellocm_msgs/msg/detail
-- Installing: /home/sagittarius/ROS2_CM/ros/ros2_ws/install/hellocm_msgs/include/hellocm_msgs/hellocm_msgs/msg/detail/cm2_ext__type_support.cpp
-- Installing: /home/sagittarius/ROS2_CM/ros/ros2_ws/install/hellocm_msgs/include/hellocm_msgs/hellocm_msgs/msg/detail/ext2_cm__rosidl_typesupport_introspection_cpp.hpp
-- Installing: /home/sagittarius/ROS2_CM/ros/ros2_ws/install/hellocm_msgs/include/hellocm_msgs/hellocm_msgs/msg/detail/cm2_ext__rosidl_typesupport_introspection_cpp.hpp
-- Installing: /home/sagittarius/ROS2_CM/ros/ros2_ws/install/hellocm_msgs/include/hellocm_msgs/hellocm_msgs/msg/detail/ext2_cm__type_support.cpp
-- Up-to-date: /home/sagittarius/ROS2_CM/ros/ros2_ws/install/hellocm_msgs/include/hellocm_msgs/hellocm_msgs/srv
-- Up-to-date: /home/sagittarius/ROS2_CM/ros/ros2_ws/install/hellocm_msgs/include/hellocm_msgs/hellocm_msgs/srv/detail
-- Installing: /home/sagittarius/ROS2_CM/ros/ros2_ws/install/hellocm_msgs/include/hellocm_msgs/hellocm_msgs/srv/detail/init__rosidl_typesupport_introspection_cpp.hpp
-- Installing: /home/sagittarius/ROS2_CM/ros/ros2_ws/install/hellocm_msgs/include/hellocm_msgs/hellocm_msgs/srv/detail/init__type_support.cpp
-- Installing: /home/sagittarius/ROS2_CM/ros/ros2_ws/install/hellocm_msgs/lib/libhellocm_msgs__rosidl_typesupport_introspection_cpp.so
-- Set runtime path of "/home/sagittarius/ROS2_CM/ros/ros2_ws/install/hellocm_msgs/lib/libhellocm_msgs__rosidl_typesupport_introspection_cpp.so" to ""
-- Installing: /home/sagittarius/ROS2_CM/ros/ros2_ws/install/hellocm_msgs/lib/libhellocm_msgs__rosidl_typesupport_cpp.so
-- Set runtime path of "/home/sagittarius/ROS2_CM/ros/ros2_ws/install/hellocm_msgs/lib/libhellocm_msgs__rosidl_typesupport_cpp.so" to ""
-- Installing: /home/sagittarius/ROS2_CM/ros/ros2_ws/install/hellocm_msgs/share/hellocm_msgs/environment/pythonpath.sh
-- Installing: /home/sagittarius/ROS2_CM/ros/ros2_ws/install/hellocm_msgs/share/hellocm_msgs/environment/pythonpath.dsv
-- Installing: /home/sagittarius/ROS2_CM/ros/ros2_ws/install/hellocm_msgs/local/lib/python3.10/dist-packages/hellocm_msgs-0.1.0-py3.10.egg-info
-- Installing: /home/sagittarius/ROS2_CM/ros/ros2_ws/install/hellocm_msgs/local/lib/python3.10/dist-packages/hellocm_msgs-0.1.0-py3.10.egg-info/top_level.txt
-- Installing: /home/sagittarius/ROS2_CM/ros/ros2_ws/install/hellocm_msgs/local/lib/python3.10/dist-packages/hellocm_msgs-0.1.0-py3.10.egg-info/SOURCES.txt
-- Installing: /home/sagittarius/ROS2_CM/ros/ros2_ws/install/hellocm_msgs/local/lib/python3.10/dist-packages/hellocm_msgs-0.1.0-py3.10.egg-info/dependency_links.txt
-- Installing: /home/sagittarius/ROS2_CM/ros/ros2_ws/install/hellocm_msgs/local/lib/python3.10/dist-packages/hellocm_msgs-0.1.0-py3.10.egg-info/PKG-INFO
-- Installing: /home/sagittarius/ROS2_CM/ros/ros2_ws/install/hellocm_msgs/local/lib/python3.10/dist-packages/hellocm_msgs
-- Installing: /home/sagittarius/ROS2_CM/ros/ros2_ws/install/hellocm_msgs/local/lib/python3.10/dist-packages/hellocm_msgs/hellocm_msgs_s__rosidl_typesupport_introspection_c.cpython-310-x86_64-linux-gnu.so
-- Installing: /home/sagittarius/ROS2_CM/ros/ros2_ws/install/hellocm_msgs/local/lib/python3.10/dist-packages/hellocm_msgs/hellocm_msgs_s__rosidl_typesupport_fastrtps_c.cpython-310-x86_64-linux-gnu.so
-- Installing: /home/sagittarius/ROS2_CM/ros/ros2_ws/install/hellocm_msgs/local/lib/python3.10/dist-packages/hellocm_msgs/libhellocm_msgs__rosidl_generator_py.so
-- Installing: /home/sagittarius/ROS2_CM/ros/ros2_ws/install/hellocm_msgs/local/lib/python3.10/dist-packages/hellocm_msgs/_hellocm_msgs_s.ep.rosidl_typesupport_introspection_c.c
-- Installing: /home/sagittarius/ROS2_CM/ros/ros2_ws/install/hellocm_msgs/local/lib/python3.10/dist-packages/hellocm_msgs/_hellocm_msgs_s.ep.rosidl_typesupport_fastrtps_c.c
-- Installing: /home/sagittarius/ROS2_CM/ros/ros2_ws/install/hellocm_msgs/local/lib/python3.10/dist-packages/hellocm_msgs/msg
-- Installing: /home/sagittarius/ROS2_CM/ros/ros2_ws/install/hellocm_msgs/local/lib/python3.10/dist-packages/hellocm_msgs/msg/_cm2_ext.py
-- Installing: /home/sagittarius/ROS2_CM/ros/ros2_ws/install/hellocm_msgs/local/lib/python3.10/dist-packages/hellocm_msgs/msg/_cm2_ext_s.c
-- Installing: /home/sagittarius/ROS2_CM/ros/ros2_ws/install/hellocm_msgs/local/lib/python3.10/dist-packages/hellocm_msgs/msg/_ext2_cm.py
-- Installing: /home/sagittarius/ROS2_CM/ros/ros2_ws/install/hellocm_msgs/local/lib/python3.10/dist-packages/hellocm_msgs/msg/_ext2_cm_s.c
-- Installing: /home/sagittarius/ROS2_CM/ros/ros2_ws/install/hellocm_msgs/local/lib/python3.10/dist-packages/hellocm_msgs/msg/__init__.py
-- Installing: /home/sagittarius/ROS2_CM/ros/ros2_ws/install/hellocm_msgs/local/lib/python3.10/dist-packages/hellocm_msgs/hellocm_msgs_s__rosidl_typesupport_c.cpython-310-x86_64-linux-gnu.so
-- Installing: /home/sagittarius/ROS2_CM/ros/ros2_ws/install/hellocm_msgs/local/lib/python3.10/dist-packages/hellocm_msgs/srv
-- Installing: /home/sagittarius/ROS2_CM/ros/ros2_ws/install/hellocm_msgs/local/lib/python3.10/dist-packages/hellocm_msgs/srv/_init.py
-- Installing: /home/sagittarius/ROS2_CM/ros/ros2_ws/install/hellocm_msgs/local/lib/python3.10/dist-packages/hellocm_msgs/srv/__init__.py
-- Installing: /home/sagittarius/ROS2_CM/ros/ros2_ws/install/hellocm_msgs/local/lib/python3.10/dist-packages/hellocm_msgs/srv/_init_s.c
-- Installing: /home/sagittarius/ROS2_CM/ros/ros2_ws/install/hellocm_msgs/local/lib/python3.10/dist-packages/hellocm_msgs/__init__.py
-- Installing: /home/sagittarius/ROS2_CM/ros/ros2_ws/install/hellocm_msgs/local/lib/python3.10/dist-packages/hellocm_msgs/_hellocm_msgs_s.ep.rosidl_typesupport_c.c
Listing '/home/sagittarius/ROS2_CM/ros/ros2_ws/install/hellocm_msgs/local/lib/python3.10/dist-packages/hellocm_msgs'...
Compiling '/home/sagittarius/ROS2_CM/ros/ros2_ws/install/hellocm_msgs/local/lib/python3.10/dist-packages/hellocm_msgs/__init__.py'...
Listing '/home/sagittarius/ROS2_CM/ros/ros2_ws/install/hellocm_msgs/local/lib/python3.10/dist-packages/hellocm_msgs/msg'...
Compiling '/home/sagittarius/ROS2_CM/ros/ros2_ws/install/hellocm_msgs/local/lib/python3.10/dist-packages/hellocm_msgs/msg/__init__.py'...
Compiling '/home/sagittarius/ROS2_CM/ros/ros2_ws/install/hellocm_msgs/local/lib/python3.10/dist-packages/hellocm_msgs/msg/_cm2_ext.py'...
Compiling '/home/sagittarius/ROS2_CM/ros/ros2_ws/install/hellocm_msgs/local/lib/python3.10/dist-packages/hellocm_msgs/msg/_ext2_cm.py'...
Listing '/home/sagittarius/ROS2_CM/ros/ros2_ws/install/hellocm_msgs/local/lib/python3.10/dist-packages/hellocm_msgs/srv'...
Compiling '/home/sagittarius/ROS2_CM/ros/ros2_ws/install/hellocm_msgs/local/lib/python3.10/dist-packages/hellocm_msgs/srv/__init__.py'...
Compiling '/home/sagittarius/ROS2_CM/ros/ros2_ws/install/hellocm_msgs/local/lib/python3.10/dist-packages/hellocm_msgs/srv/_init.py'...
-- Installing: /home/sagittarius/ROS2_CM/ros/ros2_ws/install/hellocm_msgs/local/lib/python3.10/dist-packages/hellocm_msgs/hellocm_msgs_s__rosidl_typesupport_fastrtps_c.cpython-310-x86_64-linux-gnu.so
-- Set runtime path of "/home/sagittarius/ROS2_CM/ros/ros2_ws/install/hellocm_msgs/local/lib/python3.10/dist-packages/hellocm_msgs/hellocm_msgs_s__rosidl_typesupport_fastrtps_c.cpython-310-x86_64-linux-gnu.so" to ""
-- Installing: /home/sagittarius/ROS2_CM/ros/ros2_ws/install/hellocm_msgs/local/lib/python3.10/dist-packages/hellocm_msgs/hellocm_msgs_s__rosidl_typesupport_introspection_c.cpython-310-x86_64-linux-gnu.so
-- Set runtime path of "/home/sagittarius/ROS2_CM/ros/ros2_ws/install/hellocm_msgs/local/lib/python3.10/dist-packages/hellocm_msgs/hellocm_msgs_s__rosidl_typesupport_introspection_c.cpython-310-x86_64-linux-gnu.so" to ""
-- Installing: /home/sagittarius/ROS2_CM/ros/ros2_ws/install/hellocm_msgs/local/lib/python3.10/dist-packages/hellocm_msgs/hellocm_msgs_s__rosidl_typesupport_c.cpython-310-x86_64-linux-gnu.so
-- Set runtime path of "/home/sagittarius/ROS2_CM/ros/ros2_ws/install/hellocm_msgs/local/lib/python3.10/dist-packages/hellocm_msgs/hellocm_msgs_s__rosidl_typesupport_c.cpython-310-x86_64-linux-gnu.so" to ""
-- Installing: /home/sagittarius/ROS2_CM/ros/ros2_ws/install/hellocm_msgs/lib/libhellocm_msgs__rosidl_generator_py.so
-- Set runtime path of "/home/sagittarius/ROS2_CM/ros/ros2_ws/install/hellocm_msgs/lib/libhellocm_msgs__rosidl_generator_py.so" to ""
-- Installing: /home/sagittarius/ROS2_CM/ros/ros2_ws/install/hellocm_msgs/share/hellocm_msgs/msg/CM2Ext.idl
-- Installing: /home/sagittarius/ROS2_CM/ros/ros2_ws/install/hellocm_msgs/share/hellocm_msgs/msg/Ext2CM.idl
-- Installing: /home/sagittarius/ROS2_CM/ros/ros2_ws/install/hellocm_msgs/share/hellocm_msgs/srv/Init.idl
-- Installing: /home/sagittarius/ROS2_CM/ros/ros2_ws/install/hellocm_msgs/share/hellocm_msgs/msg/CM2Ext.msg
-- Installing: /home/sagittarius/ROS2_CM/ros/ros2_ws/install/hellocm_msgs/share/hellocm_msgs/msg/Ext2CM.msg
-- Installing: /home/sagittarius/ROS2_CM/ros/ros2_ws/install/hellocm_msgs/share/hellocm_msgs/srv/Init.srv
-- Installing: /home/sagittarius/ROS2_CM/ros/ros2_ws/install/hellocm_msgs/share/hellocm_msgs/srv/Init_Request.msg
-- Installing: /home/sagittarius/ROS2_CM/ros/ros2_ws/install/hellocm_msgs/share/hellocm_msgs/srv/Init_Response.msg
-- Installing: /home/sagittarius/ROS2_CM/ros/ros2_ws/install/hellocm_msgs/share/ament_index/resource_index/package_run_dependencies/hellocm_msgs
-- Installing: /home/sagittarius/ROS2_CM/ros/ros2_ws/install/hellocm_msgs/share/ament_index/resource_index/parent_prefix_path/hellocm_msgs
-- Installing: /home/sagittarius/ROS2_CM/ros/ros2_ws/install/hellocm_msgs/share/hellocm_msgs/environment/ament_prefix_path.sh
-- Installing: /home/sagittarius/ROS2_CM/ros/ros2_ws/install/hellocm_msgs/share/hellocm_msgs/environment/ament_prefix_path.dsv
-- Installing: /home/sagittarius/ROS2_CM/ros/ros2_ws/install/hellocm_msgs/share/hellocm_msgs/environment/path.sh
-- Installing: /home/sagittarius/ROS2_CM/ros/ros2_ws/install/hellocm_msgs/share/hellocm_msgs/environment/path.dsv
-- Installing: /home/sagittarius/ROS2_CM/ros/ros2_ws/install/hellocm_msgs/share/hellocm_msgs/local_setup.bash
-- Installing: /home/sagittarius/ROS2_CM/ros/ros2_ws/install/hellocm_msgs/share/hellocm_msgs/local_setup.sh
-- Installing: /home/sagittarius/ROS2_CM/ros/ros2_ws/install/hellocm_msgs/share/hellocm_msgs/local_setup.zsh
-- Installing: /home/sagittarius/ROS2_CM/ros/ros2_ws/install/hellocm_msgs/share/hellocm_msgs/local_setup.dsv
-- Installing: /home/sagittarius/ROS2_CM/ros/ros2_ws/install/hellocm_msgs/share/hellocm_msgs/package.dsv
-- Installing: /home/sagittarius/ROS2_CM/ros/ros2_ws/install/hellocm_msgs/share/ament_index/resource_index/packages/hellocm_msgs
-- Installing: /home/sagittarius/ROS2_CM/ros/ros2_ws/install/hellocm_msgs/share/hellocm_msgs/cmake/export_hellocm_msgs__rosidl_generator_cExport.cmake
-- Installing: /home/sagittarius/ROS2_CM/ros/ros2_ws/install/hellocm_msgs/share/hellocm_msgs/cmake/export_hellocm_msgs__rosidl_generator_cExport-noconfig.cmake
-- Installing: /home/sagittarius/ROS2_CM/ros/ros2_ws/install/hellocm_msgs/share/hellocm_msgs/cmake/export_hellocm_msgs__rosidl_typesupport_fastrtps_cExport.cmake
-- Installing: /home/sagittarius/ROS2_CM/ros/ros2_ws/install/hellocm_msgs/share/hellocm_msgs/cmake/export_hellocm_msgs__rosidl_typesupport_fastrtps_cExport-noconfig.cmake
-- Installing: /home/sagittarius/ROS2_CM/ros/ros2_ws/install/hellocm_msgs/share/hellocm_msgs/cmake/hellocm_msgs__rosidl_typesupport_introspection_cExport.cmake
-- Installing: /home/sagittarius/ROS2_CM/ros/ros2_ws/install/hellocm_msgs/share/hellocm_msgs/cmake/hellocm_msgs__rosidl_typesupport_introspection_cExport-noconfig.cmake
-- Installing: /home/sagittarius/ROS2_CM/ros/ros2_ws/install/hellocm_msgs/share/hellocm_msgs/cmake/hellocm_msgs__rosidl_typesupport_cExport.cmake
-- Installing: /home/sagittarius/ROS2_CM/ros/ros2_ws/install/hellocm_msgs/share/hellocm_msgs/cmake/hellocm_msgs__rosidl_typesupport_cExport-noconfig.cmake
-- Installing: /home/sagittarius/ROS2_CM/ros/ros2_ws/install/hellocm_msgs/share/hellocm_msgs/cmake/export_hellocm_msgs__rosidl_generator_cppExport.cmake
-- Installing: /home/sagittarius/ROS2_CM/ros/ros2_ws/install/hellocm_msgs/share/hellocm_msgs/cmake/export_hellocm_msgs__rosidl_typesupport_fastrtps_cppExport.cmake
-- Installing: /home/sagittarius/ROS2_CM/ros/ros2_ws/install/hellocm_msgs/share/hellocm_msgs/cmake/export_hellocm_msgs__rosidl_typesupport_fastrtps_cppExport-noconfig.cmake
-- Installing: /home/sagittarius/ROS2_CM/ros/ros2_ws/install/hellocm_msgs/share/hellocm_msgs/cmake/hellocm_msgs__rosidl_typesupport_introspection_cppExport.cmake
-- Installing: /home/sagittarius/ROS2_CM/ros/ros2_ws/install/hellocm_msgs/share/hellocm_msgs/cmake/hellocm_msgs__rosidl_typesupport_introspection_cppExport-noconfig.cmake
-- Installing: /home/sagittarius/ROS2_CM/ros/ros2_ws/install/hellocm_msgs/share/hellocm_msgs/cmake/hellocm_msgs__rosidl_typesupport_cppExport.cmake
-- Installing: /home/sagittarius/ROS2_CM/ros/ros2_ws/install/hellocm_msgs/share/hellocm_msgs/cmake/hellocm_msgs__rosidl_typesupport_cppExport-noconfig.cmake
-- Installing: /home/sagittarius/ROS2_CM/ros/ros2_ws/install/hellocm_msgs/share/hellocm_msgs/cmake/export_hellocm_msgs__rosidl_generator_pyExport.cmake
-- Installing: /home/sagittarius/ROS2_CM/ros/ros2_ws/install/hellocm_msgs/share/hellocm_msgs/cmake/export_hellocm_msgs__rosidl_generator_pyExport-noconfig.cmake
-- Installing: /home/sagittarius/ROS2_CM/ros/ros2_ws/install/hellocm_msgs/share/hellocm_msgs/cmake/rosidl_cmake-extras.cmake
-- Installing: /home/sagittarius/ROS2_CM/ros/ros2_ws/install/hellocm_msgs/share/hellocm_msgs/cmake/ament_cmake_export_dependencies-extras.cmake
-- Installing: /home/sagittarius/ROS2_CM/ros/ros2_ws/install/hellocm_msgs/share/hellocm_msgs/cmake/ament_cmake_export_include_directories-extras.cmake
-- Installing: /home/sagittarius/ROS2_CM/ros/ros2_ws/install/hellocm_msgs/share/hellocm_msgs/cmake/ament_cmake_export_libraries-extras.cmake
-- Installing: /home/sagittarius/ROS2_CM/ros/ros2_ws/install/hellocm_msgs/share/hellocm_msgs/cmake/ament_cmake_export_targets-extras.cmake
-- Installing: /home/sagittarius/ROS2_CM/ros/ros2_ws/install/hellocm_msgs/share/hellocm_msgs/cmake/rosidl_cmake_export_typesupport_targets-extras.cmake
-- Installing: /home/sagittarius/ROS2_CM/ros/ros2_ws/install/hellocm_msgs/share/hellocm_msgs/cmake/rosidl_cmake_export_typesupport_libraries-extras.cmake
-- Installing: /home/sagittarius/ROS2_CM/ros/ros2_ws/install/hellocm_msgs/share/hellocm_msgs/cmake/hellocm_msgsConfig.cmake
-- Installing: /home/sagittarius/ROS2_CM/ros/ros2_ws/install/hellocm_msgs/share/hellocm_msgs/cmake/hellocm_msgsConfig-version.cmake
-- Installing: /home/sagittarius/ROS2_CM/ros/ros2_ws/install/hellocm_msgs/share/hellocm_msgs/package.xml
