[35m[1mConsolidate compiler generated dependencies of target hellocm[0m
[100%] Built target hellocm
-- Install configuration: ""
-- Up-to-date: /home/sagittarius/ROS2_CM/ros/ros2_ws/install/hellocm/lib/hellocm/hellocm
-- Up-to-date: /home/sagittarius/ROS2_CM/ros/ros2_ws/install/hellocm/share/hellocm//launch
-- Up-to-date: /home/sagittarius/ROS2_CM/ros/ros2_ws/install/hellocm/share/hellocm//launch/hellocm.launch.xml
-- Up-to-date: /home/sagittarius/ROS2_CM/ros/ros2_ws/install/hellocm/share/hellocm//launch/hellocm.launch.py
-- Up-to-date: /home/sagittarius/ROS2_CM/ros/ros2_ws/install/hellocm/share/ament_index/resource_index/package_run_dependencies/hellocm
-- Up-to-date: /home/sagittarius/ROS2_CM/ros/ros2_ws/install/hellocm/share/ament_index/resource_index/parent_prefix_path/hellocm
-- Up-to-date: /home/sagittarius/ROS2_CM/ros/ros2_ws/install/hellocm/share/hellocm/environment/ament_prefix_path.sh
-- Up-to-date: /home/sagittarius/ROS2_CM/ros/ros2_ws/install/hellocm/share/hellocm/environment/ament_prefix_path.dsv
-- Up-to-date: /home/sagittarius/ROS2_CM/ros/ros2_ws/install/hellocm/share/hellocm/environment/path.sh
-- Up-to-date: /home/sagittarius/ROS2_CM/ros/ros2_ws/install/hellocm/share/hellocm/environment/path.dsv
-- Up-to-date: /home/sagittarius/ROS2_CM/ros/ros2_ws/install/hellocm/share/hellocm/local_setup.bash
-- Up-to-date: /home/sagittarius/ROS2_CM/ros/ros2_ws/install/hellocm/share/hellocm/local_setup.sh
-- Up-to-date: /home/sagittarius/ROS2_CM/ros/ros2_ws/install/hellocm/share/hellocm/local_setup.zsh
-- Up-to-date: /home/sagittarius/ROS2_CM/ros/ros2_ws/install/hellocm/share/hellocm/local_setup.dsv
-- Installing: /home/sagittarius/ROS2_CM/ros/ros2_ws/install/hellocm/share/hellocm/package.dsv
-- Up-to-date: /home/sagittarius/ROS2_CM/ros/ros2_ws/install/hellocm/share/ament_index/resource_index/packages/hellocm
-- Up-to-date: /home/sagittarius/ROS2_CM/ros/ros2_ws/install/hellocm/share/hellocm/cmake/hellocmConfig.cmake
-- Up-to-date: /home/sagittarius/ROS2_CM/ros/ros2_ws/install/hellocm/share/hellocm/cmake/hellocmConfig-version.cmake
-- Up-to-date: /home/sagittarius/ROS2_CM/ros/ros2_ws/install/hellocm/share/hellocm/package.xml
