[0.036s] Invoking command in '/home/sagittarius/ROS2_CM/ros/ros2_ws/build/hellocm': AMENT_PREFIX_PATH=/home/sagittarius/ROS2_CM/ros/ros2_ws/install/hellocm_msgs:${AMENT_PREFIX_PATH} CMAKE_PREFIX_PATH=/home/sagittarius/ROS2_CM/ros/ros2_ws/install/hellocm_msgs:/opt/ros/humble:/opt/ros/ros2 LD_LIBRARY_PATH=/home/sagittarius/ROS2_CM/ros/ros2_ws/install/hellocm_msgs/lib:${LD_LIBRARY_PATH} PYTHONPATH=/home/sagittarius/ROS2_CM/ros/ros2_ws/install/hellocm_msgs/local/lib/python3.10/dist-packages:${PYTHONPATH} /usr/bin/cmake --build /home/sagittarius/ROS2_CM/ros/ros2_ws/build/hellocm -- -j20 -l20
[0.058s] [35m[1mConsolidate compiler generated dependencies of target hellocm[0m
[0.068s] [100%] Built target hellocm
[0.075s] Invoked command in '/home/sagittarius/ROS2_CM/ros/ros2_ws/build/hellocm' returned '0': AMENT_PREFIX_PATH=/home/sagittarius/ROS2_CM/ros/ros2_ws/install/hellocm_msgs:${AMENT_PREFIX_PATH} CMAKE_PREFIX_PATH=/home/sagittarius/ROS2_CM/ros/ros2_ws/install/hellocm_msgs:/opt/ros/humble:/opt/ros/ros2 LD_LIBRARY_PATH=/home/sagittarius/ROS2_CM/ros/ros2_ws/install/hellocm_msgs/lib:${LD_LIBRARY_PATH} PYTHONPATH=/home/sagittarius/ROS2_CM/ros/ros2_ws/install/hellocm_msgs/local/lib/python3.10/dist-packages:${PYTHONPATH} /usr/bin/cmake --build /home/sagittarius/ROS2_CM/ros/ros2_ws/build/hellocm -- -j20 -l20
[0.089s] Invoking command in '/home/sagittarius/ROS2_CM/ros/ros2_ws/build/hellocm': AMENT_PREFIX_PATH=/home/sagittarius/ROS2_CM/ros/ros2_ws/install/hellocm_msgs:${AMENT_PREFIX_PATH} CMAKE_PREFIX_PATH=/home/sagittarius/ROS2_CM/ros/ros2_ws/install/hellocm_msgs:/opt/ros/humble:/opt/ros/ros2 LD_LIBRARY_PATH=/home/sagittarius/ROS2_CM/ros/ros2_ws/install/hellocm_msgs/lib:${LD_LIBRARY_PATH} PYTHONPATH=/home/sagittarius/ROS2_CM/ros/ros2_ws/install/hellocm_msgs/local/lib/python3.10/dist-packages:${PYTHONPATH} /usr/bin/cmake --install /home/sagittarius/ROS2_CM/ros/ros2_ws/build/hellocm
[0.094s] -- Install configuration: ""
[0.094s] -- Up-to-date: /home/sagittarius/ROS2_CM/ros/ros2_ws/install/hellocm/lib/hellocm/hellocm
[0.094s] -- Up-to-date: /home/sagittarius/ROS2_CM/ros/ros2_ws/install/hellocm/share/hellocm//launch
[0.094s] -- Up-to-date: /home/sagittarius/ROS2_CM/ros/ros2_ws/install/hellocm/share/hellocm//launch/hellocm.launch.xml
[0.094s] -- Up-to-date: /home/sagittarius/ROS2_CM/ros/ros2_ws/install/hellocm/share/hellocm//launch/hellocm.launch.py
[0.094s] -- Up-to-date: /home/sagittarius/ROS2_CM/ros/ros2_ws/install/hellocm/share/ament_index/resource_index/package_run_dependencies/hellocm
[0.095s] -- Up-to-date: /home/sagittarius/ROS2_CM/ros/ros2_ws/install/hellocm/share/ament_index/resource_index/parent_prefix_path/hellocm
[0.095s] -- Up-to-date: /home/sagittarius/ROS2_CM/ros/ros2_ws/install/hellocm/share/hellocm/environment/ament_prefix_path.sh
[0.095s] -- Up-to-date: /home/sagittarius/ROS2_CM/ros/ros2_ws/install/hellocm/share/hellocm/environment/ament_prefix_path.dsv
[0.095s] -- Up-to-date: /home/sagittarius/ROS2_CM/ros/ros2_ws/install/hellocm/share/hellocm/environment/path.sh
[0.095s] -- Up-to-date: /home/sagittarius/ROS2_CM/ros/ros2_ws/install/hellocm/share/hellocm/environment/path.dsv
[0.095s] -- Up-to-date: /home/sagittarius/ROS2_CM/ros/ros2_ws/install/hellocm/share/hellocm/local_setup.bash
[0.095s] -- Up-to-date: /home/sagittarius/ROS2_CM/ros/ros2_ws/install/hellocm/share/hellocm/local_setup.sh
[0.095s] -- Up-to-date: /home/sagittarius/ROS2_CM/ros/ros2_ws/install/hellocm/share/hellocm/local_setup.zsh
[0.095s] -- Up-to-date: /home/sagittarius/ROS2_CM/ros/ros2_ws/install/hellocm/share/hellocm/local_setup.dsv
[0.095s] -- Installing: /home/sagittarius/ROS2_CM/ros/ros2_ws/install/hellocm/share/hellocm/package.dsv
[0.095s] -- Up-to-date: /home/sagittarius/ROS2_CM/ros/ros2_ws/install/hellocm/share/ament_index/resource_index/packages/hellocm
[0.095s] -- Up-to-date: /home/sagittarius/ROS2_CM/ros/ros2_ws/install/hellocm/share/hellocm/cmake/hellocmConfig.cmake
[0.095s] -- Up-to-date: /home/sagittarius/ROS2_CM/ros/ros2_ws/install/hellocm/share/hellocm/cmake/hellocmConfig-version.cmake
[0.095s] -- Up-to-date: /home/sagittarius/ROS2_CM/ros/ros2_ws/install/hellocm/share/hellocm/package.xml
[0.130s] Invoked command in '/home/sagittarius/ROS2_CM/ros/ros2_ws/build/hellocm' returned '0': AMENT_PREFIX_PATH=/home/sagittarius/ROS2_CM/ros/ros2_ws/install/hellocm_msgs:${AMENT_PREFIX_PATH} CMAKE_PREFIX_PATH=/home/sagittarius/ROS2_CM/ros/ros2_ws/install/hellocm_msgs:/opt/ros/humble:/opt/ros/ros2 LD_LIBRARY_PATH=/home/sagittarius/ROS2_CM/ros/ros2_ws/install/hellocm_msgs/lib:${LD_LIBRARY_PATH} PYTHONPATH=/home/sagittarius/ROS2_CM/ros/ros2_ws/install/hellocm_msgs/local/lib/python3.10/dist-packages:${PYTHONPATH} /usr/bin/cmake --install /home/sagittarius/ROS2_CM/ros/ros2_ws/build/hellocm
