[0.745s] DEBUG:colcon:Command line arguments: ['/usr/bin/colcon', 'build', '--cmake-args', '-DCARMAKER_VER:STRING=12.0.1', '-DCARMAKER_DIR:PATH=/opt/ipg/carmaker/linux64-12.0.1', '--no-warn-unused-cli']
[0.745s] DEBUG:colcon:Parsed command line arguments: Namespace(log_base=None, log_level=None, verb_name='build', build_base='build', install_base='install', merge_install=False, symlink_install=False, test_result_base=None, continue_on_error=False, executor='parallel', parallel_workers=20, event_handlers=None, ignore_user_meta=False, metas=['./colcon.meta'], base_paths=['.'], packages_ignore=None, packages_ignore_regex=None, paths=None, packages_up_to=None, packages_up_to_regex=None, packages_above=None, packages_above_and_dependencies=None, packages_above_depth=None, packages_select_by_dep=None, packages_skip_by_dep=None, packages_skip_up_to=None, packages_select_build_failed=False, packages_skip_build_finished=False, packages_select_test_failures=False, packages_skip_test_passed=False, packages_select=None, packages_skip=None, packages_select_regex=None, packages_skip_regex=None, packages_start=None, packages_end=None, allow_overriding=[], cmake_args=['-DCARMAKER_VER:STRING=12.0.1', '-DCARMAKER_DIR:PATH=/opt/ipg/carmaker/linux64-12.0.1', '--no-warn-unused-cli'], cmake_target=None, cmake_target_skip_unavailable=False, cmake_clean_cache=False, cmake_clean_first=False, cmake_force_configure=False, ament_cmake_args=None, catkin_cmake_args=None, catkin_skip_building_tests=False, verb_parser=<colcon_defaults.argument_parser.defaults.DefaultArgumentsDecorator object at 0x7f5ad0df0730>, verb_extension=<colcon_core.verb.build.BuildVerb object at 0x7f5ad0ff46d0>, main=<bound method BuildVerb.main of <colcon_core.verb.build.BuildVerb object at 0x7f5ad0ff46d0>>)
[0.785s] Level 1:colcon.colcon_core.package_discovery:discover_packages(colcon_meta) check parameters
[0.785s] Level 1:colcon.colcon_core.package_discovery:discover_packages(recursive) check parameters
[0.785s] Level 1:colcon.colcon_core.package_discovery:discover_packages(ignore) check parameters
[0.785s] Level 1:colcon.colcon_core.package_discovery:discover_packages(path) check parameters
[0.785s] Level 1:colcon.colcon_core.package_discovery:discover_packages(colcon_meta) discover
[0.785s] Level 1:colcon.colcon_core.package_discovery:discover_packages(recursive) discover
[0.785s] INFO:colcon.colcon_core.package_discovery:Crawling recursively for packages in '/home/sagittarius/ROS2_CM/ros/ros2_ws'
[0.785s] Level 1:colcon.colcon_core.package_identification:_identify(.) by extensions ['ignore', 'ignore_ament_install']
[0.785s] Level 1:colcon.colcon_core.package_identification:_identify(.) by extension 'ignore'
[0.785s] Level 1:colcon.colcon_core.package_identification:_identify(.) by extension 'ignore_ament_install'
[0.785s] Level 1:colcon.colcon_core.package_identification:_identify(.) by extensions ['colcon_pkg']
[0.785s] Level 1:colcon.colcon_core.package_identification:_identify(.) by extension 'colcon_pkg'
[0.786s] Level 1:colcon.colcon_core.package_identification:_identify(.) by extensions ['colcon_meta']
[0.786s] Level 1:colcon.colcon_core.package_identification:_identify(.) by extension 'colcon_meta'
[0.786s] Level 1:colcon.colcon_core.package_identification:_identify(.) by extensions ['ros']
[0.786s] Level 1:colcon.colcon_core.package_identification:_identify(.) by extension 'ros'
[0.794s] Level 1:colcon.colcon_core.package_identification:_identify(.) by extensions ['cmake', 'python']
[0.794s] Level 1:colcon.colcon_core.package_identification:_identify(.) by extension 'cmake'
[0.794s] Level 1:colcon.colcon_core.package_identification:_identify(.) by extension 'python'
[0.794s] Level 1:colcon.colcon_core.package_identification:_identify(.) by extensions ['python_setup_py']
[0.794s] Level 1:colcon.colcon_core.package_identification:_identify(.) by extension 'python_setup_py'
[0.794s] Level 1:colcon.colcon_core.package_identification:_identify(build) by extensions ['ignore', 'ignore_ament_install']
[0.794s] Level 1:colcon.colcon_core.package_identification:_identify(build) by extension 'ignore'
[0.795s] Level 1:colcon.colcon_core.package_identification:_identify(build) ignored
[0.795s] Level 1:colcon.colcon_core.package_identification:_identify(install) by extensions ['ignore', 'ignore_ament_install']
[0.795s] Level 1:colcon.colcon_core.package_identification:_identify(install) by extension 'ignore'
[0.795s] Level 1:colcon.colcon_core.package_identification:_identify(install) ignored
[0.795s] Level 1:colcon.colcon_core.package_identification:_identify(log) by extensions ['ignore', 'ignore_ament_install']
[0.795s] Level 1:colcon.colcon_core.package_identification:_identify(log) by extension 'ignore'
[0.795s] Level 1:colcon.colcon_core.package_identification:_identify(log) ignored
[0.795s] Level 1:colcon.colcon_core.package_identification:_identify(src) by extensions ['ignore', 'ignore_ament_install']
[0.795s] Level 1:colcon.colcon_core.package_identification:_identify(src) by extension 'ignore'
[0.795s] Level 1:colcon.colcon_core.package_identification:_identify(src) by extension 'ignore_ament_install'
[0.795s] Level 1:colcon.colcon_core.package_identification:_identify(src) by extensions ['colcon_pkg']
[0.795s] Level 1:colcon.colcon_core.package_identification:_identify(src) by extension 'colcon_pkg'
[0.795s] Level 1:colcon.colcon_core.package_identification:_identify(src) by extensions ['colcon_meta']
[0.795s] Level 1:colcon.colcon_core.package_identification:_identify(src) by extension 'colcon_meta'
[0.795s] Level 1:colcon.colcon_core.package_identification:_identify(src) by extensions ['ros']
[0.795s] Level 1:colcon.colcon_core.package_identification:_identify(src) by extension 'ros'
[0.795s] Level 1:colcon.colcon_core.package_identification:_identify(src) by extensions ['cmake', 'python']
[0.795s] Level 1:colcon.colcon_core.package_identification:_identify(src) by extension 'cmake'
[0.795s] Level 1:colcon.colcon_core.package_identification:_identify(src) by extension 'python'
[0.795s] Level 1:colcon.colcon_core.package_identification:_identify(src) by extensions ['python_setup_py']
[0.795s] Level 1:colcon.colcon_core.package_identification:_identify(src) by extension 'python_setup_py'
[0.795s] Level 1:colcon.colcon_core.package_identification:_identify(src/cmnode_hellocm) by extensions ['ignore', 'ignore_ament_install']
[0.795s] Level 1:colcon.colcon_core.package_identification:_identify(src/cmnode_hellocm) by extension 'ignore'
[0.795s] Level 1:colcon.colcon_core.package_identification:_identify(src/cmnode_hellocm) by extension 'ignore_ament_install'
[0.795s] Level 1:colcon.colcon_core.package_identification:_identify(src/cmnode_hellocm) by extensions ['colcon_pkg']
[0.795s] Level 1:colcon.colcon_core.package_identification:_identify(src/cmnode_hellocm) by extension 'colcon_pkg'
[0.795s] Level 1:colcon.colcon_core.package_identification:_identify(src/cmnode_hellocm) by extensions ['colcon_meta']
[0.795s] Level 1:colcon.colcon_core.package_identification:_identify(src/cmnode_hellocm) by extension 'colcon_meta'
[0.795s] Level 1:colcon.colcon_core.package_identification:_identify(src/cmnode_hellocm) by extensions ['ros']
[0.795s] Level 1:colcon.colcon_core.package_identification:_identify(src/cmnode_hellocm) by extension 'ros'
[0.798s] DEBUG:colcon.colcon_core.package_identification:Package 'src/cmnode_hellocm' with type 'ros.ament_cmake' and name 'cmnode_hellocm'
[0.798s] Level 1:colcon.colcon_core.package_identification:_identify(src/cmrosutils) by extensions ['ignore', 'ignore_ament_install']
[0.798s] Level 1:colcon.colcon_core.package_identification:_identify(src/cmrosutils) by extension 'ignore'
[0.798s] Level 1:colcon.colcon_core.package_identification:_identify(src/cmrosutils) by extension 'ignore_ament_install'
[0.798s] Level 1:colcon.colcon_core.package_identification:_identify(src/cmrosutils) by extensions ['colcon_pkg']
[0.798s] Level 1:colcon.colcon_core.package_identification:_identify(src/cmrosutils) by extension 'colcon_pkg'
[0.798s] Level 1:colcon.colcon_core.package_identification:_identify(src/cmrosutils) by extensions ['colcon_meta']
[0.798s] Level 1:colcon.colcon_core.package_identification:_identify(src/cmrosutils) by extension 'colcon_meta'
[0.798s] Level 1:colcon.colcon_core.package_identification:_identify(src/cmrosutils) by extensions ['ros']
[0.798s] Level 1:colcon.colcon_core.package_identification:_identify(src/cmrosutils) by extension 'ros'
[0.798s] DEBUG:colcon.colcon_core.package_identification:Package 'src/cmrosutils' with type 'ros.ament_cmake' and name 'cmrosutils'
[0.798s] Level 1:colcon.colcon_core.package_identification:_identify(src/hellocm) by extensions ['ignore', 'ignore_ament_install']
[0.798s] Level 1:colcon.colcon_core.package_identification:_identify(src/hellocm) by extension 'ignore'
[0.799s] Level 1:colcon.colcon_core.package_identification:_identify(src/hellocm) by extension 'ignore_ament_install'
[0.799s] Level 1:colcon.colcon_core.package_identification:_identify(src/hellocm) by extensions ['colcon_pkg']
[0.799s] Level 1:colcon.colcon_core.package_identification:_identify(src/hellocm) by extension 'colcon_pkg'
[0.799s] Level 1:colcon.colcon_core.package_identification:_identify(src/hellocm) by extensions ['colcon_meta']
[0.799s] Level 1:colcon.colcon_core.package_identification:_identify(src/hellocm) by extension 'colcon_meta'
[0.799s] Level 1:colcon.colcon_core.package_identification:_identify(src/hellocm) by extensions ['ros']
[0.799s] Level 1:colcon.colcon_core.package_identification:_identify(src/hellocm) by extension 'ros'
[0.799s] DEBUG:colcon.colcon_core.package_identification:Package 'src/hellocm' with type 'ros.ament_cmake' and name 'hellocm'
[0.799s] Level 1:colcon.colcon_core.package_identification:_identify(src/hellocm_msgs) by extensions ['ignore', 'ignore_ament_install']
[0.799s] Level 1:colcon.colcon_core.package_identification:_identify(src/hellocm_msgs) by extension 'ignore'
[0.799s] Level 1:colcon.colcon_core.package_identification:_identify(src/hellocm_msgs) by extension 'ignore_ament_install'
[0.799s] Level 1:colcon.colcon_core.package_identification:_identify(src/hellocm_msgs) by extensions ['colcon_pkg']
[0.799s] Level 1:colcon.colcon_core.package_identification:_identify(src/hellocm_msgs) by extension 'colcon_pkg'
[0.799s] Level 1:colcon.colcon_core.package_identification:_identify(src/hellocm_msgs) by extensions ['colcon_meta']
[0.799s] Level 1:colcon.colcon_core.package_identification:_identify(src/hellocm_msgs) by extension 'colcon_meta'
[0.799s] Level 1:colcon.colcon_core.package_identification:_identify(src/hellocm_msgs) by extensions ['ros']
[0.799s] Level 1:colcon.colcon_core.package_identification:_identify(src/hellocm_msgs) by extension 'ros'
[0.800s] DEBUG:colcon.colcon_core.package_identification:Package 'src/hellocm_msgs' with type 'ros.ament_cmake' and name 'hellocm_msgs'
[0.800s] Level 1:colcon.colcon_core.package_discovery:discover_packages(recursive) using defaults
[0.800s] Level 1:colcon.colcon_core.package_discovery:discover_packages(ignore) discover
[0.800s] Level 1:colcon.colcon_core.package_discovery:discover_packages(ignore) using defaults
[0.800s] Level 1:colcon.colcon_core.package_discovery:discover_packages(path) discover
[0.800s] Level 1:colcon.colcon_core.package_discovery:discover_packages(path) using defaults
[0.856s] Level 1:colcon.colcon_core.package_discovery:discover_packages(prefix_path) check parameters
[0.856s] Level 1:colcon.colcon_core.package_discovery:discover_packages(prefix_path) discover
[0.872s] DEBUG:colcon.colcon_installed_package_information.package_discovery:Found 273 installed packages in /opt/ros/humble
[0.881s] DEBUG:colcon.colcon_installed_package_information.package_discovery:Found 273 installed packages in /opt/ros/ros2
[0.886s] Level 1:colcon.colcon_core.package_discovery:discover_packages(prefix_path) using defaults
[0.936s] Level 5:colcon.colcon_core.verb:set package 'cmrosutils' build argument 'cmake_args' from command line to '['-DCARMAKER_VER:STRING=12.0.1', '-DCARMAKER_DIR:PATH=/opt/ipg/carmaker/linux64-12.0.1', '--no-warn-unused-cli']'
[0.936s] Level 5:colcon.colcon_core.verb:set package 'cmrosutils' build argument 'cmake_target' from command line to 'None'
[0.936s] Level 5:colcon.colcon_core.verb:set package 'cmrosutils' build argument 'cmake_target_skip_unavailable' from command line to 'False'
[0.936s] Level 5:colcon.colcon_core.verb:set package 'cmrosutils' build argument 'cmake_clean_cache' from command line to 'False'
[0.936s] Level 5:colcon.colcon_core.verb:set package 'cmrosutils' build argument 'cmake_clean_first' from command line to 'False'
[0.936s] Level 5:colcon.colcon_core.verb:set package 'cmrosutils' build argument 'cmake_force_configure' from command line to 'False'
[0.936s] Level 5:colcon.colcon_core.verb:set package 'cmrosutils' build argument 'ament_cmake_args' from command line to 'None'
[0.936s] Level 5:colcon.colcon_core.verb:set package 'cmrosutils' build argument 'catkin_cmake_args' from command line to 'None'
[0.936s] Level 5:colcon.colcon_core.verb:set package 'cmrosutils' build argument 'catkin_skip_building_tests' from command line to 'False'
[0.936s] DEBUG:colcon.colcon_core.verb:Building package 'cmrosutils' with the following arguments: {'ament_cmake_args': None, 'build_base': '/home/sagittarius/ROS2_CM/ros/ros2_ws/build/cmrosutils', 'catkin_cmake_args': None, 'catkin_skip_building_tests': False, 'cmake_args': ['-DCARMAKER_VER:STRING=12.0.1', '-DCARMAKER_DIR:PATH=/opt/ipg/carmaker/linux64-12.0.1', '--no-warn-unused-cli'], 'cmake_clean_cache': False, 'cmake_clean_first': False, 'cmake_force_configure': False, 'cmake_target': None, 'cmake_target_skip_unavailable': False, 'install_base': '/home/sagittarius/ROS2_CM/ros/ros2_ws/install/cmrosutils', 'merge_install': False, 'path': '/home/sagittarius/ROS2_CM/ros/ros2_ws/src/cmrosutils', 'symlink_install': False, 'test_result_base': None}
[0.943s] Level 5:colcon.colcon_core.verb:set package 'hellocm_msgs' build argument 'cmake_args' from command line to '['-DCARMAKER_VER:STRING=12.0.1', '-DCARMAKER_DIR:PATH=/opt/ipg/carmaker/linux64-12.0.1', '--no-warn-unused-cli']'
[0.943s] Level 5:colcon.colcon_core.verb:set package 'hellocm_msgs' build argument 'cmake_target' from command line to 'None'
[0.943s] Level 5:colcon.colcon_core.verb:set package 'hellocm_msgs' build argument 'cmake_target_skip_unavailable' from command line to 'False'
[0.943s] Level 5:colcon.colcon_core.verb:set package 'hellocm_msgs' build argument 'cmake_clean_cache' from command line to 'False'
[0.943s] Level 5:colcon.colcon_core.verb:set package 'hellocm_msgs' build argument 'cmake_clean_first' from command line to 'False'
[0.943s] Level 5:colcon.colcon_core.verb:set package 'hellocm_msgs' build argument 'cmake_force_configure' from command line to 'False'
[0.943s] Level 5:colcon.colcon_core.verb:set package 'hellocm_msgs' build argument 'ament_cmake_args' from command line to 'None'
[0.943s] Level 5:colcon.colcon_core.verb:set package 'hellocm_msgs' build argument 'catkin_cmake_args' from command line to 'None'
[0.943s] Level 5:colcon.colcon_core.verb:set package 'hellocm_msgs' build argument 'catkin_skip_building_tests' from command line to 'False'
[0.943s] DEBUG:colcon.colcon_core.verb:Building package 'hellocm_msgs' with the following arguments: {'ament_cmake_args': None, 'build_base': '/home/sagittarius/ROS2_CM/ros/ros2_ws/build/hellocm_msgs', 'catkin_cmake_args': None, 'catkin_skip_building_tests': False, 'cmake_args': ['-DCARMAKER_VER:STRING=12.0.1', '-DCARMAKER_DIR:PATH=/opt/ipg/carmaker/linux64-12.0.1', '--no-warn-unused-cli'], 'cmake_clean_cache': False, 'cmake_clean_first': False, 'cmake_force_configure': False, 'cmake_target': None, 'cmake_target_skip_unavailable': False, 'install_base': '/home/sagittarius/ROS2_CM/ros/ros2_ws/install/hellocm_msgs', 'merge_install': False, 'path': '/home/sagittarius/ROS2_CM/ros/ros2_ws/src/hellocm_msgs', 'symlink_install': False, 'test_result_base': None}
[0.950s] Level 5:colcon.colcon_core.verb:set package 'cmnode_hellocm' build argument 'cmake_args' from command line to '['-DCARMAKER_VER:STRING=12.0.1', '-DCARMAKER_DIR:PATH=/opt/ipg/carmaker/linux64-12.0.1', '--no-warn-unused-cli']'
[0.950s] Level 5:colcon.colcon_core.verb:set package 'cmnode_hellocm' build argument 'cmake_target' from command line to 'None'
[0.950s] Level 5:colcon.colcon_core.verb:set package 'cmnode_hellocm' build argument 'cmake_target_skip_unavailable' from command line to 'False'
[0.950s] Level 5:colcon.colcon_core.verb:set package 'cmnode_hellocm' build argument 'cmake_clean_cache' from command line to 'False'
[0.950s] Level 5:colcon.colcon_core.verb:set package 'cmnode_hellocm' build argument 'cmake_clean_first' from command line to 'False'
[0.950s] Level 5:colcon.colcon_core.verb:set package 'cmnode_hellocm' build argument 'cmake_force_configure' from command line to 'False'
[0.950s] Level 5:colcon.colcon_core.verb:set package 'cmnode_hellocm' build argument 'ament_cmake_args' from command line to 'None'
[0.950s] Level 5:colcon.colcon_core.verb:set package 'cmnode_hellocm' build argument 'catkin_cmake_args' from command line to 'None'
[0.950s] Level 5:colcon.colcon_core.verb:set package 'cmnode_hellocm' build argument 'catkin_skip_building_tests' from command line to 'False'
[0.950s] DEBUG:colcon.colcon_core.verb:Building package 'cmnode_hellocm' with the following arguments: {'ament_cmake_args': None, 'build_base': '/home/sagittarius/ROS2_CM/ros/ros2_ws/build/cmnode_hellocm', 'catkin_cmake_args': None, 'catkin_skip_building_tests': False, 'cmake_args': ['-DCARMAKER_VER:STRING=12.0.1', '-DCARMAKER_DIR:PATH=/opt/ipg/carmaker/linux64-12.0.1', '--no-warn-unused-cli'], 'cmake_clean_cache': False, 'cmake_clean_first': False, 'cmake_force_configure': False, 'cmake_target': None, 'cmake_target_skip_unavailable': False, 'install_base': '/home/sagittarius/ROS2_CM/ros/ros2_ws/install/cmnode_hellocm', 'merge_install': False, 'path': '/home/sagittarius/ROS2_CM/ros/ros2_ws/src/cmnode_hellocm', 'symlink_install': False, 'test_result_base': None}
[0.957s] Level 5:colcon.colcon_core.verb:set package 'hellocm' build argument 'cmake_args' from command line to '['-DCARMAKER_VER:STRING=12.0.1', '-DCARMAKER_DIR:PATH=/opt/ipg/carmaker/linux64-12.0.1', '--no-warn-unused-cli']'
[0.957s] Level 5:colcon.colcon_core.verb:set package 'hellocm' build argument 'cmake_target' from command line to 'None'
[0.957s] Level 5:colcon.colcon_core.verb:set package 'hellocm' build argument 'cmake_target_skip_unavailable' from command line to 'False'
[0.957s] Level 5:colcon.colcon_core.verb:set package 'hellocm' build argument 'cmake_clean_cache' from command line to 'False'
[0.957s] Level 5:colcon.colcon_core.verb:set package 'hellocm' build argument 'cmake_clean_first' from command line to 'False'
[0.957s] Level 5:colcon.colcon_core.verb:set package 'hellocm' build argument 'cmake_force_configure' from command line to 'False'
[0.957s] Level 5:colcon.colcon_core.verb:set package 'hellocm' build argument 'ament_cmake_args' from command line to 'None'
[0.957s] Level 5:colcon.colcon_core.verb:set package 'hellocm' build argument 'catkin_cmake_args' from command line to 'None'
[0.957s] Level 5:colcon.colcon_core.verb:set package 'hellocm' build argument 'catkin_skip_building_tests' from command line to 'False'
[0.957s] DEBUG:colcon.colcon_core.verb:Building package 'hellocm' with the following arguments: {'ament_cmake_args': None, 'build_base': '/home/sagittarius/ROS2_CM/ros/ros2_ws/build/hellocm', 'catkin_cmake_args': None, 'catkin_skip_building_tests': False, 'cmake_args': ['-DCARMAKER_VER:STRING=12.0.1', '-DCARMAKER_DIR:PATH=/opt/ipg/carmaker/linux64-12.0.1', '--no-warn-unused-cli'], 'cmake_clean_cache': False, 'cmake_clean_first': False, 'cmake_force_configure': False, 'cmake_target': None, 'cmake_target_skip_unavailable': False, 'install_base': '/home/sagittarius/ROS2_CM/ros/ros2_ws/install/hellocm', 'merge_install': False, 'path': '/home/sagittarius/ROS2_CM/ros/ros2_ws/src/hellocm', 'symlink_install': False, 'test_result_base': None}
[0.964s] INFO:colcon.colcon_core.executor:Executing jobs using 'parallel' executor
[0.972s] DEBUG:colcon.colcon_parallel_executor.executor.parallel:run_until_complete
[0.972s] INFO:colcon.colcon_ros.task.ament_cmake.build:Building ROS package in '/home/sagittarius/ROS2_CM/ros/ros2_ws/src/hellocm_msgs' with build type 'ament_cmake'
[0.972s] INFO:colcon.colcon_cmake.task.cmake.build:Building CMake package in '/home/sagittarius/ROS2_CM/ros/ros2_ws/src/hellocm_msgs'
[0.984s] INFO:colcon.colcon_core.plugin_system:Skipping extension 'colcon_core.shell.bat': Not used on non-Windows systems
[0.984s] INFO:colcon.colcon_core.shell:Skip shell extension 'powershell' for command environment: Not usable outside of PowerShell
[0.984s] DEBUG:colcon.colcon_core.shell:Skip shell extension 'dsv' for command environment
[1.008s] INFO:colcon.colcon_ros.task.ament_cmake.build:Building ROS package in '/home/sagittarius/ROS2_CM/ros/ros2_ws/src/cmrosutils' with build type 'ament_cmake'
[1.008s] INFO:colcon.colcon_cmake.task.cmake.build:Building CMake package in '/home/sagittarius/ROS2_CM/ros/ros2_ws/src/cmrosutils'
[1.015s] INFO:colcon.colcon_core.shell:Skip shell extension 'powershell' for command environment: Not usable outside of PowerShell
[1.015s] DEBUG:colcon.colcon_core.shell:Skip shell extension 'dsv' for command environment
[1.040s] DEBUG:colcon.colcon_core.event_handler.log_command:Invoking command in '/home/sagittarius/ROS2_CM/ros/ros2_ws/build/hellocm_msgs': CMAKE_PREFIX_PATH=/opt/ros/humble:/opt/ros/ros2 /usr/bin/cmake /home/sagittarius/ROS2_CM/ros/ros2_ws/src/hellocm_msgs -DCARMAKER_VER:STRING=12.0.1 -DCARMAKER_DIR:PATH=/opt/ipg/carmaker/linux64-12.0.1 --no-warn-unused-cli -DCMAKE_INSTALL_PREFIX=/home/sagittarius/ROS2_CM/ros/ros2_ws/install/hellocm_msgs
[1.044s] DEBUG:colcon.colcon_core.event_handler.log_command:Invoking command in '/home/sagittarius/ROS2_CM/ros/ros2_ws/build/cmrosutils': CMAKE_PREFIX_PATH=/opt/ros/humble:/opt/ros/ros2 /usr/bin/cmake /home/sagittarius/ROS2_CM/ros/ros2_ws/src/cmrosutils -DCARMAKER_VER:STRING=12.0.1 -DCARMAKER_DIR:PATH=/opt/ipg/carmaker/linux64-12.0.1 --no-warn-unused-cli -DCMAKE_INSTALL_PREFIX=/home/sagittarius/ROS2_CM/ros/ros2_ws/install/cmrosutils
[2.279s] DEBUG:colcon.colcon_core.event_handler.log_command:Invoked command in '/home/sagittarius/ROS2_CM/ros/ros2_ws/build/hellocm_msgs' returned '0': CMAKE_PREFIX_PATH=/opt/ros/humble:/opt/ros/ros2 /usr/bin/cmake /home/sagittarius/ROS2_CM/ros/ros2_ws/src/hellocm_msgs -DCARMAKER_VER:STRING=12.0.1 -DCARMAKER_DIR:PATH=/opt/ipg/carmaker/linux64-12.0.1 --no-warn-unused-cli -DCMAKE_INSTALL_PREFIX=/home/sagittarius/ROS2_CM/ros/ros2_ws/install/hellocm_msgs
[2.280s] DEBUG:colcon.colcon_core.event_handler.log_command:Invoking command in '/home/sagittarius/ROS2_CM/ros/ros2_ws/build/hellocm_msgs': CMAKE_PREFIX_PATH=/opt/ros/humble:/opt/ros/ros2 /usr/bin/cmake --build /home/sagittarius/ROS2_CM/ros/ros2_ws/build/hellocm_msgs -- -j20 -l20
[2.525s] DEBUG:colcon.colcon_core.event_handler.log_command:Invoked command in '/home/sagittarius/ROS2_CM/ros/ros2_ws/build/cmrosutils' returned '0': CMAKE_PREFIX_PATH=/opt/ros/humble:/opt/ros/ros2 /usr/bin/cmake /home/sagittarius/ROS2_CM/ros/ros2_ws/src/cmrosutils -DCARMAKER_VER:STRING=12.0.1 -DCARMAKER_DIR:PATH=/opt/ipg/carmaker/linux64-12.0.1 --no-warn-unused-cli -DCMAKE_INSTALL_PREFIX=/home/sagittarius/ROS2_CM/ros/ros2_ws/install/cmrosutils
[2.526s] DEBUG:colcon.colcon_core.event_handler.log_command:Invoking command in '/home/sagittarius/ROS2_CM/ros/ros2_ws/build/cmrosutils': CMAKE_PREFIX_PATH=/opt/ros/humble:/opt/ros/ros2 /usr/bin/cmake --build /home/sagittarius/ROS2_CM/ros/ros2_ws/build/cmrosutils -- -j20 -l20
[4.680s] DEBUG:colcon.colcon_core.event_handler.log_command:Invoked command in '/home/sagittarius/ROS2_CM/ros/ros2_ws/build/hellocm_msgs' returned '0': CMAKE_PREFIX_PATH=/opt/ros/humble:/opt/ros/ros2 /usr/bin/cmake --build /home/sagittarius/ROS2_CM/ros/ros2_ws/build/hellocm_msgs -- -j20 -l20
[4.745s] DEBUG:colcon.colcon_core.event_handler.log_command:Invoking command in '/home/sagittarius/ROS2_CM/ros/ros2_ws/build/hellocm_msgs': CMAKE_PREFIX_PATH=/opt/ros/humble:/opt/ros/ros2 /usr/bin/cmake --install /home/sagittarius/ROS2_CM/ros/ros2_ws/build/hellocm_msgs
[4.788s] Level 1:colcon.colcon_core.environment:create_environment_scripts_only(hellocm_msgs)
[4.788s] DEBUG:colcon.colcon_core.event_handler.log_command:Invoked command in '/home/sagittarius/ROS2_CM/ros/ros2_ws/build/hellocm_msgs' returned '0': CMAKE_PREFIX_PATH=/opt/ros/humble:/opt/ros/ros2 /usr/bin/cmake --install /home/sagittarius/ROS2_CM/ros/ros2_ws/build/hellocm_msgs
[4.808s] Level 1:colcon.colcon_core.environment:checking '/home/sagittarius/ROS2_CM/ros/ros2_ws/install/hellocm_msgs' for CMake module files
[4.808s] Level 1:colcon.colcon_core.environment:checking '/home/sagittarius/ROS2_CM/ros/ros2_ws/install/hellocm_msgs' for CMake config files
[4.808s] Level 1:colcon.colcon_core.shell:create_environment_hook('hellocm_msgs', 'cmake_prefix_path')
[4.816s] INFO:colcon.colcon_core.shell:Creating environment hook '/home/sagittarius/ROS2_CM/ros/ros2_ws/install/hellocm_msgs/share/hellocm_msgs/hook/cmake_prefix_path.ps1'
[4.817s] INFO:colcon.colcon_core.shell:Creating environment descriptor '/home/sagittarius/ROS2_CM/ros/ros2_ws/install/hellocm_msgs/share/hellocm_msgs/hook/cmake_prefix_path.dsv'
[4.817s] INFO:colcon.colcon_core.shell:Creating environment hook '/home/sagittarius/ROS2_CM/ros/ros2_ws/install/hellocm_msgs/share/hellocm_msgs/hook/cmake_prefix_path.sh'
[4.818s] Level 1:colcon.colcon_core.environment:checking '/home/sagittarius/ROS2_CM/ros/ros2_ws/install/hellocm_msgs/lib'
[4.818s] Level 1:colcon.colcon_core.shell:create_environment_hook('hellocm_msgs', 'ld_library_path_lib')
[4.825s] INFO:colcon.colcon_core.shell:Creating environment hook '/home/sagittarius/ROS2_CM/ros/ros2_ws/install/hellocm_msgs/share/hellocm_msgs/hook/ld_library_path_lib.ps1'
[4.826s] INFO:colcon.colcon_core.shell:Creating environment descriptor '/home/sagittarius/ROS2_CM/ros/ros2_ws/install/hellocm_msgs/share/hellocm_msgs/hook/ld_library_path_lib.dsv'
[4.826s] INFO:colcon.colcon_core.shell:Creating environment hook '/home/sagittarius/ROS2_CM/ros/ros2_ws/install/hellocm_msgs/share/hellocm_msgs/hook/ld_library_path_lib.sh'
[4.826s] Level 1:colcon.colcon_core.environment:checking '/home/sagittarius/ROS2_CM/ros/ros2_ws/install/hellocm_msgs/bin'
[4.826s] Level 1:colcon.colcon_core.environment:checking '/home/sagittarius/ROS2_CM/ros/ros2_ws/install/hellocm_msgs/lib/pkgconfig/hellocm_msgs.pc'
[4.826s] Level 1:colcon.colcon_core.environment:checking '/home/sagittarius/ROS2_CM/ros/ros2_ws/install/hellocm_msgs/lib/python3.10/site-packages'
[4.826s] Level 1:colcon.colcon_core.environment:checking '/home/sagittarius/ROS2_CM/ros/ros2_ws/install/hellocm_msgs/bin'
[4.833s] INFO:colcon.colcon_core.shell:Creating package script '/home/sagittarius/ROS2_CM/ros/ros2_ws/install/hellocm_msgs/share/hellocm_msgs/package.ps1'
[4.834s] INFO:colcon.colcon_core.shell:Creating package descriptor '/home/sagittarius/ROS2_CM/ros/ros2_ws/install/hellocm_msgs/share/hellocm_msgs/package.dsv'
[4.835s] INFO:colcon.colcon_core.shell:Creating package script '/home/sagittarius/ROS2_CM/ros/ros2_ws/install/hellocm_msgs/share/hellocm_msgs/package.sh'
[4.835s] INFO:colcon.colcon_core.shell:Creating package script '/home/sagittarius/ROS2_CM/ros/ros2_ws/install/hellocm_msgs/share/hellocm_msgs/package.bash'
[4.836s] INFO:colcon.colcon_core.shell:Creating package script '/home/sagittarius/ROS2_CM/ros/ros2_ws/install/hellocm_msgs/share/hellocm_msgs/package.zsh'
[4.837s] Level 1:colcon.colcon_core.environment:create_file_with_runtime_dependencies(/home/sagittarius/ROS2_CM/ros/ros2_ws/install/hellocm_msgs/share/colcon-core/packages/hellocm_msgs)
[4.905s] Level 1:colcon.colcon_core.environment:create_environment_scripts_only(hellocm_msgs)
[4.912s] Level 1:colcon.colcon_core.environment:checking '/home/sagittarius/ROS2_CM/ros/ros2_ws/install/hellocm_msgs' for CMake module files
[4.913s] Level 1:colcon.colcon_core.environment:checking '/home/sagittarius/ROS2_CM/ros/ros2_ws/install/hellocm_msgs' for CMake config files
[4.913s] Level 1:colcon.colcon_core.shell:create_environment_hook('hellocm_msgs', 'cmake_prefix_path')
[4.920s] INFO:colcon.colcon_core.shell:Creating environment hook '/home/sagittarius/ROS2_CM/ros/ros2_ws/install/hellocm_msgs/share/hellocm_msgs/hook/cmake_prefix_path.ps1'
[4.921s] INFO:colcon.colcon_core.shell:Creating environment descriptor '/home/sagittarius/ROS2_CM/ros/ros2_ws/install/hellocm_msgs/share/hellocm_msgs/hook/cmake_prefix_path.dsv'
[4.921s] INFO:colcon.colcon_core.shell:Creating environment hook '/home/sagittarius/ROS2_CM/ros/ros2_ws/install/hellocm_msgs/share/hellocm_msgs/hook/cmake_prefix_path.sh'
[4.921s] Level 1:colcon.colcon_core.environment:checking '/home/sagittarius/ROS2_CM/ros/ros2_ws/install/hellocm_msgs/lib'
[4.921s] Level 1:colcon.colcon_core.shell:create_environment_hook('hellocm_msgs', 'ld_library_path_lib')
[4.929s] INFO:colcon.colcon_core.shell:Creating environment hook '/home/sagittarius/ROS2_CM/ros/ros2_ws/install/hellocm_msgs/share/hellocm_msgs/hook/ld_library_path_lib.ps1'
[4.929s] INFO:colcon.colcon_core.shell:Creating environment descriptor '/home/sagittarius/ROS2_CM/ros/ros2_ws/install/hellocm_msgs/share/hellocm_msgs/hook/ld_library_path_lib.dsv'
[4.929s] INFO:colcon.colcon_core.shell:Creating environment hook '/home/sagittarius/ROS2_CM/ros/ros2_ws/install/hellocm_msgs/share/hellocm_msgs/hook/ld_library_path_lib.sh'
[4.929s] Level 1:colcon.colcon_core.environment:checking '/home/sagittarius/ROS2_CM/ros/ros2_ws/install/hellocm_msgs/bin'
[4.929s] Level 1:colcon.colcon_core.environment:checking '/home/sagittarius/ROS2_CM/ros/ros2_ws/install/hellocm_msgs/lib/pkgconfig/hellocm_msgs.pc'
[4.929s] Level 1:colcon.colcon_core.environment:checking '/home/sagittarius/ROS2_CM/ros/ros2_ws/install/hellocm_msgs/lib/python3.10/site-packages'
[4.930s] Level 1:colcon.colcon_core.environment:checking '/home/sagittarius/ROS2_CM/ros/ros2_ws/install/hellocm_msgs/bin'
[4.937s] INFO:colcon.colcon_core.shell:Creating package script '/home/sagittarius/ROS2_CM/ros/ros2_ws/install/hellocm_msgs/share/hellocm_msgs/package.ps1'
[4.937s] INFO:colcon.colcon_core.shell:Creating package descriptor '/home/sagittarius/ROS2_CM/ros/ros2_ws/install/hellocm_msgs/share/hellocm_msgs/package.dsv'
[4.937s] INFO:colcon.colcon_core.shell:Creating package script '/home/sagittarius/ROS2_CM/ros/ros2_ws/install/hellocm_msgs/share/hellocm_msgs/package.sh'
[4.938s] INFO:colcon.colcon_core.shell:Creating package script '/home/sagittarius/ROS2_CM/ros/ros2_ws/install/hellocm_msgs/share/hellocm_msgs/package.bash'
[4.938s] INFO:colcon.colcon_core.shell:Creating package script '/home/sagittarius/ROS2_CM/ros/ros2_ws/install/hellocm_msgs/share/hellocm_msgs/package.zsh'
[4.938s] Level 1:colcon.colcon_core.environment:create_file_with_runtime_dependencies(/home/sagittarius/ROS2_CM/ros/ros2_ws/install/hellocm_msgs/share/colcon-core/packages/hellocm_msgs)
[4.938s] INFO:colcon.colcon_ros.task.ament_cmake.build:Building ROS package in '/home/sagittarius/ROS2_CM/ros/ros2_ws/src/hellocm' with build type 'ament_cmake'
[4.938s] INFO:colcon.colcon_cmake.task.cmake.build:Building CMake package in '/home/sagittarius/ROS2_CM/ros/ros2_ws/src/hellocm'
[4.946s] INFO:colcon.colcon_core.shell:Skip shell extension 'powershell' for command environment: Not usable outside of PowerShell
[4.946s] DEBUG:colcon.colcon_core.shell:Skip shell extension 'dsv' for command environment
[4.974s] DEBUG:colcon.colcon_core.event_handler.log_command:Invoking command in '/home/sagittarius/ROS2_CM/ros/ros2_ws/build/hellocm': AMENT_PREFIX_PATH=/home/sagittarius/ROS2_CM/ros/ros2_ws/install/hellocm_msgs:${AMENT_PREFIX_PATH} CMAKE_PREFIX_PATH=/home/sagittarius/ROS2_CM/ros/ros2_ws/install/hellocm_msgs:/opt/ros/humble:/opt/ros/ros2 LD_LIBRARY_PATH=/home/sagittarius/ROS2_CM/ros/ros2_ws/install/hellocm_msgs/lib:${LD_LIBRARY_PATH} PYTHONPATH=/home/sagittarius/ROS2_CM/ros/ros2_ws/install/hellocm_msgs/local/lib/python3.10/dist-packages:${PYTHONPATH} /usr/bin/cmake /home/sagittarius/ROS2_CM/ros/ros2_ws/src/hellocm -DCARMAKER_VER:STRING=12.0.1 -DCARMAKER_DIR:PATH=/opt/ipg/carmaker/linux64-12.0.1 --no-warn-unused-cli -DCMAKE_INSTALL_PREFIX=/home/sagittarius/ROS2_CM/ros/ros2_ws/install/hellocm
[5.853s] DEBUG:colcon.colcon_core.event_handler.log_command:Invoked command in '/home/sagittarius/ROS2_CM/ros/ros2_ws/build/hellocm' returned '0': AMENT_PREFIX_PATH=/home/sagittarius/ROS2_CM/ros/ros2_ws/install/hellocm_msgs:${AMENT_PREFIX_PATH} CMAKE_PREFIX_PATH=/home/sagittarius/ROS2_CM/ros/ros2_ws/install/hellocm_msgs:/opt/ros/humble:/opt/ros/ros2 LD_LIBRARY_PATH=/home/sagittarius/ROS2_CM/ros/ros2_ws/install/hellocm_msgs/lib:${LD_LIBRARY_PATH} PYTHONPATH=/home/sagittarius/ROS2_CM/ros/ros2_ws/install/hellocm_msgs/local/lib/python3.10/dist-packages:${PYTHONPATH} /usr/bin/cmake /home/sagittarius/ROS2_CM/ros/ros2_ws/src/hellocm -DCARMAKER_VER:STRING=12.0.1 -DCARMAKER_DIR:PATH=/opt/ipg/carmaker/linux64-12.0.1 --no-warn-unused-cli -DCMAKE_INSTALL_PREFIX=/home/sagittarius/ROS2_CM/ros/ros2_ws/install/hellocm
[5.853s] DEBUG:colcon.colcon_core.event_handler.log_command:Invoking command in '/home/sagittarius/ROS2_CM/ros/ros2_ws/build/hellocm': AMENT_PREFIX_PATH=/home/sagittarius/ROS2_CM/ros/ros2_ws/install/hellocm_msgs:${AMENT_PREFIX_PATH} CMAKE_PREFIX_PATH=/home/sagittarius/ROS2_CM/ros/ros2_ws/install/hellocm_msgs:/opt/ros/humble:/opt/ros/ros2 LD_LIBRARY_PATH=/home/sagittarius/ROS2_CM/ros/ros2_ws/install/hellocm_msgs/lib:${LD_LIBRARY_PATH} PYTHONPATH=/home/sagittarius/ROS2_CM/ros/ros2_ws/install/hellocm_msgs/local/lib/python3.10/dist-packages:${PYTHONPATH} /usr/bin/cmake --build /home/sagittarius/ROS2_CM/ros/ros2_ws/build/hellocm -- -j20 -l20
[7.223s] DEBUG:colcon.colcon_core.event_handler.log_command:Invoked command in '/home/sagittarius/ROS2_CM/ros/ros2_ws/build/cmrosutils' returned '0': CMAKE_PREFIX_PATH=/opt/ros/humble:/opt/ros/ros2 /usr/bin/cmake --build /home/sagittarius/ROS2_CM/ros/ros2_ws/build/cmrosutils -- -j20 -l20
[7.261s] DEBUG:colcon.colcon_core.event_handler.log_command:Invoking command in '/home/sagittarius/ROS2_CM/ros/ros2_ws/build/cmrosutils': CMAKE_PREFIX_PATH=/opt/ros/humble:/opt/ros/ros2 /usr/bin/cmake --install /home/sagittarius/ROS2_CM/ros/ros2_ws/build/cmrosutils
[7.304s] Level 1:colcon.colcon_core.environment:create_environment_scripts_only(cmrosutils)
[7.304s] DEBUG:colcon.colcon_core.event_handler.log_command:Invoked command in '/home/sagittarius/ROS2_CM/ros/ros2_ws/build/cmrosutils' returned '0': CMAKE_PREFIX_PATH=/opt/ros/humble:/opt/ros/ros2 /usr/bin/cmake --install /home/sagittarius/ROS2_CM/ros/ros2_ws/build/cmrosutils
[7.316s] Level 1:colcon.colcon_core.environment:checking '/home/sagittarius/ROS2_CM/ros/ros2_ws/install/cmrosutils' for CMake module files
[7.316s] Level 1:colcon.colcon_core.environment:checking '/home/sagittarius/ROS2_CM/ros/ros2_ws/install/cmrosutils' for CMake config files
[7.316s] Level 1:colcon.colcon_core.shell:create_environment_hook('cmrosutils', 'cmake_prefix_path')
[7.324s] INFO:colcon.colcon_core.shell:Creating environment hook '/home/sagittarius/ROS2_CM/ros/ros2_ws/install/cmrosutils/share/cmrosutils/hook/cmake_prefix_path.ps1'
[7.324s] INFO:colcon.colcon_core.shell:Creating environment descriptor '/home/sagittarius/ROS2_CM/ros/ros2_ws/install/cmrosutils/share/cmrosutils/hook/cmake_prefix_path.dsv'
[7.324s] INFO:colcon.colcon_core.shell:Creating environment hook '/home/sagittarius/ROS2_CM/ros/ros2_ws/install/cmrosutils/share/cmrosutils/hook/cmake_prefix_path.sh'
[7.324s] Level 1:colcon.colcon_core.environment:checking '/home/sagittarius/ROS2_CM/ros/ros2_ws/install/cmrosutils/lib'
[7.324s] Level 1:colcon.colcon_core.shell:create_environment_hook('cmrosutils', 'ld_library_path_lib')
[7.332s] INFO:colcon.colcon_core.shell:Creating environment hook '/home/sagittarius/ROS2_CM/ros/ros2_ws/install/cmrosutils/share/cmrosutils/hook/ld_library_path_lib.ps1'
[7.332s] INFO:colcon.colcon_core.shell:Creating environment descriptor '/home/sagittarius/ROS2_CM/ros/ros2_ws/install/cmrosutils/share/cmrosutils/hook/ld_library_path_lib.dsv'
[7.332s] INFO:colcon.colcon_core.shell:Creating environment hook '/home/sagittarius/ROS2_CM/ros/ros2_ws/install/cmrosutils/share/cmrosutils/hook/ld_library_path_lib.sh'
[7.332s] Level 1:colcon.colcon_core.environment:checking '/home/sagittarius/ROS2_CM/ros/ros2_ws/install/cmrosutils/bin'
[7.332s] Level 1:colcon.colcon_core.environment:checking '/home/sagittarius/ROS2_CM/ros/ros2_ws/install/cmrosutils/lib/pkgconfig/cmrosutils.pc'
[7.332s] Level 1:colcon.colcon_core.environment:checking '/home/sagittarius/ROS2_CM/ros/ros2_ws/install/cmrosutils/lib/python3.10/site-packages'
[7.332s] Level 1:colcon.colcon_core.environment:checking '/home/sagittarius/ROS2_CM/ros/ros2_ws/install/cmrosutils/bin'
[7.340s] INFO:colcon.colcon_core.shell:Creating package script '/home/sagittarius/ROS2_CM/ros/ros2_ws/install/cmrosutils/share/cmrosutils/package.ps1'
[7.340s] INFO:colcon.colcon_core.shell:Creating package descriptor '/home/sagittarius/ROS2_CM/ros/ros2_ws/install/cmrosutils/share/cmrosutils/package.dsv'
[7.340s] INFO:colcon.colcon_core.shell:Creating package script '/home/sagittarius/ROS2_CM/ros/ros2_ws/install/cmrosutils/share/cmrosutils/package.sh'
[7.340s] INFO:colcon.colcon_core.shell:Creating package script '/home/sagittarius/ROS2_CM/ros/ros2_ws/install/cmrosutils/share/cmrosutils/package.bash'
[7.341s] INFO:colcon.colcon_core.shell:Creating package script '/home/sagittarius/ROS2_CM/ros/ros2_ws/install/cmrosutils/share/cmrosutils/package.zsh'
[7.341s] Level 1:colcon.colcon_core.environment:create_file_with_runtime_dependencies(/home/sagittarius/ROS2_CM/ros/ros2_ws/install/cmrosutils/share/colcon-core/packages/cmrosutils)
[7.386s] Level 1:colcon.colcon_core.environment:create_environment_scripts_only(cmrosutils)
[7.394s] Level 1:colcon.colcon_core.environment:checking '/home/sagittarius/ROS2_CM/ros/ros2_ws/install/cmrosutils' for CMake module files
[7.394s] Level 1:colcon.colcon_core.environment:checking '/home/sagittarius/ROS2_CM/ros/ros2_ws/install/cmrosutils' for CMake config files
[7.394s] Level 1:colcon.colcon_core.shell:create_environment_hook('cmrosutils', 'cmake_prefix_path')
[7.401s] INFO:colcon.colcon_core.shell:Creating environment hook '/home/sagittarius/ROS2_CM/ros/ros2_ws/install/cmrosutils/share/cmrosutils/hook/cmake_prefix_path.ps1'
[7.402s] INFO:colcon.colcon_core.shell:Creating environment descriptor '/home/sagittarius/ROS2_CM/ros/ros2_ws/install/cmrosutils/share/cmrosutils/hook/cmake_prefix_path.dsv'
[7.402s] INFO:colcon.colcon_core.shell:Creating environment hook '/home/sagittarius/ROS2_CM/ros/ros2_ws/install/cmrosutils/share/cmrosutils/hook/cmake_prefix_path.sh'
[7.402s] Level 1:colcon.colcon_core.environment:checking '/home/sagittarius/ROS2_CM/ros/ros2_ws/install/cmrosutils/lib'
[7.402s] Level 1:colcon.colcon_core.shell:create_environment_hook('cmrosutils', 'ld_library_path_lib')
[7.409s] INFO:colcon.colcon_core.shell:Creating environment hook '/home/sagittarius/ROS2_CM/ros/ros2_ws/install/cmrosutils/share/cmrosutils/hook/ld_library_path_lib.ps1'
[7.409s] INFO:colcon.colcon_core.shell:Creating environment descriptor '/home/sagittarius/ROS2_CM/ros/ros2_ws/install/cmrosutils/share/cmrosutils/hook/ld_library_path_lib.dsv'
[7.410s] INFO:colcon.colcon_core.shell:Creating environment hook '/home/sagittarius/ROS2_CM/ros/ros2_ws/install/cmrosutils/share/cmrosutils/hook/ld_library_path_lib.sh'
[7.410s] Level 1:colcon.colcon_core.environment:checking '/home/sagittarius/ROS2_CM/ros/ros2_ws/install/cmrosutils/bin'
[7.410s] Level 1:colcon.colcon_core.environment:checking '/home/sagittarius/ROS2_CM/ros/ros2_ws/install/cmrosutils/lib/pkgconfig/cmrosutils.pc'
[7.410s] Level 1:colcon.colcon_core.environment:checking '/home/sagittarius/ROS2_CM/ros/ros2_ws/install/cmrosutils/lib/python3.10/site-packages'
[7.410s] Level 1:colcon.colcon_core.environment:checking '/home/sagittarius/ROS2_CM/ros/ros2_ws/install/cmrosutils/bin'
[7.417s] INFO:colcon.colcon_core.shell:Creating package script '/home/sagittarius/ROS2_CM/ros/ros2_ws/install/cmrosutils/share/cmrosutils/package.ps1'
[7.418s] INFO:colcon.colcon_core.shell:Creating package descriptor '/home/sagittarius/ROS2_CM/ros/ros2_ws/install/cmrosutils/share/cmrosutils/package.dsv'
[7.418s] INFO:colcon.colcon_core.shell:Creating package script '/home/sagittarius/ROS2_CM/ros/ros2_ws/install/cmrosutils/share/cmrosutils/package.sh'
[7.418s] INFO:colcon.colcon_core.shell:Creating package script '/home/sagittarius/ROS2_CM/ros/ros2_ws/install/cmrosutils/share/cmrosutils/package.bash'
[7.418s] INFO:colcon.colcon_core.shell:Creating package script '/home/sagittarius/ROS2_CM/ros/ros2_ws/install/cmrosutils/share/cmrosutils/package.zsh'
[7.418s] Level 1:colcon.colcon_core.environment:create_file_with_runtime_dependencies(/home/sagittarius/ROS2_CM/ros/ros2_ws/install/cmrosutils/share/colcon-core/packages/cmrosutils)
[7.419s] INFO:colcon.colcon_ros.task.ament_cmake.build:Building ROS package in '/home/sagittarius/ROS2_CM/ros/ros2_ws/src/cmnode_hellocm' with build type 'ament_cmake'
[7.419s] INFO:colcon.colcon_cmake.task.cmake.build:Building CMake package in '/home/sagittarius/ROS2_CM/ros/ros2_ws/src/cmnode_hellocm'
[7.426s] INFO:colcon.colcon_core.shell:Skip shell extension 'powershell' for command environment: Not usable outside of PowerShell
[7.427s] DEBUG:colcon.colcon_core.shell:Skip shell extension 'dsv' for command environment
[7.456s] DEBUG:colcon.colcon_core.event_handler.log_command:Invoking command in '/home/sagittarius/ROS2_CM/ros/ros2_ws/build/cmnode_hellocm': AMENT_PREFIX_PATH=/home/sagittarius/ROS2_CM/ros/ros2_ws/install/hellocm_msgs:/home/sagittarius/ROS2_CM/ros/ros2_ws/install/cmrosutils:${AMENT_PREFIX_PATH} CMAKE_PREFIX_PATH=/home/sagittarius/ROS2_CM/ros/ros2_ws/install/hellocm_msgs:/home/sagittarius/ROS2_CM/ros/ros2_ws/install/cmrosutils:/opt/ros/humble:/opt/ros/ros2 LD_LIBRARY_PATH=/home/sagittarius/ROS2_CM/ros/ros2_ws/install/hellocm_msgs/lib:/home/sagittarius/ROS2_CM/ros/ros2_ws/install/cmrosutils/lib:${LD_LIBRARY_PATH} PYTHONPATH=/home/sagittarius/ROS2_CM/ros/ros2_ws/install/hellocm_msgs/local/lib/python3.10/dist-packages:/home/sagittarius/ROS2_CM/ros/ros2_ws/install/cmrosutils/local/lib/python3.10/dist-packages:${PYTHONPATH} /usr/bin/cmake /home/sagittarius/ROS2_CM/ros/ros2_ws/src/cmnode_hellocm -DCARMAKER_VER:STRING=12.0.1 -DCARMAKER_DIR:PATH=/opt/ipg/carmaker/linux64-12.0.1 --no-warn-unused-cli -DCMAKE_INSTALL_PREFIX=/home/sagittarius/ROS2_CM/ros/ros2_ws/install/cmnode_hellocm
[8.356s] DEBUG:colcon.colcon_core.event_handler.log_command:Invoked command in '/home/sagittarius/ROS2_CM/ros/ros2_ws/build/cmnode_hellocm' returned '0': AMENT_PREFIX_PATH=/home/sagittarius/ROS2_CM/ros/ros2_ws/install/hellocm_msgs:/home/sagittarius/ROS2_CM/ros/ros2_ws/install/cmrosutils:${AMENT_PREFIX_PATH} CMAKE_PREFIX_PATH=/home/sagittarius/ROS2_CM/ros/ros2_ws/install/hellocm_msgs:/home/sagittarius/ROS2_CM/ros/ros2_ws/install/cmrosutils:/opt/ros/humble:/opt/ros/ros2 LD_LIBRARY_PATH=/home/sagittarius/ROS2_CM/ros/ros2_ws/install/hellocm_msgs/lib:/home/sagittarius/ROS2_CM/ros/ros2_ws/install/cmrosutils/lib:${LD_LIBRARY_PATH} PYTHONPATH=/home/sagittarius/ROS2_CM/ros/ros2_ws/install/hellocm_msgs/local/lib/python3.10/dist-packages:/home/sagittarius/ROS2_CM/ros/ros2_ws/install/cmrosutils/local/lib/python3.10/dist-packages:${PYTHONPATH} /usr/bin/cmake /home/sagittarius/ROS2_CM/ros/ros2_ws/src/cmnode_hellocm -DCARMAKER_VER:STRING=12.0.1 -DCARMAKER_DIR:PATH=/opt/ipg/carmaker/linux64-12.0.1 --no-warn-unused-cli -DCMAKE_INSTALL_PREFIX=/home/sagittarius/ROS2_CM/ros/ros2_ws/install/cmnode_hellocm
[8.357s] DEBUG:colcon.colcon_core.event_handler.log_command:Invoking command in '/home/sagittarius/ROS2_CM/ros/ros2_ws/build/cmnode_hellocm': AMENT_PREFIX_PATH=/home/sagittarius/ROS2_CM/ros/ros2_ws/install/hellocm_msgs:/home/sagittarius/ROS2_CM/ros/ros2_ws/install/cmrosutils:${AMENT_PREFIX_PATH} CMAKE_PREFIX_PATH=/home/sagittarius/ROS2_CM/ros/ros2_ws/install/hellocm_msgs:/home/sagittarius/ROS2_CM/ros/ros2_ws/install/cmrosutils:/opt/ros/humble:/opt/ros/ros2 LD_LIBRARY_PATH=/home/sagittarius/ROS2_CM/ros/ros2_ws/install/hellocm_msgs/lib:/home/sagittarius/ROS2_CM/ros/ros2_ws/install/cmrosutils/lib:${LD_LIBRARY_PATH} PYTHONPATH=/home/sagittarius/ROS2_CM/ros/ros2_ws/install/hellocm_msgs/local/lib/python3.10/dist-packages:/home/sagittarius/ROS2_CM/ros/ros2_ws/install/cmrosutils/local/lib/python3.10/dist-packages:${PYTHONPATH} /usr/bin/cmake --build /home/sagittarius/ROS2_CM/ros/ros2_ws/build/cmnode_hellocm -- -j20 -l20
[11.722s] DEBUG:colcon.colcon_core.event_handler.log_command:Invoked command in '/home/sagittarius/ROS2_CM/ros/ros2_ws/build/hellocm' returned '0': AMENT_PREFIX_PATH=/home/sagittarius/ROS2_CM/ros/ros2_ws/install/hellocm_msgs:${AMENT_PREFIX_PATH} CMAKE_PREFIX_PATH=/home/sagittarius/ROS2_CM/ros/ros2_ws/install/hellocm_msgs:/opt/ros/humble:/opt/ros/ros2 LD_LIBRARY_PATH=/home/sagittarius/ROS2_CM/ros/ros2_ws/install/hellocm_msgs/lib:${LD_LIBRARY_PATH} PYTHONPATH=/home/sagittarius/ROS2_CM/ros/ros2_ws/install/hellocm_msgs/local/lib/python3.10/dist-packages:${PYTHONPATH} /usr/bin/cmake --build /home/sagittarius/ROS2_CM/ros/ros2_ws/build/hellocm -- -j20 -l20
[11.740s] DEBUG:colcon.colcon_core.event_handler.log_command:Invoking command in '/home/sagittarius/ROS2_CM/ros/ros2_ws/build/hellocm': AMENT_PREFIX_PATH=/home/sagittarius/ROS2_CM/ros/ros2_ws/install/hellocm_msgs:${AMENT_PREFIX_PATH} CMAKE_PREFIX_PATH=/home/sagittarius/ROS2_CM/ros/ros2_ws/install/hellocm_msgs:/opt/ros/humble:/opt/ros/ros2 LD_LIBRARY_PATH=/home/sagittarius/ROS2_CM/ros/ros2_ws/install/hellocm_msgs/lib:${LD_LIBRARY_PATH} PYTHONPATH=/home/sagittarius/ROS2_CM/ros/ros2_ws/install/hellocm_msgs/local/lib/python3.10/dist-packages:${PYTHONPATH} /usr/bin/cmake --install /home/sagittarius/ROS2_CM/ros/ros2_ws/build/hellocm
[11.748s] Level 1:colcon.colcon_core.environment:create_environment_scripts_only(hellocm)
[11.748s] DEBUG:colcon.colcon_core.event_handler.log_command:Invoked command in '/home/sagittarius/ROS2_CM/ros/ros2_ws/build/hellocm' returned '0': AMENT_PREFIX_PATH=/home/sagittarius/ROS2_CM/ros/ros2_ws/install/hellocm_msgs:${AMENT_PREFIX_PATH} CMAKE_PREFIX_PATH=/home/sagittarius/ROS2_CM/ros/ros2_ws/install/hellocm_msgs:/opt/ros/humble:/opt/ros/ros2 LD_LIBRARY_PATH=/home/sagittarius/ROS2_CM/ros/ros2_ws/install/hellocm_msgs/lib:${LD_LIBRARY_PATH} PYTHONPATH=/home/sagittarius/ROS2_CM/ros/ros2_ws/install/hellocm_msgs/local/lib/python3.10/dist-packages:${PYTHONPATH} /usr/bin/cmake --install /home/sagittarius/ROS2_CM/ros/ros2_ws/build/hellocm
[11.756s] Level 1:colcon.colcon_core.environment:checking '/home/sagittarius/ROS2_CM/ros/ros2_ws/install/hellocm' for CMake module files
[11.756s] Level 1:colcon.colcon_core.environment:checking '/home/sagittarius/ROS2_CM/ros/ros2_ws/install/hellocm' for CMake config files
[11.757s] Level 1:colcon.colcon_core.shell:create_environment_hook('hellocm', 'cmake_prefix_path')
[11.764s] INFO:colcon.colcon_core.shell:Creating environment hook '/home/sagittarius/ROS2_CM/ros/ros2_ws/install/hellocm/share/hellocm/hook/cmake_prefix_path.ps1'
[11.764s] INFO:colcon.colcon_core.shell:Creating environment descriptor '/home/sagittarius/ROS2_CM/ros/ros2_ws/install/hellocm/share/hellocm/hook/cmake_prefix_path.dsv'
[11.764s] INFO:colcon.colcon_core.shell:Creating environment hook '/home/sagittarius/ROS2_CM/ros/ros2_ws/install/hellocm/share/hellocm/hook/cmake_prefix_path.sh'
[11.765s] Level 1:colcon.colcon_core.environment:checking '/home/sagittarius/ROS2_CM/ros/ros2_ws/install/hellocm/lib'
[11.765s] Level 1:colcon.colcon_core.environment:checking '/home/sagittarius/ROS2_CM/ros/ros2_ws/install/hellocm/bin'
[11.765s] Level 1:colcon.colcon_core.environment:checking '/home/sagittarius/ROS2_CM/ros/ros2_ws/install/hellocm/lib/pkgconfig/hellocm.pc'
[11.765s] Level 1:colcon.colcon_core.environment:checking '/home/sagittarius/ROS2_CM/ros/ros2_ws/install/hellocm/lib/python3.10/site-packages'
[11.765s] Level 1:colcon.colcon_core.environment:checking '/home/sagittarius/ROS2_CM/ros/ros2_ws/install/hellocm/bin'
[11.772s] INFO:colcon.colcon_core.shell:Creating package script '/home/sagittarius/ROS2_CM/ros/ros2_ws/install/hellocm/share/hellocm/package.ps1'
[11.772s] INFO:colcon.colcon_core.shell:Creating package descriptor '/home/sagittarius/ROS2_CM/ros/ros2_ws/install/hellocm/share/hellocm/package.dsv'
[11.773s] INFO:colcon.colcon_core.shell:Creating package script '/home/sagittarius/ROS2_CM/ros/ros2_ws/install/hellocm/share/hellocm/package.sh'
[11.773s] INFO:colcon.colcon_core.shell:Creating package script '/home/sagittarius/ROS2_CM/ros/ros2_ws/install/hellocm/share/hellocm/package.bash'
[11.773s] INFO:colcon.colcon_core.shell:Creating package script '/home/sagittarius/ROS2_CM/ros/ros2_ws/install/hellocm/share/hellocm/package.zsh'
[11.773s] Level 1:colcon.colcon_core.environment:create_file_with_runtime_dependencies(/home/sagittarius/ROS2_CM/ros/ros2_ws/install/hellocm/share/colcon-core/packages/hellocm)
[11.797s] Level 1:colcon.colcon_core.environment:create_environment_scripts_only(hellocm)
[11.804s] Level 1:colcon.colcon_core.environment:checking '/home/sagittarius/ROS2_CM/ros/ros2_ws/install/hellocm' for CMake module files
[11.805s] Level 1:colcon.colcon_core.environment:checking '/home/sagittarius/ROS2_CM/ros/ros2_ws/install/hellocm' for CMake config files
[11.805s] Level 1:colcon.colcon_core.shell:create_environment_hook('hellocm', 'cmake_prefix_path')
[11.812s] INFO:colcon.colcon_core.shell:Creating environment hook '/home/sagittarius/ROS2_CM/ros/ros2_ws/install/hellocm/share/hellocm/hook/cmake_prefix_path.ps1'
[11.812s] INFO:colcon.colcon_core.shell:Creating environment descriptor '/home/sagittarius/ROS2_CM/ros/ros2_ws/install/hellocm/share/hellocm/hook/cmake_prefix_path.dsv'
[11.812s] INFO:colcon.colcon_core.shell:Creating environment hook '/home/sagittarius/ROS2_CM/ros/ros2_ws/install/hellocm/share/hellocm/hook/cmake_prefix_path.sh'
[11.813s] Level 1:colcon.colcon_core.environment:checking '/home/sagittarius/ROS2_CM/ros/ros2_ws/install/hellocm/lib'
[11.813s] Level 1:colcon.colcon_core.environment:checking '/home/sagittarius/ROS2_CM/ros/ros2_ws/install/hellocm/bin'
[11.813s] Level 1:colcon.colcon_core.environment:checking '/home/sagittarius/ROS2_CM/ros/ros2_ws/install/hellocm/lib/pkgconfig/hellocm.pc'
[11.813s] Level 1:colcon.colcon_core.environment:checking '/home/sagittarius/ROS2_CM/ros/ros2_ws/install/hellocm/lib/python3.10/site-packages'
[11.813s] Level 1:colcon.colcon_core.environment:checking '/home/sagittarius/ROS2_CM/ros/ros2_ws/install/hellocm/bin'
[11.820s] INFO:colcon.colcon_core.shell:Creating package script '/home/sagittarius/ROS2_CM/ros/ros2_ws/install/hellocm/share/hellocm/package.ps1'
[11.820s] INFO:colcon.colcon_core.shell:Creating package descriptor '/home/sagittarius/ROS2_CM/ros/ros2_ws/install/hellocm/share/hellocm/package.dsv'
[11.821s] INFO:colcon.colcon_core.shell:Creating package script '/home/sagittarius/ROS2_CM/ros/ros2_ws/install/hellocm/share/hellocm/package.sh'
[11.821s] INFO:colcon.colcon_core.shell:Creating package script '/home/sagittarius/ROS2_CM/ros/ros2_ws/install/hellocm/share/hellocm/package.bash'
[11.821s] INFO:colcon.colcon_core.shell:Creating package script '/home/sagittarius/ROS2_CM/ros/ros2_ws/install/hellocm/share/hellocm/package.zsh'
[11.821s] Level 1:colcon.colcon_core.environment:create_file_with_runtime_dependencies(/home/sagittarius/ROS2_CM/ros/ros2_ws/install/hellocm/share/colcon-core/packages/hellocm)
[14.241s] DEBUG:colcon.colcon_core.event_handler.log_command:Invoked command in '/home/sagittarius/ROS2_CM/ros/ros2_ws/build/cmnode_hellocm' returned '0': AMENT_PREFIX_PATH=/home/sagittarius/ROS2_CM/ros/ros2_ws/install/hellocm_msgs:/home/sagittarius/ROS2_CM/ros/ros2_ws/install/cmrosutils:${AMENT_PREFIX_PATH} CMAKE_PREFIX_PATH=/home/sagittarius/ROS2_CM/ros/ros2_ws/install/hellocm_msgs:/home/sagittarius/ROS2_CM/ros/ros2_ws/install/cmrosutils:/opt/ros/humble:/opt/ros/ros2 LD_LIBRARY_PATH=/home/sagittarius/ROS2_CM/ros/ros2_ws/install/hellocm_msgs/lib:/home/sagittarius/ROS2_CM/ros/ros2_ws/install/cmrosutils/lib:${LD_LIBRARY_PATH} PYTHONPATH=/home/sagittarius/ROS2_CM/ros/ros2_ws/install/hellocm_msgs/local/lib/python3.10/dist-packages:/home/sagittarius/ROS2_CM/ros/ros2_ws/install/cmrosutils/local/lib/python3.10/dist-packages:${PYTHONPATH} /usr/bin/cmake --build /home/sagittarius/ROS2_CM/ros/ros2_ws/build/cmnode_hellocm -- -j20 -l20
[14.257s] DEBUG:colcon.colcon_core.event_handler.log_command:Invoking command in '/home/sagittarius/ROS2_CM/ros/ros2_ws/build/cmnode_hellocm': AMENT_PREFIX_PATH=/home/sagittarius/ROS2_CM/ros/ros2_ws/install/hellocm_msgs:/home/sagittarius/ROS2_CM/ros/ros2_ws/install/cmrosutils:${AMENT_PREFIX_PATH} CMAKE_PREFIX_PATH=/home/sagittarius/ROS2_CM/ros/ros2_ws/install/hellocm_msgs:/home/sagittarius/ROS2_CM/ros/ros2_ws/install/cmrosutils:/opt/ros/humble:/opt/ros/ros2 LD_LIBRARY_PATH=/home/sagittarius/ROS2_CM/ros/ros2_ws/install/hellocm_msgs/lib:/home/sagittarius/ROS2_CM/ros/ros2_ws/install/cmrosutils/lib:${LD_LIBRARY_PATH} PYTHONPATH=/home/sagittarius/ROS2_CM/ros/ros2_ws/install/hellocm_msgs/local/lib/python3.10/dist-packages:/home/sagittarius/ROS2_CM/ros/ros2_ws/install/cmrosutils/local/lib/python3.10/dist-packages:${PYTHONPATH} /usr/bin/cmake --install /home/sagittarius/ROS2_CM/ros/ros2_ws/build/cmnode_hellocm
[14.271s] Level 1:colcon.colcon_core.environment:create_environment_scripts_only(cmnode_hellocm)
[14.272s] DEBUG:colcon.colcon_core.event_handler.log_command:Invoked command in '/home/sagittarius/ROS2_CM/ros/ros2_ws/build/cmnode_hellocm' returned '0': AMENT_PREFIX_PATH=/home/sagittarius/ROS2_CM/ros/ros2_ws/install/hellocm_msgs:/home/sagittarius/ROS2_CM/ros/ros2_ws/install/cmrosutils:${AMENT_PREFIX_PATH} CMAKE_PREFIX_PATH=/home/sagittarius/ROS2_CM/ros/ros2_ws/install/hellocm_msgs:/home/sagittarius/ROS2_CM/ros/ros2_ws/install/cmrosutils:/opt/ros/humble:/opt/ros/ros2 LD_LIBRARY_PATH=/home/sagittarius/ROS2_CM/ros/ros2_ws/install/hellocm_msgs/lib:/home/sagittarius/ROS2_CM/ros/ros2_ws/install/cmrosutils/lib:${LD_LIBRARY_PATH} PYTHONPATH=/home/sagittarius/ROS2_CM/ros/ros2_ws/install/hellocm_msgs/local/lib/python3.10/dist-packages:/home/sagittarius/ROS2_CM/ros/ros2_ws/install/cmrosutils/local/lib/python3.10/dist-packages:${PYTHONPATH} /usr/bin/cmake --install /home/sagittarius/ROS2_CM/ros/ros2_ws/build/cmnode_hellocm
[14.281s] Level 1:colcon.colcon_core.environment:checking '/home/sagittarius/ROS2_CM/ros/ros2_ws/install/cmnode_hellocm' for CMake module files
[14.281s] Level 1:colcon.colcon_core.environment:checking '/home/sagittarius/ROS2_CM/ros/ros2_ws/install/cmnode_hellocm' for CMake config files
[14.281s] Level 1:colcon.colcon_core.shell:create_environment_hook('cmnode_hellocm', 'cmake_prefix_path')
[14.288s] INFO:colcon.colcon_core.shell:Creating environment hook '/home/sagittarius/ROS2_CM/ros/ros2_ws/install/cmnode_hellocm/share/cmnode_hellocm/hook/cmake_prefix_path.ps1'
[14.289s] INFO:colcon.colcon_core.shell:Creating environment descriptor '/home/sagittarius/ROS2_CM/ros/ros2_ws/install/cmnode_hellocm/share/cmnode_hellocm/hook/cmake_prefix_path.dsv'
[14.289s] INFO:colcon.colcon_core.shell:Creating environment hook '/home/sagittarius/ROS2_CM/ros/ros2_ws/install/cmnode_hellocm/share/cmnode_hellocm/hook/cmake_prefix_path.sh'
[14.289s] Level 1:colcon.colcon_core.environment:checking '/home/sagittarius/ROS2_CM/ros/ros2_ws/install/cmnode_hellocm/lib'
[14.289s] Level 1:colcon.colcon_core.shell:create_environment_hook('cmnode_hellocm', 'ld_library_path_lib')
[14.296s] INFO:colcon.colcon_core.shell:Creating environment hook '/home/sagittarius/ROS2_CM/ros/ros2_ws/install/cmnode_hellocm/share/cmnode_hellocm/hook/ld_library_path_lib.ps1'
[14.296s] INFO:colcon.colcon_core.shell:Creating environment descriptor '/home/sagittarius/ROS2_CM/ros/ros2_ws/install/cmnode_hellocm/share/cmnode_hellocm/hook/ld_library_path_lib.dsv'
[14.296s] INFO:colcon.colcon_core.shell:Creating environment hook '/home/sagittarius/ROS2_CM/ros/ros2_ws/install/cmnode_hellocm/share/cmnode_hellocm/hook/ld_library_path_lib.sh'
[14.297s] Level 1:colcon.colcon_core.environment:checking '/home/sagittarius/ROS2_CM/ros/ros2_ws/install/cmnode_hellocm/bin'
[14.297s] Level 1:colcon.colcon_core.environment:checking '/home/sagittarius/ROS2_CM/ros/ros2_ws/install/cmnode_hellocm/lib/pkgconfig/cmnode_hellocm.pc'
[14.297s] Level 1:colcon.colcon_core.environment:checking '/home/sagittarius/ROS2_CM/ros/ros2_ws/install/cmnode_hellocm/lib/python3.10/site-packages'
[14.297s] Level 1:colcon.colcon_core.environment:checking '/home/sagittarius/ROS2_CM/ros/ros2_ws/install/cmnode_hellocm/bin'
[14.304s] INFO:colcon.colcon_core.shell:Creating package script '/home/sagittarius/ROS2_CM/ros/ros2_ws/install/cmnode_hellocm/share/cmnode_hellocm/package.ps1'
[14.305s] INFO:colcon.colcon_core.shell:Creating package descriptor '/home/sagittarius/ROS2_CM/ros/ros2_ws/install/cmnode_hellocm/share/cmnode_hellocm/package.dsv'
[14.305s] INFO:colcon.colcon_core.shell:Creating package script '/home/sagittarius/ROS2_CM/ros/ros2_ws/install/cmnode_hellocm/share/cmnode_hellocm/package.sh'
[14.305s] INFO:colcon.colcon_core.shell:Creating package script '/home/sagittarius/ROS2_CM/ros/ros2_ws/install/cmnode_hellocm/share/cmnode_hellocm/package.bash'
[14.305s] INFO:colcon.colcon_core.shell:Creating package script '/home/sagittarius/ROS2_CM/ros/ros2_ws/install/cmnode_hellocm/share/cmnode_hellocm/package.zsh'
[14.305s] Level 1:colcon.colcon_core.environment:create_file_with_runtime_dependencies(/home/sagittarius/ROS2_CM/ros/ros2_ws/install/cmnode_hellocm/share/colcon-core/packages/cmnode_hellocm)
[14.329s] Level 1:colcon.colcon_core.environment:create_environment_scripts_only(cmnode_hellocm)
[14.337s] Level 1:colcon.colcon_core.environment:checking '/home/sagittarius/ROS2_CM/ros/ros2_ws/install/cmnode_hellocm' for CMake module files
[14.338s] Level 1:colcon.colcon_core.environment:checking '/home/sagittarius/ROS2_CM/ros/ros2_ws/install/cmnode_hellocm' for CMake config files
[14.338s] Level 1:colcon.colcon_core.shell:create_environment_hook('cmnode_hellocm', 'cmake_prefix_path')
[14.346s] INFO:colcon.colcon_core.shell:Creating environment hook '/home/sagittarius/ROS2_CM/ros/ros2_ws/install/cmnode_hellocm/share/cmnode_hellocm/hook/cmake_prefix_path.ps1'
[14.346s] INFO:colcon.colcon_core.shell:Creating environment descriptor '/home/sagittarius/ROS2_CM/ros/ros2_ws/install/cmnode_hellocm/share/cmnode_hellocm/hook/cmake_prefix_path.dsv'
[14.346s] INFO:colcon.colcon_core.shell:Creating environment hook '/home/sagittarius/ROS2_CM/ros/ros2_ws/install/cmnode_hellocm/share/cmnode_hellocm/hook/cmake_prefix_path.sh'
[14.346s] Level 1:colcon.colcon_core.environment:checking '/home/sagittarius/ROS2_CM/ros/ros2_ws/install/cmnode_hellocm/lib'
[14.346s] Level 1:colcon.colcon_core.shell:create_environment_hook('cmnode_hellocm', 'ld_library_path_lib')
[14.353s] INFO:colcon.colcon_core.shell:Creating environment hook '/home/sagittarius/ROS2_CM/ros/ros2_ws/install/cmnode_hellocm/share/cmnode_hellocm/hook/ld_library_path_lib.ps1'
[14.354s] INFO:colcon.colcon_core.shell:Creating environment descriptor '/home/sagittarius/ROS2_CM/ros/ros2_ws/install/cmnode_hellocm/share/cmnode_hellocm/hook/ld_library_path_lib.dsv'
[14.354s] INFO:colcon.colcon_core.shell:Creating environment hook '/home/sagittarius/ROS2_CM/ros/ros2_ws/install/cmnode_hellocm/share/cmnode_hellocm/hook/ld_library_path_lib.sh'
[14.354s] Level 1:colcon.colcon_core.environment:checking '/home/sagittarius/ROS2_CM/ros/ros2_ws/install/cmnode_hellocm/bin'
[14.354s] Level 1:colcon.colcon_core.environment:checking '/home/sagittarius/ROS2_CM/ros/ros2_ws/install/cmnode_hellocm/lib/pkgconfig/cmnode_hellocm.pc'
[14.354s] Level 1:colcon.colcon_core.environment:checking '/home/sagittarius/ROS2_CM/ros/ros2_ws/install/cmnode_hellocm/lib/python3.10/site-packages'
[14.354s] Level 1:colcon.colcon_core.environment:checking '/home/sagittarius/ROS2_CM/ros/ros2_ws/install/cmnode_hellocm/bin'
[14.362s] INFO:colcon.colcon_core.shell:Creating package script '/home/sagittarius/ROS2_CM/ros/ros2_ws/install/cmnode_hellocm/share/cmnode_hellocm/package.ps1'
[14.362s] INFO:colcon.colcon_core.shell:Creating package descriptor '/home/sagittarius/ROS2_CM/ros/ros2_ws/install/cmnode_hellocm/share/cmnode_hellocm/package.dsv'
[14.362s] INFO:colcon.colcon_core.shell:Creating package script '/home/sagittarius/ROS2_CM/ros/ros2_ws/install/cmnode_hellocm/share/cmnode_hellocm/package.sh'
[14.362s] INFO:colcon.colcon_core.shell:Creating package script '/home/sagittarius/ROS2_CM/ros/ros2_ws/install/cmnode_hellocm/share/cmnode_hellocm/package.bash'
[14.362s] INFO:colcon.colcon_core.shell:Creating package script '/home/sagittarius/ROS2_CM/ros/ros2_ws/install/cmnode_hellocm/share/cmnode_hellocm/package.zsh'
[14.363s] Level 1:colcon.colcon_core.environment:create_file_with_runtime_dependencies(/home/sagittarius/ROS2_CM/ros/ros2_ws/install/cmnode_hellocm/share/colcon-core/packages/cmnode_hellocm)
[14.363s] DEBUG:colcon.colcon_parallel_executor.executor.parallel:closing loop
[14.363s] DEBUG:colcon.colcon_parallel_executor.executor.parallel:loop closed
[14.363s] DEBUG:colcon.colcon_parallel_executor.executor.parallel:run_until_complete finished with '0'
[14.363s] DEBUG:colcon.colcon_core.event_reactor:joining thread
[14.375s] INFO:colcon.colcon_core.plugin_system:Skipping extension 'colcon_notification.desktop_notification.terminal_notifier': Not used on non-Darwin systems
[14.375s] INFO:colcon.colcon_core.plugin_system:Skipping extension 'colcon_notification.desktop_notification.win32': Not used on non-Windows systems
[14.375s] INFO:colcon.colcon_notification.desktop_notification:Sending desktop notification using 'notify2'
[14.401s] DEBUG:colcon.colcon_core.event_reactor:joined thread
[14.409s] INFO:colcon.colcon_core.shell:Creating prefix script '/home/sagittarius/ROS2_CM/ros/ros2_ws/install/local_setup.ps1'
[14.409s] INFO:colcon.colcon_core.shell:Creating prefix util module '/home/sagittarius/ROS2_CM/ros/ros2_ws/install/_local_setup_util_ps1.py'
[14.410s] INFO:colcon.colcon_core.shell:Creating prefix chain script '/home/sagittarius/ROS2_CM/ros/ros2_ws/install/setup.ps1'
[14.418s] INFO:colcon.colcon_core.shell:Creating prefix script '/home/sagittarius/ROS2_CM/ros/ros2_ws/install/local_setup.sh'
[14.419s] INFO:colcon.colcon_core.shell:Creating prefix util module '/home/sagittarius/ROS2_CM/ros/ros2_ws/install/_local_setup_util_sh.py'
[14.419s] INFO:colcon.colcon_core.shell:Creating prefix chain script '/home/sagittarius/ROS2_CM/ros/ros2_ws/install/setup.sh'
[14.427s] INFO:colcon.colcon_core.shell:Creating prefix script '/home/sagittarius/ROS2_CM/ros/ros2_ws/install/local_setup.bash'
[14.427s] INFO:colcon.colcon_core.shell:Creating prefix chain script '/home/sagittarius/ROS2_CM/ros/ros2_ws/install/setup.bash'
[14.435s] INFO:colcon.colcon_core.shell:Creating prefix script '/home/sagittarius/ROS2_CM/ros/ros2_ws/install/local_setup.zsh'
[14.435s] INFO:colcon.colcon_core.shell:Creating prefix chain script '/home/sagittarius/ROS2_CM/ros/ros2_ws/install/setup.zsh'
