Not searching for unused variables given on the command line.
-- The C compiler identification is GNU 11.4.0
-- The CXX compiler identification is GNU 11.4.0
-- Detecting C compiler ABI info
-- Detecting C compiler ABI info - done
-- Check for working C compiler: /usr/bin/cc - skipped
-- Detecting C compile features
-- Detecting C compile features - done
-- Detecting CXX compiler ABI info
-- Detecting CXX compiler ABI info - done
-- Check for working CXX compiler: /usr/bin/c++ - skipped
-- Detecting CXX compile features
-- Detecting CXX compile features - done
-- Found ament_cmake: 1.3.5 (/opt/ros/humble/share/ament_cmake/cmake)
-- Found Python3: /usr/bin/python3.10 (found version "3.10.12") found components: Interpreter 
-- Found rclcpp: 16.0.6 (/opt/ros/humble/share/rclcpp/cmake)
-- Found rosidl_generator_c: 3.1.5 (/opt/ros/humble/share/rosidl_generator_c/cmake)
-- Found rosidl_adapter: 3.1.5 (/opt/ros/humble/share/rosidl_adapter/cmake)
-- Found rosidl_generator_cpp: 3.1.5 (/opt/ros/humble/share/rosidl_generator_cpp/cmake)
-- Using all available rosidl_typesupport_c: rosidl_typesupport_fastrtps_c;rosidl_typesupport_introspection_c
-- Using all available rosidl_typesupport_cpp: rosidl_typesupport_fastrtps_cpp;rosidl_typesupport_introspection_cpp
-- Found rmw_implementation_cmake: 6.1.1 (/opt/ros/humble/share/rmw_implementation_cmake/cmake)
-- Found rmw_fastrtps_cpp: 6.2.4 (/opt/ros/humble/share/rmw_fastrtps_cpp/cmake)
-- Found OpenSSL: /usr/lib/x86_64-linux-gnu/libcrypto.so (found version "3.0.2")  
-- Found FastRTPS: /opt/ros/humble/include  
-- Using RMW implementation 'rmw_fastrtps_cpp' as default
-- Looking for pthread.h
-- Looking for pthread.h - found
-- Performing Test CMAKE_HAVE_LIBC_PTHREAD
-- Performing Test CMAKE_HAVE_LIBC_PTHREAD - Success
-- Found Threads: TRUE  
-- Found hellocm_msgs: 0.1.0 (/home/sagittarius/ROS2_CM/ros/ros2_ws/install/hellocm_msgs/share/hellocm_msgs/cmake)
-- Found ament_lint_auto: 0.12.8 (/opt/ros/humble/share/ament_lint_auto/cmake)
-- Added test 'copyright' to check source files copyright and LICENSE
-- Added test 'cppcheck' to perform static code analysis on C / C++ code
-- Configured cppcheck include dirs: 
-- Configured cppcheck exclude dirs and/or files: 
-- Added test 'cpplint' to check C / C++ code against the Google style
-- Configured cpplint exclude dirs and/or files: 
-- Added test 'flake8' to check Python code syntax and style conventions
-- Added test 'lint_cmake' to check CMake code style
-- Added test 'pep257' to check Python code against some of the docstring style conventions in PEP 257
-- Added test 'uncrustify' to check C / C++ code style
-- Configured uncrustify additional arguments: 
-- Added test 'xmllint' to check XML markup files
-- Configuring done
-- Generating done
-- Build files have been written to: /home/sagittarius/ROS2_CM/ros/ros2_ws/build/hellocm
gmake[1]: Entering directory '/home/sagittarius/ROS2_CM/ros/ros2_ws/build/hellocm'
gmake[2]: Entering directory '/home/sagittarius/ROS2_CM/ros/ros2_ws/build/hellocm'
gmake[3]: Entering directory '/home/sagittarius/ROS2_CM/ros/ros2_ws/build/hellocm'
gmake[3]: Leaving directory '/home/sagittarius/ROS2_CM/ros/ros2_ws/build/hellocm'
gmake[3]: Entering directory '/home/sagittarius/ROS2_CM/ros/ros2_ws/build/hellocm'
[ 50%] [32mBuilding CXX object CMakeFiles/hellocm.dir/src/hellocm.cpp.o[0m
[100%] [32m[1mLinking CXX executable hellocm[0m
gmake[3]: Leaving directory '/home/sagittarius/ROS2_CM/ros/ros2_ws/build/hellocm'
[100%] Built target hellocm
gmake[2]: Leaving directory '/home/sagittarius/ROS2_CM/ros/ros2_ws/build/hellocm'
gmake[1]: Leaving directory '/home/sagittarius/ROS2_CM/ros/ros2_ws/build/hellocm'
-- Install configuration: ""
-- Installing: /home/sagittarius/ROS2_CM/ros/ros2_ws/install/hellocm/lib/hellocm/hellocm
-- Set runtime path of "/home/sagittarius/ROS2_CM/ros/ros2_ws/install/hellocm/lib/hellocm/hellocm" to ""
-- Installing: /home/sagittarius/ROS2_CM/ros/ros2_ws/install/hellocm/share/hellocm//launch
-- Installing: /home/sagittarius/ROS2_CM/ros/ros2_ws/install/hellocm/share/hellocm//launch/hellocm.launch.xml
-- Installing: /home/sagittarius/ROS2_CM/ros/ros2_ws/install/hellocm/share/hellocm//launch/hellocm.launch.py
-- Installing: /home/sagittarius/ROS2_CM/ros/ros2_ws/install/hellocm/share/ament_index/resource_index/package_run_dependencies/hellocm
-- Installing: /home/sagittarius/ROS2_CM/ros/ros2_ws/install/hellocm/share/ament_index/resource_index/parent_prefix_path/hellocm
-- Installing: /home/sagittarius/ROS2_CM/ros/ros2_ws/install/hellocm/share/hellocm/environment/ament_prefix_path.sh
-- Installing: /home/sagittarius/ROS2_CM/ros/ros2_ws/install/hellocm/share/hellocm/environment/ament_prefix_path.dsv
-- Installing: /home/sagittarius/ROS2_CM/ros/ros2_ws/install/hellocm/share/hellocm/environment/path.sh
-- Installing: /home/sagittarius/ROS2_CM/ros/ros2_ws/install/hellocm/share/hellocm/environment/path.dsv
-- Installing: /home/sagittarius/ROS2_CM/ros/ros2_ws/install/hellocm/share/hellocm/local_setup.bash
-- Installing: /home/sagittarius/ROS2_CM/ros/ros2_ws/install/hellocm/share/hellocm/local_setup.sh
-- Installing: /home/sagittarius/ROS2_CM/ros/ros2_ws/install/hellocm/share/hellocm/local_setup.zsh
-- Installing: /home/sagittarius/ROS2_CM/ros/ros2_ws/install/hellocm/share/hellocm/local_setup.dsv
-- Installing: /home/sagittarius/ROS2_CM/ros/ros2_ws/install/hellocm/share/hellocm/package.dsv
-- Installing: /home/sagittarius/ROS2_CM/ros/ros2_ws/install/hellocm/share/ament_index/resource_index/packages/hellocm
-- Installing: /home/sagittarius/ROS2_CM/ros/ros2_ws/install/hellocm/share/hellocm/cmake/hellocmConfig.cmake
-- Installing: /home/sagittarius/ROS2_CM/ros/ros2_ws/install/hellocm/share/hellocm/cmake/hellocmConfig-version.cmake
-- Installing: /home/sagittarius/ROS2_CM/ros/ros2_ws/install/hellocm/share/hellocm/package.xml
