[0.035s] Invoking command in '/home/sagittarius/ROS2_CM/ros/ros2_ws/build/hellocm': AMENT_PREFIX_PATH=/home/sagittarius/ROS2_CM/ros/ros2_ws/install/hellocm_msgs:${AMENT_PREFIX_PATH} CMAKE_PREFIX_PATH=/home/sagittarius/ROS2_CM/ros/ros2_ws/install/hellocm_msgs:/opt/ros/humble:/opt/ros/ros2 LD_LIBRARY_PATH=/home/sagittarius/ROS2_CM/ros/ros2_ws/install/hellocm_msgs/lib:${LD_LIBRARY_PATH} PYTHONPATH=/home/sagittarius/ROS2_CM/ros/ros2_ws/install/hellocm_msgs/local/lib/python3.10/dist-packages:${PYTHONPATH} /usr/bin/cmake /home/sagittarius/ROS2_CM/ros/ros2_ws/src/hellocm -DCARMAKER_VER:STRING=12.0.1 -DCARMAKER_DIR:PATH=/opt/ipg/carmaker/linux64-12.0.1 --no-warn-unused-cli -DCMAKE_INSTALL_PREFIX=/home/sagittarius/ROS2_CM/ros/ros2_ws/install/hellocm
[0.039s] Not searching for unused variables given on the command line.
[0.070s] -- The C compiler identification is GNU 11.4.0
[0.105s] -- The CXX compiler identification is GNU 11.4.0
[0.110s] -- Detecting C compiler ABI info
[0.153s] -- Detecting C compiler ABI info - done
[0.162s] -- Check for working C compiler: /usr/bin/cc - skipped
[0.162s] -- Detecting C compile features
[0.162s] -- Detecting C compile features - done
[0.165s] -- Detecting CXX compiler ABI info
[0.214s] -- Detecting CXX compiler ABI info - done
[0.219s] -- Check for working CXX compiler: /usr/bin/c++ - skipped
[0.219s] -- Detecting CXX compile features
[0.220s] -- Detecting CXX compile features - done
[0.221s] -- Found ament_cmake: 1.3.5 (/opt/ros/humble/share/ament_cmake/cmake)
[0.339s] -- Found Python3: /usr/bin/python3.10 (found version "3.10.12") found components: Interpreter 
[0.394s] -- Found rclcpp: 16.0.6 (/opt/ros/humble/share/rclcpp/cmake)
[0.419s] -- Found rosidl_generator_c: 3.1.5 (/opt/ros/humble/share/rosidl_generator_c/cmake)
[0.421s] -- Found rosidl_adapter: 3.1.5 (/opt/ros/humble/share/rosidl_adapter/cmake)
[0.426s] -- Found rosidl_generator_cpp: 3.1.5 (/opt/ros/humble/share/rosidl_generator_cpp/cmake)
[0.435s] -- Using all available rosidl_typesupport_c: rosidl_typesupport_fastrtps_c;rosidl_typesupport_introspection_c
[0.446s] -- Using all available rosidl_typesupport_cpp: rosidl_typesupport_fastrtps_cpp;rosidl_typesupport_introspection_cpp
[0.490s] -- Found rmw_implementation_cmake: 6.1.1 (/opt/ros/humble/share/rmw_implementation_cmake/cmake)
[0.491s] -- Found rmw_fastrtps_cpp: 6.2.4 (/opt/ros/humble/share/rmw_fastrtps_cpp/cmake)
[0.551s] -- Found OpenSSL: /usr/lib/x86_64-linux-gnu/libcrypto.so (found version "3.0.2")  
[0.569s] -- Found FastRTPS: /opt/ros/humble/include  
[0.600s] -- Using RMW implementation 'rmw_fastrtps_cpp' as default
[0.606s] -- Looking for pthread.h
[0.651s] -- Looking for pthread.h - found
[0.651s] -- Performing Test CMAKE_HAVE_LIBC_PTHREAD
[0.698s] -- Performing Test CMAKE_HAVE_LIBC_PTHREAD - Success
[0.699s] -- Found Threads: TRUE  
[0.803s] -- Found hellocm_msgs: 0.1.0 (/home/sagittarius/ROS2_CM/ros/ros2_ws/install/hellocm_msgs/share/hellocm_msgs/cmake)
[0.846s] -- Found ament_lint_auto: 0.12.8 (/opt/ros/humble/share/ament_lint_auto/cmake)
[0.898s] -- Added test 'copyright' to check source files copyright and LICENSE
[0.898s] -- Added test 'cppcheck' to perform static code analysis on C / C++ code
[0.898s] -- Configured cppcheck include dirs: 
[0.898s] -- Configured cppcheck exclude dirs and/or files: 
[0.898s] -- Added test 'cpplint' to check C / C++ code against the Google style
[0.899s] -- Configured cpplint exclude dirs and/or files: 
[0.899s] -- Added test 'flake8' to check Python code syntax and style conventions
[0.899s] -- Added test 'lint_cmake' to check CMake code style
[0.899s] -- Added test 'pep257' to check Python code against some of the docstring style conventions in PEP 257
[0.900s] -- Added test 'uncrustify' to check C / C++ code style
[0.900s] -- Configured uncrustify additional arguments: 
[0.900s] -- Added test 'xmllint' to check XML markup files
[0.901s] -- Configuring done
[0.906s] -- Generating done
[0.907s] -- Build files have been written to: /home/sagittarius/ROS2_CM/ros/ros2_ws/build/hellocm
[0.914s] Invoked command in '/home/sagittarius/ROS2_CM/ros/ros2_ws/build/hellocm' returned '0': AMENT_PREFIX_PATH=/home/sagittarius/ROS2_CM/ros/ros2_ws/install/hellocm_msgs:${AMENT_PREFIX_PATH} CMAKE_PREFIX_PATH=/home/sagittarius/ROS2_CM/ros/ros2_ws/install/hellocm_msgs:/opt/ros/humble:/opt/ros/ros2 LD_LIBRARY_PATH=/home/sagittarius/ROS2_CM/ros/ros2_ws/install/hellocm_msgs/lib:${LD_LIBRARY_PATH} PYTHONPATH=/home/sagittarius/ROS2_CM/ros/ros2_ws/install/hellocm_msgs/local/lib/python3.10/dist-packages:${PYTHONPATH} /usr/bin/cmake /home/sagittarius/ROS2_CM/ros/ros2_ws/src/hellocm -DCARMAKER_VER:STRING=12.0.1 -DCARMAKER_DIR:PATH=/opt/ipg/carmaker/linux64-12.0.1 --no-warn-unused-cli -DCMAKE_INSTALL_PREFIX=/home/sagittarius/ROS2_CM/ros/ros2_ws/install/hellocm
[0.914s] Invoking command in '/home/sagittarius/ROS2_CM/ros/ros2_ws/build/hellocm': AMENT_PREFIX_PATH=/home/sagittarius/ROS2_CM/ros/ros2_ws/install/hellocm_msgs:${AMENT_PREFIX_PATH} CMAKE_PREFIX_PATH=/home/sagittarius/ROS2_CM/ros/ros2_ws/install/hellocm_msgs:/opt/ros/humble:/opt/ros/ros2 LD_LIBRARY_PATH=/home/sagittarius/ROS2_CM/ros/ros2_ws/install/hellocm_msgs/lib:${LD_LIBRARY_PATH} PYTHONPATH=/home/sagittarius/ROS2_CM/ros/ros2_ws/install/hellocm_msgs/local/lib/python3.10/dist-packages:${PYTHONPATH} /usr/bin/cmake --build /home/sagittarius/ROS2_CM/ros/ros2_ws/build/hellocm -- -j20 -l20
[0.920s] gmake[1]: Entering directory '/home/sagittarius/ROS2_CM/ros/ros2_ws/build/hellocm'
[0.933s] gmake[2]: Entering directory '/home/sagittarius/ROS2_CM/ros/ros2_ws/build/hellocm'
[0.933s] gmake[3]: Entering directory '/home/sagittarius/ROS2_CM/ros/ros2_ws/build/hellocm'
[0.940s] gmake[3]: Leaving directory '/home/sagittarius/ROS2_CM/ros/ros2_ws/build/hellocm'
[0.941s] gmake[3]: Entering directory '/home/sagittarius/ROS2_CM/ros/ros2_ws/build/hellocm'
[0.945s] [ 50%] [32mBuilding CXX object CMakeFiles/hellocm.dir/src/hellocm.cpp.o[0m
[6.501s] [100%] [32m[1mLinking CXX executable hellocm[0m
[6.771s] gmake[3]: Leaving directory '/home/sagittarius/ROS2_CM/ros/ros2_ws/build/hellocm'
[6.776s] [100%] Built target hellocm
[6.777s] gmake[2]: Leaving directory '/home/sagittarius/ROS2_CM/ros/ros2_ws/build/hellocm'
[6.782s] gmake[1]: Leaving directory '/home/sagittarius/ROS2_CM/ros/ros2_ws/build/hellocm'
[6.783s] Invoked command in '/home/sagittarius/ROS2_CM/ros/ros2_ws/build/hellocm' returned '0': AMENT_PREFIX_PATH=/home/sagittarius/ROS2_CM/ros/ros2_ws/install/hellocm_msgs:${AMENT_PREFIX_PATH} CMAKE_PREFIX_PATH=/home/sagittarius/ROS2_CM/ros/ros2_ws/install/hellocm_msgs:/opt/ros/humble:/opt/ros/ros2 LD_LIBRARY_PATH=/home/sagittarius/ROS2_CM/ros/ros2_ws/install/hellocm_msgs/lib:${LD_LIBRARY_PATH} PYTHONPATH=/home/sagittarius/ROS2_CM/ros/ros2_ws/install/hellocm_msgs/local/lib/python3.10/dist-packages:${PYTHONPATH} /usr/bin/cmake --build /home/sagittarius/ROS2_CM/ros/ros2_ws/build/hellocm -- -j20 -l20
[6.801s] Invoking command in '/home/sagittarius/ROS2_CM/ros/ros2_ws/build/hellocm': AMENT_PREFIX_PATH=/home/sagittarius/ROS2_CM/ros/ros2_ws/install/hellocm_msgs:${AMENT_PREFIX_PATH} CMAKE_PREFIX_PATH=/home/sagittarius/ROS2_CM/ros/ros2_ws/install/hellocm_msgs:/opt/ros/humble:/opt/ros/ros2 LD_LIBRARY_PATH=/home/sagittarius/ROS2_CM/ros/ros2_ws/install/hellocm_msgs/lib:${LD_LIBRARY_PATH} PYTHONPATH=/home/sagittarius/ROS2_CM/ros/ros2_ws/install/hellocm_msgs/local/lib/python3.10/dist-packages:${PYTHONPATH} /usr/bin/cmake --install /home/sagittarius/ROS2_CM/ros/ros2_ws/build/hellocm
[6.805s] -- Install configuration: ""
[6.805s] -- Installing: /home/sagittarius/ROS2_CM/ros/ros2_ws/install/hellocm/lib/hellocm/hellocm
[6.807s] -- Set runtime path of "/home/sagittarius/ROS2_CM/ros/ros2_ws/install/hellocm/lib/hellocm/hellocm" to ""
[6.807s] -- Installing: /home/sagittarius/ROS2_CM/ros/ros2_ws/install/hellocm/share/hellocm//launch
[6.807s] -- Installing: /home/sagittarius/ROS2_CM/ros/ros2_ws/install/hellocm/share/hellocm//launch/hellocm.launch.xml
[6.808s] -- Installing: /home/sagittarius/ROS2_CM/ros/ros2_ws/install/hellocm/share/hellocm//launch/hellocm.launch.py
[6.808s] -- Installing: /home/sagittarius/ROS2_CM/ros/ros2_ws/install/hellocm/share/ament_index/resource_index/package_run_dependencies/hellocm
[6.808s] -- Installing: /home/sagittarius/ROS2_CM/ros/ros2_ws/install/hellocm/share/ament_index/resource_index/parent_prefix_path/hellocm
[6.808s] -- Installing: /home/sagittarius/ROS2_CM/ros/ros2_ws/install/hellocm/share/hellocm/environment/ament_prefix_path.sh
[6.808s] -- Installing: /home/sagittarius/ROS2_CM/ros/ros2_ws/install/hellocm/share/hellocm/environment/ament_prefix_path.dsv
[6.808s] -- Installing: /home/sagittarius/ROS2_CM/ros/ros2_ws/install/hellocm/share/hellocm/environment/path.sh
[6.808s] -- Installing: /home/sagittarius/ROS2_CM/ros/ros2_ws/install/hellocm/share/hellocm/environment/path.dsv
[6.808s] -- Installing: /home/sagittarius/ROS2_CM/ros/ros2_ws/install/hellocm/share/hellocm/local_setup.bash
[6.808s] -- Installing: /home/sagittarius/ROS2_CM/ros/ros2_ws/install/hellocm/share/hellocm/local_setup.sh
[6.809s] -- Installing: /home/sagittarius/ROS2_CM/ros/ros2_ws/install/hellocm/share/hellocm/local_setup.zsh
[6.809s] -- Installing: /home/sagittarius/ROS2_CM/ros/ros2_ws/install/hellocm/share/hellocm/local_setup.dsv
[6.809s] -- Installing: /home/sagittarius/ROS2_CM/ros/ros2_ws/install/hellocm/share/hellocm/package.dsv
[6.809s] -- Installing: /home/sagittarius/ROS2_CM/ros/ros2_ws/install/hellocm/share/ament_index/resource_index/packages/hellocm
[6.809s] -- Installing: /home/sagittarius/ROS2_CM/ros/ros2_ws/install/hellocm/share/hellocm/cmake/hellocmConfig.cmake
[6.809s] -- Installing: /home/sagittarius/ROS2_CM/ros/ros2_ws/install/hellocm/share/hellocm/cmake/hellocmConfig-version.cmake
[6.809s] -- Installing: /home/sagittarius/ROS2_CM/ros/ros2_ws/install/hellocm/share/hellocm/package.xml
[6.809s] Invoked command in '/home/sagittarius/ROS2_CM/ros/ros2_ws/build/hellocm' returned '0': AMENT_PREFIX_PATH=/home/sagittarius/ROS2_CM/ros/ros2_ws/install/hellocm_msgs:${AMENT_PREFIX_PATH} CMAKE_PREFIX_PATH=/home/sagittarius/ROS2_CM/ros/ros2_ws/install/hellocm_msgs:/opt/ros/humble:/opt/ros/ros2 LD_LIBRARY_PATH=/home/sagittarius/ROS2_CM/ros/ros2_ws/install/hellocm_msgs/lib:${LD_LIBRARY_PATH} PYTHONPATH=/home/sagittarius/ROS2_CM/ros/ros2_ws/install/hellocm_msgs/local/lib/python3.10/dist-packages:${PYTHONPATH} /usr/bin/cmake --install /home/sagittarius/ROS2_CM/ros/ros2_ws/build/hellocm
